2016-07-19 01:13:16 5808 [Note] Plugin 'FEDERATED' is disabled.
2016-07-19 01:13:16 5808 [Note] InnoDB: The InnoDB memory heap is disabled
2016-07-19 01:13:16 5808 [Note] InnoDB: Mutexes and rw_locks use Windows interlocked functions
2016-07-19 01:13:16 5808 [Note] InnoDB: Compressed tables use zlib 1.2.3
2016-07-19 01:13:16 5808 [Note] InnoDB: Not using CPU crc32 instructions
2016-07-19 01:13:16 5808 [Note] InnoDB: Initializing buffer pool, size = 128.0M
2016-07-19 01:13:16 5808 [Note] InnoDB: Completed initialization of buffer pool
2016-07-19 01:13:16 5808 [Note] InnoDB: Setting log file D:\GitHub\Edu\Edu\mysql\data\ib_logfile101 size to 5 MB
2016-07-19 01:13:16 5808 [Note] InnoDB: Setting log file D:\GitHub\Edu\Edu\mysql\data\ib_logfile1 size to 5 MB
2016-07-19 01:13:16 5808 [Note] InnoDB: Renaming log file D:\GitHub\Edu\Edu\mysql\data\ib_logfile101 to D:\GitHub\Edu\Edu\mysql\data\ib_logfile0
2016-07-19 01:13:16 5808 [Warning] InnoDB: New log files created, LSN=1626134
2016-07-19 01:13:16 5808 [Note] InnoDB: Highest supported file format is Barracuda.
2016-07-19 01:13:17 5808 [Note] InnoDB: 128 rollback segment(s) are active.
2016-07-19 01:13:17 5808 [Note] InnoDB: Waiting for purge to start
2016-07-19 01:13:17 5808 [Note] InnoDB: 5.6.13 started; log sequence number 1626636
2016-07-19 01:13:17 5808 [Warning] No existing UUID has been found, so we assume that this is the first time that this server has been started. Generating a new UUID: 35c5bd5f-4d3d-11e6-8a85-7a79197371cb.
2016-07-19 01:13:17 5808 [Note] Server hostname (bind-address): '*'; port: 3307
2016-07-19 01:13:17 5808 [Note] IPv6 is available.
2016-07-19 01:13:17 5808 [Note]   - '::' resolves to '::';
2016-07-19 01:13:17 5808 [Note] Server socket created on IP: '::'.
2016-07-19 01:13:26 9812 [Note] Plugin 'FEDERATED' is disabled.
2016-07-19 01:13:26 9812 [Note] InnoDB: The InnoDB memory heap is disabled
2016-07-19 01:13:26 9812 [Note] InnoDB: Mutexes and rw_locks use Windows interlocked functions
2016-07-19 01:13:26 9812 [Note] InnoDB: Compressed tables use zlib 1.2.3
2016-07-19 01:13:26 9812 [Note] InnoDB: Not using CPU crc32 instructions
2016-07-19 01:13:26 9812 [Note] InnoDB: Initializing buffer pool, size = 128.0M
2016-07-19 01:13:26 9812 [Note] InnoDB: Completed initialization of buffer pool
2016-07-19 01:13:26 9812 [ERROR] InnoDB: D:\GitHub\Edu\Edu\mysql\data\ib_logfile0 can't be opened in read-write mode
2016-07-19 01:13:26 9812 [ERROR] Plugin 'InnoDB' init function returned error.
2016-07-19 01:13:26 9812 [ERROR] Plugin 'InnoDB' registration as a STORAGE ENGINE failed.
2016-07-19 01:13:26 9812 [ERROR] Unknown/unsupported storage engine: InnoDB
2016-07-19 01:13:26 9812 [ERROR] Aborting

2016-07-19 01:13:26 9812 [Note] Binlog end
2016-07-19 01:13:26 9812 [Note] Shutting down plugin 'partition'
2016-07-19 01:13:26 9812 [Note] Shutting down plugin 'PERFORMANCE_SCHEMA'
2016-07-19 01:13:26 9812 [Note] Shutting down plugin 'INNODB_SYS_DATAFILES'
2016-07-19 01:13:26 9812 [Note] Shutting down plugin 'INNODB_SYS_TABLESPACES'
2016-07-19 01:13:26 9812 [Note] Shutting down plugin 'INNODB_SYS_FOREIGN_COLS'
2016-07-19 01:13:26 9812 [Note] Shutting down plugin 'INNODB_SYS_FOREIGN'
2016-07-19 01:13:26 9812 [Note] Shutting down plugin 'INNODB_SYS_FIELDS'
2016-07-19 01:13:26 9812 [Note] Shutting down plugin 'INNODB_SYS_COLUMNS'
2016-07-19 01:13:26 9812 [Note] Shutting down plugin 'INNODB_SYS_INDEXES'
2016-07-19 01:13:26 9812 [Note] Shutting down plugin 'INNODB_SYS_TABLESTATS'
2016-07-19 01:13:26 9812 [Note] Shutting down plugin 'INNODB_SYS_TABLES'
2016-07-19 01:13:26 9812 [Note] Shutting down plugin 'INNODB_FT_INDEX_TABLE'
2016-07-19 01:13:26 9812 [Note] Shutting down plugin 'INNODB_FT_INDEX_CACHE'
2016-07-19 01:13:26 9812 [Note] Shutting down plugin 'INNODB_FT_CONFIG'
2016-07-19 01:13:26 9812 [Note] Shutting down plugin 'INNODB_FT_BEING_DELETED'
2016-07-19 01:13:26 9812 [Note] Shutting down plugin 'INNODB_FT_DELETED'
2016-07-19 01:13:26 9812 [Note] Shutting down plugin 'INNODB_FT_DEFAULT_STOPWORD'
2016-07-19 01:13:26 9812 [Note] Shutting down plugin 'INNODB_METRICS'
2016-07-19 01:13:26 9812 [Note] Shutting down plugin 'INNODB_BUFFER_POOL_STATS'
2016-07-19 01:13:26 9812 [Note] Shutting down plugin 'INNODB_BUFFER_PAGE_LRU'
2016-07-19 01:13:26 9812 [Note] Shutting down plugin 'INNODB_BUFFER_PAGE'
2016-07-19 01:13:26 9812 [Note] Shutting down plugin 'INNODB_CMP_PER_INDEX_RESET'
2016-07-19 01:13:26 9812 [Note] Shutting down plugin 'INNODB_CMP_PER_INDEX'
2016-07-19 01:13:26 9812 [Note] Shutting down plugin 'INNODB_CMPMEM_RESET'
2016-07-19 01:13:26 9812 [Note] Shutting down plugin 'INNODB_CMPMEM'
2016-07-19 01:13:26 9812 [Note] Shutting down plugin 'INNODB_CMP_RESET'
2016-07-19 01:13:26 9812 [Note] Shutting down plugin 'INNODB_CMP'
2016-07-19 01:13:26 9812 [Note] Shutting down plugin 'INNODB_LOCK_WAITS'
2016-07-19 01:13:26 9812 [Note] Shutting down plugin 'INNODB_LOCKS'
2016-07-19 01:13:26 9812 [Note] Shutting down plugin 'INNODB_TRX'
2016-07-19 01:13:26 9812 [Note] Shutting down plugin 'BLACKHOLE'
2016-07-19 01:13:26 9812 [Note] Shutting down plugin 'ARCHIVE'
2016-07-19 01:13:26 9812 [Note] Shutting down plugin 'MRG_MYISAM'
2016-07-19 01:13:26 9812 [Note] Shutting down plugin 'MyISAM'
2016-07-19 01:13:26 9812 [Note] Shutting down plugin 'MEMORY'
2016-07-19 01:13:26 9812 [Note] Shutting down plugin 'CSV'
2016-07-19 01:13:26 9812 [Note] Shutting down plugin 'sha256_password'
2016-07-19 01:13:26 9812 [Note] Shutting down plugin 'mysql_old_password'
2016-07-19 01:13:26 9812 [Note] Shutting down plugin 'mysql_native_password'
2016-07-19 01:13:26 9812 [Note] Shutting down plugin 'binlog'
2016-07-19 01:13:26 9812 [Note] D:\GitHub\Edu\Edu/mysql/bin/mysqld_usbwv8.exe: Shutdown complete

2016-07-19 01:13:38 4188 [Note] Plugin 'FEDERATED' is disabled.
2016-07-19 01:13:38 4188 [Note] InnoDB: The InnoDB memory heap is disabled
2016-07-19 01:13:38 4188 [Note] InnoDB: Mutexes and rw_locks use Windows interlocked functions
2016-07-19 01:13:38 4188 [Note] InnoDB: Compressed tables use zlib 1.2.3
2016-07-19 01:13:38 4188 [Note] InnoDB: Not using CPU crc32 instructions
2016-07-19 01:13:38 4188 [Note] InnoDB: Initializing buffer pool, size = 128.0M
2016-07-19 01:13:38 4188 [Note] InnoDB: Completed initialization of buffer pool
2016-07-19 01:13:38 4188 [Note] InnoDB: Highest supported file format is Barracuda.
2016-07-19 01:13:38 4188 [Note] InnoDB: The log sequence numbers 1626134 and 1626134 in ibdata files do not match the log sequence number 1626646 in the ib_logfiles!
2016-07-19 01:13:38 4188 [Note] InnoDB: Database was not shutdown normally!
2016-07-19 01:13:38 4188 [Note] InnoDB: Starting crash recovery.
2016-07-19 01:13:38 4188 [Note] InnoDB: Reading tablespace information from the .ibd files...
2016-07-19 01:13:38 4188 [Note] InnoDB: Restoring possible half-written data pages 
2016-07-19 01:13:38 4188 [Note] InnoDB: from the doublewrite buffer...
2016-07-19 01:13:39 4188 [Note] InnoDB: 128 rollback segment(s) are active.
2016-07-19 01:13:39 4188 [Note] InnoDB: Waiting for purge to start
2016-07-19 01:13:39 4188 [Note] InnoDB: 5.6.13 started; log sequence number 1626646
2016-07-19 01:13:39 4188 [Note] Server hostname (bind-address): '*'; port: 3307
2016-07-19 01:13:39 4188 [Note] IPv6 is available.
2016-07-19 01:13:39 4188 [Note]   - '::' resolves to '::';
2016-07-19 01:13:39 4188 [Note] Server socket created on IP: '::'.
2016-07-19 09:55:29 11240 [Note] Plugin 'FEDERATED' is disabled.
2016-07-19 09:55:29 11240 [Note] InnoDB: The InnoDB memory heap is disabled
2016-07-19 09:55:29 11240 [Note] InnoDB: Mutexes and rw_locks use Windows interlocked functions
2016-07-19 09:55:29 11240 [Note] InnoDB: Compressed tables use zlib 1.2.3
2016-07-19 09:55:29 11240 [Note] InnoDB: Not using CPU crc32 instructions
2016-07-19 09:55:29 11240 [Note] InnoDB: Initializing buffer pool, size = 128.0M
2016-07-19 09:55:29 11240 [Note] InnoDB: Completed initialization of buffer pool
2016-07-19 09:55:29 11240 [Note] InnoDB: Highest supported file format is Barracuda.
2016-07-19 09:55:29 11240 [Note] InnoDB: The log sequence numbers 1626134 and 1626134 in ibdata files do not match the log sequence number 1626656 in the ib_logfiles!
2016-07-19 09:55:29 11240 [Note] InnoDB: Database was not shutdown normally!
2016-07-19 09:55:29 11240 [Note] InnoDB: Starting crash recovery.
2016-07-19 09:55:29 11240 [Note] InnoDB: Reading tablespace information from the .ibd files...
2016-07-19 09:55:29 11240 [Note] InnoDB: Restoring possible half-written data pages 
2016-07-19 09:55:29 11240 [Note] InnoDB: from the doublewrite buffer...
2016-07-19 09:55:30 11240 [Note] InnoDB: 128 rollback segment(s) are active.
2016-07-19 09:55:30 11240 [Note] InnoDB: Waiting for purge to start
2016-07-19 09:55:30 11240 [Note] InnoDB: 5.6.13 started; log sequence number 1626656
2016-07-19 09:55:30 11240 [Note] Server hostname (bind-address): '*'; port: 3307
2016-07-19 09:55:30 11240 [Note] IPv6 is available.
2016-07-19 09:55:30 11240 [Note]   - '::' resolves to '::';
2016-07-19 09:55:30 11240 [Note] Server socket created on IP: '::'.
2016-07-19 10:56:08 6420 [Note] Plugin 'FEDERATED' is disabled.
2016-07-19 10:56:08 6420 [Note] InnoDB: The InnoDB memory heap is disabled
2016-07-19 10:56:08 6420 [Note] InnoDB: Mutexes and rw_locks use Windows interlocked functions
2016-07-19 10:56:08 6420 [Note] InnoDB: Compressed tables use zlib 1.2.3
2016-07-19 10:56:08 6420 [Note] InnoDB: Not using CPU crc32 instructions
2016-07-19 10:56:08 6420 [Note] InnoDB: Initializing buffer pool, size = 128.0M
2016-07-19 10:56:08 6420 [Note] InnoDB: Completed initialization of buffer pool
2016-07-19 10:56:08 6420 [Note] InnoDB: Highest supported file format is Barracuda.
2016-07-19 10:56:08 6420 [Note] InnoDB: The log sequence numbers 1626134 and 1626134 in ibdata files do not match the log sequence number 1626666 in the ib_logfiles!
2016-07-19 10:56:08 6420 [Note] InnoDB: Database was not shutdown normally!
2016-07-19 10:56:08 6420 [Note] InnoDB: Starting crash recovery.
2016-07-19 10:56:08 6420 [Note] InnoDB: Reading tablespace information from the .ibd files...
2016-07-19 10:56:08 6420 [Note] InnoDB: Restoring possible half-written data pages 
2016-07-19 10:56:08 6420 [Note] InnoDB: from the doublewrite buffer...
2016-07-19 10:56:08 6420 [Note] InnoDB: 128 rollback segment(s) are active.
2016-07-19 10:56:08 6420 [Note] InnoDB: Waiting for purge to start
2016-07-19 10:56:08 6420 [Note] InnoDB: 5.6.13 started; log sequence number 1626666
2016-07-19 10:56:08 6420 [Note] Server hostname (bind-address): '*'; port: 3307
2016-07-19 10:56:08 6420 [Note] IPv6 is available.
2016-07-19 10:56:08 6420 [Note]   - '::' resolves to '::';
2016-07-19 10:56:08 6420 [Note] Server socket created on IP: '::'.
2016-07-19 11:09:42 12680 [Note] Plugin 'FEDERATED' is disabled.
2016-07-19 11:09:42 12680 [Note] InnoDB: The InnoDB memory heap is disabled
2016-07-19 11:09:42 12680 [Note] InnoDB: Mutexes and rw_locks use Windows interlocked functions
2016-07-19 11:09:42 12680 [Note] InnoDB: Compressed tables use zlib 1.2.3
2016-07-19 11:09:42 12680 [Note] InnoDB: Not using CPU crc32 instructions
2016-07-19 11:09:42 12680 [Note] InnoDB: Initializing buffer pool, size = 128.0M
2016-07-19 11:09:42 12680 [Note] InnoDB: Completed initialization of buffer pool
2016-07-19 11:09:42 12680 [Note] InnoDB: Highest supported file format is Barracuda.
2016-07-19 11:09:42 12680 [Note] InnoDB: The log sequence numbers 1626134 and 1626134 in ibdata files do not match the log sequence number 1626676 in the ib_logfiles!
2016-07-19 11:09:42 12680 [Note] InnoDB: Database was not shutdown normally!
2016-07-19 11:09:42 12680 [Note] InnoDB: Starting crash recovery.
2016-07-19 11:09:42 12680 [Note] InnoDB: Reading tablespace information from the .ibd files...
2016-07-19 11:09:42 12680 [Note] InnoDB: Restoring possible half-written data pages 
2016-07-19 11:09:42 12680 [Note] InnoDB: from the doublewrite buffer...
2016-07-19 11:09:43 12680 [Note] InnoDB: 128 rollback segment(s) are active.
2016-07-19 11:09:43 12680 [Note] InnoDB: Waiting for purge to start
2016-07-19 11:09:43 12680 [Note] InnoDB: 5.6.13 started; log sequence number 1626676
2016-07-19 11:09:43 12680 [Note] Server hostname (bind-address): '*'; port: 3307
2016-07-19 11:09:43 12680 [Note] IPv6 is available.
2016-07-19 11:09:43 12680 [Note]   - '::' resolves to '::';
2016-07-19 11:09:43 12680 [Note] Server socket created on IP: '::'.
2016-07-19 11:10:40 11056 [Note] Plugin 'FEDERATED' is disabled.
2016-07-19 11:10:40 11056 [Note] InnoDB: The InnoDB memory heap is disabled
2016-07-19 11:10:40 11056 [Note] InnoDB: Mutexes and rw_locks use Windows interlocked functions
2016-07-19 11:10:40 11056 [Note] InnoDB: Compressed tables use zlib 1.2.3
2016-07-19 11:10:40 11056 [Note] InnoDB: Not using CPU crc32 instructions
2016-07-19 11:10:40 11056 [Note] InnoDB: Initializing buffer pool, size = 128.0M
2016-07-19 11:10:40 11056 [Note] InnoDB: Completed initialization of buffer pool
2016-07-19 11:10:40 11056 [ERROR] InnoDB: D:\GitHub\Edu\Edu\mysql\data\ib_logfile1 can't be opened in read-write mode
2016-07-19 11:10:40 11056 [ERROR] Plugin 'InnoDB' init function returned error.
2016-07-19 11:10:40 11056 [ERROR] Plugin 'InnoDB' registration as a STORAGE ENGINE failed.
2016-07-19 11:10:40 11056 [ERROR] Unknown/unsupported storage engine: InnoDB
2016-07-19 11:10:40 11056 [ERROR] Aborting

2016-07-19 11:10:40 11056 [Note] Binlog end
2016-07-19 11:10:40 11056 [Note] Shutting down plugin 'partition'
2016-07-19 11:10:40 11056 [Note] Shutting down plugin 'PERFORMANCE_SCHEMA'
2016-07-19 11:10:40 11056 [Note] Shutting down plugin 'INNODB_SYS_DATAFILES'
2016-07-19 11:10:40 11056 [Note] Shutting down plugin 'INNODB_SYS_TABLESPACES'
2016-07-19 11:10:40 11056 [Note] Shutting down plugin 'INNODB_SYS_FOREIGN_COLS'
2016-07-19 11:10:40 11056 [Note] Shutting down plugin 'INNODB_SYS_FOREIGN'
2016-07-19 11:10:40 11056 [Note] Shutting down plugin 'INNODB_SYS_FIELDS'
2016-07-19 11:10:40 11056 [Note] Shutting down plugin 'INNODB_SYS_COLUMNS'
2016-07-19 11:10:40 11056 [Note] Shutting down plugin 'INNODB_SYS_INDEXES'
2016-07-19 11:10:40 11056 [Note] Shutting down plugin 'INNODB_SYS_TABLESTATS'
2016-07-19 11:10:40 11056 [Note] Shutting down plugin 'INNODB_SYS_TABLES'
2016-07-19 11:10:40 11056 [Note] Shutting down plugin 'INNODB_FT_INDEX_TABLE'
2016-07-19 11:10:40 11056 [Note] Shutting down plugin 'INNODB_FT_INDEX_CACHE'
2016-07-19 11:10:40 11056 [Note] Shutting down plugin 'INNODB_FT_CONFIG'
2016-07-19 11:10:40 11056 [Note] Shutting down plugin 'INNODB_FT_BEING_DELETED'
2016-07-19 11:10:40 11056 [Note] Shutting down plugin 'INNODB_FT_DELETED'
2016-07-19 11:10:40 11056 [Note] Shutting down plugin 'INNODB_FT_DEFAULT_STOPWORD'
2016-07-19 11:10:40 11056 [Note] Shutting down plugin 'INNODB_METRICS'
2016-07-19 11:10:40 11056 [Note] Shutting down plugin 'INNODB_BUFFER_POOL_STATS'
2016-07-19 11:10:40 11056 [Note] Shutting down plugin 'INNODB_BUFFER_PAGE_LRU'
2016-07-19 11:10:40 11056 [Note] Shutting down plugin 'INNODB_BUFFER_PAGE'
2016-07-19 11:10:40 11056 [Note] Shutting down plugin 'INNODB_CMP_PER_INDEX_RESET'
2016-07-19 11:10:40 11056 [Note] Shutting down plugin 'INNODB_CMP_PER_INDEX'
2016-07-19 11:10:40 11056 [Note] Shutting down plugin 'INNODB_CMPMEM_RESET'
2016-07-19 11:10:40 11056 [Note] Shutting down plugin 'INNODB_CMPMEM'
2016-07-19 11:10:40 11056 [Note] Shutting down plugin 'INNODB_CMP_RESET'
2016-07-19 11:10:40 11056 [Note] Shutting down plugin 'INNODB_CMP'
2016-07-19 11:10:40 11056 [Note] Shutting down plugin 'INNODB_LOCK_WAITS'
2016-07-19 11:10:40 11056 [Note] Shutting down plugin 'INNODB_LOCKS'
2016-07-19 11:10:40 11056 [Note] Shutting down plugin 'INNODB_TRX'
2016-07-19 11:10:40 11056 [Note] Shutting down plugin 'BLACKHOLE'
2016-07-19 11:10:40 11056 [Note] Shutting down plugin 'ARCHIVE'
2016-07-19 11:10:40 11056 [Note] Shutting down plugin 'MRG_MYISAM'
2016-07-19 11:10:40 11056 [Note] Shutting down plugin 'MyISAM'
2016-07-19 11:10:40 11056 [Note] Shutting down plugin 'MEMORY'
2016-07-19 11:10:40 11056 [Note] Shutting down plugin 'CSV'
2016-07-19 11:10:40 11056 [Note] Shutting down plugin 'sha256_password'
2016-07-19 11:10:40 11056 [Note] Shutting down plugin 'mysql_old_password'
2016-07-19 11:10:40 11056 [Note] Shutting down plugin 'mysql_native_password'
2016-07-19 11:10:40 11056 [Note] Shutting down plugin 'binlog'
2016-07-19 11:10:40 11056 [Note] D:\GitHub\Edu\Edu/mysql/bin/mysqld_usbwv8.exe: Shutdown complete

2016-07-19 11:10:48 2636 [Note] Plugin 'FEDERATED' is disabled.
2016-07-19 11:10:48 2636 [Note] InnoDB: The InnoDB memory heap is disabled
2016-07-19 11:10:48 2636 [Note] InnoDB: Mutexes and rw_locks use Windows interlocked functions
2016-07-19 11:10:48 2636 [Note] InnoDB: Compressed tables use zlib 1.2.3
2016-07-19 11:10:48 2636 [Note] InnoDB: Not using CPU crc32 instructions
2016-07-19 11:10:48 2636 [Note] InnoDB: Initializing buffer pool, size = 128.0M
2016-07-19 11:10:48 2636 [Note] InnoDB: Completed initialization of buffer pool
2016-07-19 11:10:48 2636 [Note] InnoDB: Highest supported file format is Barracuda.
2016-07-19 11:10:48 2636 [Note] InnoDB: The log sequence numbers 1626134 and 1626134 in ibdata files do not match the log sequence number 1626686 in the ib_logfiles!
2016-07-19 11:10:48 2636 [Note] InnoDB: Database was not shutdown normally!
2016-07-19 11:10:48 2636 [Note] InnoDB: Starting crash recovery.
2016-07-19 11:10:48 2636 [Note] InnoDB: Reading tablespace information from the .ibd files...
2016-07-19 11:10:48 2636 [Note] InnoDB: Restoring possible half-written data pages 
2016-07-19 11:10:48 2636 [Note] InnoDB: from the doublewrite buffer...
2016-07-19 11:10:48 2636 [Note] InnoDB: 128 rollback segment(s) are active.
2016-07-19 11:10:48 2636 [Note] InnoDB: Waiting for purge to start
2016-07-19 11:10:48 2636 [Note] InnoDB: 5.6.13 started; log sequence number 1626686
2016-07-19 11:10:48 2636 [Note] Server hostname (bind-address): '*'; port: 3307
2016-07-19 11:10:48 2636 [Note] IPv6 is available.
2016-07-19 11:10:48 2636 [Note]   - '::' resolves to '::';
2016-07-19 11:10:48 2636 [Note] Server socket created on IP: '::'.
2016-07-20 09:46:24 2732 [Note] Plugin 'FEDERATED' is disabled.
2016-07-20 09:46:24 2732 [Note] InnoDB: The InnoDB memory heap is disabled
2016-07-20 09:46:24 2732 [Note] InnoDB: Mutexes and rw_locks use Windows interlocked functions
2016-07-20 09:46:24 2732 [Note] InnoDB: Compressed tables use zlib 1.2.3
2016-07-20 09:46:24 2732 [Note] InnoDB: Not using CPU crc32 instructions
2016-07-20 09:46:24 2732 [Note] InnoDB: Initializing buffer pool, size = 128.0M
2016-07-20 09:46:24 2732 [Note] InnoDB: Completed initialization of buffer pool
2016-07-20 09:46:24 2732 [Note] InnoDB: Highest supported file format is Barracuda.
2016-07-20 09:46:24 2732 [Note] InnoDB: The log sequence numbers 1626134 and 1626134 in ibdata files do not match the log sequence number 1641786 in the ib_logfiles!
2016-07-20 09:46:24 2732 [Note] InnoDB: Database was not shutdown normally!
2016-07-20 09:46:24 2732 [Note] InnoDB: Starting crash recovery.
2016-07-20 09:46:24 2732 [Note] InnoDB: Reading tablespace information from the .ibd files...
2016-07-20 09:46:24 2732 [Note] InnoDB: Restoring possible half-written data pages 
2016-07-20 09:46:24 2732 [Note] InnoDB: from the doublewrite buffer...
2016-07-20 09:46:26 2732 [Note] InnoDB: 128 rollback segment(s) are active.
2016-07-20 09:46:26 2732 [Note] InnoDB: Waiting for purge to start
2016-07-20 09:46:26 2732 [Note] InnoDB: 5.6.13 started; log sequence number 1641786
2016-07-20 09:46:26 2732 [Note] Server hostname (bind-address): '*'; port: 3307
2016-07-20 09:46:26 2732 [Note] IPv6 is available.
2016-07-20 09:46:26 2732 [Note]   - '::' resolves to '::';
2016-07-20 09:46:26 2732 [Note] Server socket created on IP: '::'.
2016-07-21 13:54:11 11652 [Note] Plugin 'FEDERATED' is disabled.
2016-07-21 13:54:11 11652 [Note] InnoDB: The InnoDB memory heap is disabled
2016-07-21 13:54:11 11652 [Note] InnoDB: Mutexes and rw_locks use Windows interlocked functions
2016-07-21 13:54:11 11652 [Note] InnoDB: Compressed tables use zlib 1.2.3
2016-07-21 13:54:11 11652 [Note] InnoDB: Not using CPU crc32 instructions
2016-07-21 13:54:11 11652 [Note] InnoDB: Initializing buffer pool, size = 128.0M
2016-07-21 13:54:11 11652 [Note] InnoDB: Completed initialization of buffer pool
2016-07-21 13:54:11 11652 [Note] InnoDB: Highest supported file format is Barracuda.
2016-07-21 13:54:11 11652 [Note] InnoDB: The log sequence numbers 1626134 and 1626134 in ibdata files do not match the log sequence number 2024331 in the ib_logfiles!
2016-07-21 13:54:11 11652 [Note] InnoDB: Database was not shutdown normally!
2016-07-21 13:54:11 11652 [Note] InnoDB: Starting crash recovery.
2016-07-21 13:54:11 11652 [Note] InnoDB: Reading tablespace information from the .ibd files...
2016-07-21 13:54:11 11652 [Note] InnoDB: Restoring possible half-written data pages 
2016-07-21 13:54:11 11652 [Note] InnoDB: from the doublewrite buffer...
2016-07-21 13:54:12 11652 [Note] InnoDB: 128 rollback segment(s) are active.
2016-07-21 13:54:12 11652 [Note] InnoDB: Waiting for purge to start
2016-07-21 13:54:12 11652 [Note] InnoDB: 5.6.13 started; log sequence number 2024331
2016-07-21 13:54:12 11652 [Note] Server hostname (bind-address): '*'; port: 3307
2016-07-21 13:54:12 11652 [Note] IPv6 is available.
2016-07-21 13:54:12 11652 [Note]   - '::' resolves to '::';
2016-07-21 13:54:12 11652 [Note] Server socket created on IP: '::'.
2016-07-22 16:27:24 8172 [Note] Plugin 'FEDERATED' is disabled.
2016-07-22 16:27:24 8172 [Note] InnoDB: The InnoDB memory heap is disabled
2016-07-22 16:27:24 8172 [Note] InnoDB: Mutexes and rw_locks use Windows interlocked functions
2016-07-22 16:27:24 8172 [Note] InnoDB: Compressed tables use zlib 1.2.3
2016-07-22 16:27:24 8172 [Note] InnoDB: Not using CPU crc32 instructions
2016-07-22 16:27:24 8172 [Note] InnoDB: Initializing buffer pool, size = 128.0M
2016-07-22 16:27:24 8172 [Note] InnoDB: Completed initialization of buffer pool
2016-07-22 16:27:24 8172 [ERROR] InnoDB: D:\GitHub\Edu\Edu\mysql\data\ib_logfile0 can't be opened in read-write mode
2016-07-22 16:27:24 8172 [ERROR] Plugin 'InnoDB' init function returned error.
2016-07-22 16:27:24 8172 [ERROR] Plugin 'InnoDB' registration as a STORAGE ENGINE failed.
2016-07-22 16:27:24 8172 [ERROR] Unknown/unsupported storage engine: InnoDB
2016-07-22 16:27:24 8172 [ERROR] Aborting

2016-07-22 16:27:24 8172 [Note] Binlog end
2016-07-22 16:27:24 8172 [Note] Shutting down plugin 'partition'
2016-07-22 16:27:24 8172 [Note] Shutting down plugin 'PERFORMANCE_SCHEMA'
2016-07-22 16:27:24 8172 [Note] Shutting down plugin 'INNODB_SYS_DATAFILES'
2016-07-22 16:27:24 8172 [Note] Shutting down plugin 'INNODB_SYS_TABLESPACES'
2016-07-22 16:27:24 8172 [Note] Shutting down plugin 'INNODB_SYS_FOREIGN_COLS'
2016-07-22 16:27:24 8172 [Note] Shutting down plugin 'INNODB_SYS_FOREIGN'
2016-07-22 16:27:24 8172 [Note] Shutting down plugin 'INNODB_SYS_FIELDS'
2016-07-22 16:27:24 8172 [Note] Shutting down plugin 'INNODB_SYS_COLUMNS'
2016-07-22 16:27:24 8172 [Note] Shutting down plugin 'INNODB_SYS_INDEXES'
2016-07-22 16:27:24 8172 [Note] Shutting down plugin 'INNODB_SYS_TABLESTATS'
2016-07-22 16:27:24 8172 [Note] Shutting down plugin 'INNODB_SYS_TABLES'
2016-07-22 16:27:24 8172 [Note] Shutting down plugin 'INNODB_FT_INDEX_TABLE'
2016-07-22 16:27:24 8172 [Note] Shutting down plugin 'INNODB_FT_INDEX_CACHE'
2016-07-22 16:27:24 8172 [Note] Shutting down plugin 'INNODB_FT_CONFIG'
2016-07-22 16:27:24 8172 [Note] Shutting down plugin 'INNODB_FT_BEING_DELETED'
2016-07-22 16:27:24 8172 [Note] Shutting down plugin 'INNODB_FT_DELETED'
2016-07-22 16:27:24 8172 [Note] Shutting down plugin 'INNODB_FT_DEFAULT_STOPWORD'
2016-07-22 16:27:24 8172 [Note] Shutting down plugin 'INNODB_METRICS'
2016-07-22 16:27:24 8172 [Note] Shutting down plugin 'INNODB_BUFFER_POOL_STATS'
2016-07-22 16:27:24 8172 [Note] Shutting down plugin 'INNODB_BUFFER_PAGE_LRU'
2016-07-22 16:27:24 8172 [Note] Shutting down plugin 'INNODB_BUFFER_PAGE'
2016-07-22 16:27:24 8172 [Note] Shutting down plugin 'INNODB_CMP_PER_INDEX_RESET'
2016-07-22 16:27:24 8172 [Note] Shutting down plugin 'INNODB_CMP_PER_INDEX'
2016-07-22 16:27:24 8172 [Note] Shutting down plugin 'INNODB_CMPMEM_RESET'
2016-07-22 16:27:24 8172 [Note] Shutting down plugin 'INNODB_CMPMEM'
2016-07-22 16:27:24 8172 [Note] Shutting down plugin 'INNODB_CMP_RESET'
2016-07-22 16:27:24 8172 [Note] Shutting down plugin 'INNODB_CMP'
2016-07-22 16:27:24 8172 [Note] Shutting down plugin 'INNODB_LOCK_WAITS'
2016-07-22 16:27:24 8172 [Note] Shutting down plugin 'INNODB_LOCKS'
2016-07-22 16:27:24 8172 [Note] Shutting down plugin 'INNODB_TRX'
2016-07-22 16:27:24 8172 [Note] Shutting down plugin 'BLACKHOLE'
2016-07-22 16:27:24 8172 [Note] Shutting down plugin 'ARCHIVE'
2016-07-22 16:27:24 8172 [Note] Shutting down plugin 'MRG_MYISAM'
2016-07-22 16:27:24 8172 [Note] Shutting down plugin 'MyISAM'
2016-07-22 16:27:24 8172 [Note] Shutting down plugin 'MEMORY'
2016-07-22 16:27:24 8172 [Note] Shutting down plugin 'CSV'
2016-07-22 16:27:24 8172 [Note] Shutting down plugin 'sha256_password'
2016-07-22 16:27:24 8172 [Note] Shutting down plugin 'mysql_old_password'
2016-07-22 16:27:24 8172 [Note] Shutting down plugin 'mysql_native_password'
2016-07-22 16:27:24 8172 [Note] Shutting down plugin 'binlog'
2016-07-22 16:27:24 8172 [Note] D:\GitHub\Edu\Edu/mysql/bin/mysqld_usbwv8.exe: Shutdown complete

2016-07-22 16:27:39 2172 [Note] Plugin 'FEDERATED' is disabled.
2016-07-22 16:27:39 2172 [Note] InnoDB: The InnoDB memory heap is disabled
2016-07-22 16:27:39 2172 [Note] InnoDB: Mutexes and rw_locks use Windows interlocked functions
2016-07-22 16:27:39 2172 [Note] InnoDB: Compressed tables use zlib 1.2.3
2016-07-22 16:27:39 2172 [Note] InnoDB: Not using CPU crc32 instructions
2016-07-22 16:27:39 2172 [Note] InnoDB: Initializing buffer pool, size = 128.0M
2016-07-22 16:27:39 2172 [Note] InnoDB: Completed initialization of buffer pool
2016-07-22 16:27:39 2172 [Note] InnoDB: Highest supported file format is Barracuda.
2016-07-22 16:27:39 2172 [Note] InnoDB: The log sequence numbers 1626134 and 1626134 in ibdata files do not match the log sequence number 2113400 in the ib_logfiles!
2016-07-22 16:27:39 2172 [Note] InnoDB: Database was not shutdown normally!
2016-07-22 16:27:39 2172 [Note] InnoDB: Starting crash recovery.
2016-07-22 16:27:39 2172 [Note] InnoDB: Reading tablespace information from the .ibd files...
2016-07-22 16:27:39 2172 [Note] InnoDB: Restoring possible half-written data pages 
2016-07-22 16:27:39 2172 [Note] InnoDB: from the doublewrite buffer...
2016-07-22 16:27:39 2172 [Note] InnoDB: 128 rollback segment(s) are active.
2016-07-22 16:27:39 2172 [Note] InnoDB: Waiting for purge to start
2016-07-22 16:27:39 2172 [Note] InnoDB: 5.6.13 started; log sequence number 2113400
2016-07-22 16:27:39 2172 [Note] Server hostname (bind-address): '*'; port: 3307
2016-07-22 16:27:39 2172 [Note] IPv6 is available.
2016-07-22 16:27:39 2172 [Note]   - '::' resolves to '::';
2016-07-22 16:27:39 2172 [Note] Server socket created on IP: '::'.
2016-07-24 23:38:30 7472 [Note] Plugin 'FEDERATED' is disabled.
2016-07-24 23:38:30 7472 [Note] InnoDB: The InnoDB memory heap is disabled
2016-07-24 23:38:30 7472 [Note] InnoDB: Mutexes and rw_locks use Windows interlocked functions
2016-07-24 23:38:30 7472 [Note] InnoDB: Compressed tables use zlib 1.2.3
2016-07-24 23:38:30 7472 [Note] InnoDB: Not using CPU crc32 instructions
2016-07-24 23:38:30 7472 [Note] InnoDB: Initializing buffer pool, size = 128.0M
2016-07-24 23:38:30 7472 [Note] InnoDB: Completed initialization of buffer pool
2016-07-24 23:38:30 7472 [Note] InnoDB: Highest supported file format is Barracuda.
2016-07-24 23:38:30 7472 [Note] InnoDB: The log sequence numbers 1626134 and 1626134 in ibdata files do not match the log sequence number 2200124 in the ib_logfiles!
2016-07-24 23:38:30 7472 [Note] InnoDB: Database was not shutdown normally!
2016-07-24 23:38:30 7472 [Note] InnoDB: Starting crash recovery.
2016-07-24 23:38:30 7472 [Note] InnoDB: Reading tablespace information from the .ibd files...
2016-07-24 23:38:30 7472 [Note] InnoDB: Restoring possible half-written data pages 
2016-07-24 23:38:30 7472 [Note] InnoDB: from the doublewrite buffer...
2016-07-24 23:38:31 7472 [Note] InnoDB: 128 rollback segment(s) are active.
2016-07-24 23:38:31 7472 [Note] InnoDB: Waiting for purge to start
2016-07-24 23:38:31 7472 [Note] InnoDB: 5.6.13 started; log sequence number 2200124
2016-07-24 23:38:31 7472 [Note] Server hostname (bind-address): '*'; port: 3307
2016-07-24 23:38:31 7472 [Note] IPv6 is available.
2016-07-24 23:38:31 7472 [Note]   - '::' resolves to '::';
2016-07-24 23:38:31 7472 [Note] Server socket created on IP: '::'.
2016-08-01 23:37:10 6260 [Note] Plugin 'FEDERATED' is disabled.
2016-08-01 23:37:10 6260 [Note] InnoDB: The InnoDB memory heap is disabled
2016-08-01 23:37:10 6260 [Note] InnoDB: Mutexes and rw_locks use Windows interlocked functions
2016-08-01 23:37:10 6260 [Note] InnoDB: Compressed tables use zlib 1.2.3
2016-08-01 23:37:10 6260 [Note] InnoDB: Not using CPU crc32 instructions
2016-08-01 23:37:10 6260 [Note] InnoDB: Initializing buffer pool, size = 128.0M
2016-08-01 23:37:10 6260 [Note] InnoDB: Completed initialization of buffer pool
2016-08-01 23:37:11 6260 [Note] InnoDB: Highest supported file format is Barracuda.
2016-08-01 23:37:11 6260 [Note] InnoDB: The log sequence numbers 1626134 and 1626134 in ibdata files do not match the log sequence number 2300572 in the ib_logfiles!
2016-08-01 23:37:11 6260 [Note] InnoDB: Database was not shutdown normally!
2016-08-01 23:37:11 6260 [Note] InnoDB: Starting crash recovery.
2016-08-01 23:37:11 6260 [Note] InnoDB: Reading tablespace information from the .ibd files...
2016-08-01 23:37:12 6260 [Note] InnoDB: Restoring possible half-written data pages 
2016-08-01 23:37:12 6260 [Note] InnoDB: from the doublewrite buffer...
2016-08-01 23:37:15 6260 [Note] InnoDB: 128 rollback segment(s) are active.
2016-08-01 23:37:15 6260 [Note] InnoDB: Waiting for purge to start
2016-08-01 23:37:15 6260 [Note] InnoDB: 5.6.13 started; log sequence number 2300572
2016-08-01 23:37:15 6260 [Note] Server hostname (bind-address): '*'; port: 3307
2016-08-01 23:37:15 6260 [Note] IPv6 is available.
2016-08-01 23:37:15 6260 [Note]   - '::' resolves to '::';
2016-08-01 23:37:15 6260 [Note] Server socket created on IP: '::'.
2016-08-03 17:22:28 8052 [Note] Plugin 'FEDERATED' is disabled.
2016-08-03 17:22:28 8052 [Note] InnoDB: The InnoDB memory heap is disabled
2016-08-03 17:22:28 8052 [Note] InnoDB: Mutexes and rw_locks use Windows interlocked functions
2016-08-03 17:22:28 8052 [Note] InnoDB: Compressed tables use zlib 1.2.3
2016-08-03 17:22:29 8052 [Note] InnoDB: Not using CPU crc32 instructions
2016-08-03 17:22:29 8052 [Note] InnoDB: Initializing buffer pool, size = 128.0M
2016-08-03 17:22:29 8052 [Note] InnoDB: Completed initialization of buffer pool
2016-08-03 17:22:29 8052 [Note] InnoDB: Highest supported file format is Barracuda.
2016-08-03 17:22:29 8052 [Note] InnoDB: The log sequence numbers 1626134 and 1626134 in ibdata files do not match the log sequence number 2319341 in the ib_logfiles!
2016-08-03 17:22:29 8052 [Note] InnoDB: Database was not shutdown normally!
2016-08-03 17:22:29 8052 [Note] InnoDB: Starting crash recovery.
2016-08-03 17:22:29 8052 [Note] InnoDB: Reading tablespace information from the .ibd files...
2016-08-03 17:22:29 8052 [Note] InnoDB: Restoring possible half-written data pages 
2016-08-03 17:22:29 8052 [Note] InnoDB: from the doublewrite buffer...
2016-08-03 17:22:33 8052 [Note] InnoDB: 128 rollback segment(s) are active.
2016-08-03 17:22:33 8052 [Note] InnoDB: Waiting for purge to start
2016-08-03 17:22:33 8052 [Note] InnoDB: 5.6.13 started; log sequence number 2319341
2016-08-03 17:22:33 8052 [Note] Server hostname (bind-address): '*'; port: 3307
2016-08-03 17:22:33 8052 [Note] IPv6 is available.
2016-08-03 17:22:33 8052 [Note]   - '::' resolves to '::';
2016-08-03 17:22:33 8052 [Note] Server socket created on IP: '::'.
2016-08-03 18:38:04 14340 [Note] Plugin 'FEDERATED' is disabled.
2016-08-03 18:38:04 14340 [Note] InnoDB: The InnoDB memory heap is disabled
2016-08-03 18:38:04 14340 [Note] InnoDB: Mutexes and rw_locks use Windows interlocked functions
2016-08-03 18:38:04 14340 [Note] InnoDB: Compressed tables use zlib 1.2.3
2016-08-03 18:38:04 14340 [Note] InnoDB: Not using CPU crc32 instructions
2016-08-03 18:38:04 14340 [Note] InnoDB: Initializing buffer pool, size = 128.0M
2016-08-03 18:38:04 14340 [Note] InnoDB: Completed initialization of buffer pool
2016-08-03 18:38:04 14340 [Note] InnoDB: Highest supported file format is Barracuda.
2016-08-03 18:38:04 14340 [Note] InnoDB: The log sequence numbers 1626134 and 1626134 in ibdata files do not match the log sequence number 2319351 in the ib_logfiles!
2016-08-03 18:38:04 14340 [Note] InnoDB: Database was not shutdown normally!
2016-08-03 18:38:04 14340 [Note] InnoDB: Starting crash recovery.
2016-08-03 18:38:04 14340 [Note] InnoDB: Reading tablespace information from the .ibd files...
2016-08-03 18:38:04 14340 [Note] InnoDB: Restoring possible half-written data pages 
2016-08-03 18:38:04 14340 [Note] InnoDB: from the doublewrite buffer...
2016-08-03 18:38:05 14340 [Note] InnoDB: 128 rollback segment(s) are active.
2016-08-03 18:38:05 14340 [Note] InnoDB: Waiting for purge to start
2016-08-03 18:38:05 14340 [Note] InnoDB: 5.6.13 started; log sequence number 2319351
2016-08-03 18:38:05 14340 [Note] Server hostname (bind-address): '*'; port: 3307
2016-08-03 18:38:05 14340 [Note] IPv6 is available.
2016-08-03 18:38:05 14340 [Note]   - '::' resolves to '::';
2016-08-03 18:38:05 14340 [Note] Server socket created on IP: '::'.
