::1 - - [24/Jul/2016:23:38:32 +0200] "GET / HTTP/1.1" 200 1416
::1 - - [24/Jul/2016:23:38:32 +0200] "GET /css/bootstrap.min.css HTTP/1.1" 304 -
::1 - - [24/Jul/2016:23:38:32 +0200] "GET /css/style.css HTTP/1.1" 304 -
::1 - - [24/Jul/2016:23:38:32 +0200] "GET /js/bootstrap/bootstrap.min.js HTTP/1.1" 304 -
::1 - - [24/Jul/2016:23:38:33 +0200] "GET /favicon.ico HTTP/1.1" 404 209
::1 - - [24/Jul/2016:23:39:13 +0200] "GET /app.html HTTP/1.1" 304 -
::1 - - [24/Jul/2016:23:39:13 +0200] "GET /js/phaser.js HTTP/1.1" 304 -
::1 - - [24/Jul/2016:23:39:13 +0200] "GET /js/boot.js HTTP/1.1" 304 -
::1 - - [24/Jul/2016:23:39:13 +0200] "GET /js/phaser_init.js HTTP/1.1" 304 -
::1 - - [24/Jul/2016:23:39:13 +0200] "GET /js/preloader.js HTTP/1.1" 304 -
::1 - - [24/Jul/2016:23:39:13 +0200] "GET /js/hub.js HTTP/1.1" 304 -
::1 - - [24/Jul/2016:23:39:13 +0200] "GET /js/main_menu.js HTTP/1.1" 304 -
::1 - - [24/Jul/2016:23:39:13 +0200] "GET /js/minigame_bubblemath.js HTTP/1.1" 304 -
::1 - - [24/Jul/2016:23:39:13 +0200] "GET /assets/loading_bar.png HTTP/1.1" 200 10353
::1 - - [24/Jul/2016:23:39:13 +0200] "GET /assets/button_play.png HTTP/1.1" 200 3750
::1 - - [24/Jul/2016:23:39:13 +0200] "GET /assets/button_back.png HTTP/1.1" 200 1328
::1 - - [24/Jul/2016:23:39:13 +0200] "GET /assets/hub/background_placeholder.jpg HTTP/1.1" 200 5540
::1 - - [24/Jul/2016:23:39:13 +0200] "GET /assets/hub/button_minigame_bubblemath.png HTTP/1.1" 200 4796
::1 - - [24/Jul/2016:23:39:13 +0200] "GET /assets/hub/scyther.gif HTTP/1.1" 200 12136
::1 - - [24/Jul/2016:23:39:13 +0200] "GET /assets/minigame_bubblemath/balloon.png HTTP/1.1" 304 -
::1 - - [24/Jul/2016:23:39:13 +0200] "GET /assets/minigame_bubblemath/moon.png HTTP/1.1" 200 6806
::1 - - [24/Jul/2016:23:39:13 +0200] "GET /assets/minigame_bubblemath/star.png HTTP/1.1" 200 3935
::1 - - [24/Jul/2016:23:39:13 +0200] "GET /Webservice/Controllers/pet.php HTTP/1.1" 200 95
::1 - - [24/Jul/2016:23:40:59 +0200] "GET /login.html HTTP/1.1" 200 2710
::1 - - [24/Jul/2016:23:41:03 +0200] "POST /login.php HTTP/1.1" 200 145
::1 - - [24/Jul/2016:23:46:06 +0200] "POST /login.php HTTP/1.1" 200 145
::1 - - [24/Jul/2016:23:46:16 +0200] "POST /login.php HTTP/1.1" 200 145
::1 - - [24/Jul/2016:23:49:03 +0200] "POST /login.php HTTP/1.1" 200 145
::1 - - [24/Jul/2016:23:49:06 +0200] "GET /register.html HTTP/1.1" 304 -
::1 - - [24/Jul/2016:23:49:06 +0200] "GET /fonts/glyphicons-halflings-regular.woff2 HTTP/1.1" 304 -
::1 - - [24/Jul/2016:23:49:18 +0200] "POST /register.php HTTP/1.1" 302 -
::1 - - [24/Jul/2016:23:49:18 +0200] "GET /login.html HTTP/1.1" 304 -
::1 - - [24/Jul/2016:23:49:22 +0200] "POST /login.php HTTP/1.1" 200 145
::1 - - [24/Jul/2016:23:50:17 +0200] "GET /phpmyadmin HTTP/1.1" 301 241
::1 - - [24/Jul/2016:23:50:17 +0200] "GET /phpmyadmin/ HTTP/1.1" 200 7992
::1 - - [24/Jul/2016:23:50:17 +0200] "GET /phpmyadmin/themes/pmahomme/jquery/jquery-ui-1.9.2.custom.css HTTP/1.1" 200 32278
::1 - - [24/Jul/2016:23:50:17 +0200] "GET /phpmyadmin/themes/pmahomme/img/logo_right.png HTTP/1.1" 200 4548
::1 - - [24/Jul/2016:23:50:17 +0200] "GET /phpmyadmin/themes/dot.gif HTTP/1.1" 304 -
::1 - - [24/Jul/2016:23:50:17 +0200] "GET /phpmyadmin/js/get_scripts.js.php?scripts[]=jquery/jquery-1.8.3.js&scripts[]=ajax.js&scripts[]=keyhandler.js&scripts[]=jquery/jquery-ui-1.9.2.custom.js&scripts[]=jquery/jquery.sprintf.js&scripts[]=jquery/jquery.cookie.js&scripts[]=jquery/jquery.mousewheel.js&scripts[]=jquery/jquery.event.drag-2.2.js&scripts[]=jquery/jquery-ui-timepicker-addon.js&scripts[]=jquery/jquery.ba-hashchange-1.3.js&scripts[]=jquery/jquery.debounce-1.0.5.js&scripts[]=jquery/jquery.menuResizer-1.0.js&scripts[]=rte.js&scripts[]=functions.js&scripts[]=navigation.js&scripts[]=indexes.js&scripts[]=common.js&scripts[]=codemirror/lib/codemirror.js&scripts[]=codemirror/mode/mysql/mysql.js HTTP/1.1" 200 578562
::1 - - [24/Jul/2016:23:50:17 +0200] "GET /phpmyadmin/phpmyadmin.css.php?server=1&token=4e1fcaf8c74c2394ca3cb7518ccc550e&nocache=4406651085ltr HTTP/1.1" 200 88608
::1 - - [24/Jul/2016:23:50:17 +0200] "GET /phpmyadmin/js/messages.php?lang=nl&db=&server=0&token=6eebad692227efb10b4f879dd1156bf7 HTTP/1.1" 200 18194
::1 - - [24/Jul/2016:23:50:17 +0200] "GET /phpmyadmin/js/get_image.js.php?theme=pmahomme HTTP/1.1" 200 6263
::1 - - [24/Jul/2016:23:50:17 +0200] "GET /phpmyadmin/themes/pmahomme/img/sprites.png HTTP/1.1" 200 61899
::1 - - [24/Jul/2016:23:50:21 +0200] "POST /phpmyadmin/index.php HTTP/1.1" 302 -
::1 - - [24/Jul/2016:23:50:22 +0200] "GET /phpmyadmin/index.php?token=4e1fcaf8c74c2394ca3cb7518ccc550e HTTP/1.1" 200 45260
::1 - - [24/Jul/2016:23:50:22 +0200] "GET /phpmyadmin/themes/pmahomme/img/logo_left.png HTTP/1.1" 200 2327
::1 - - [24/Jul/2016:23:50:22 +0200] "GET /phpmyadmin/themes/pmahomme/img/ajax_clock_small.gif HTTP/1.1" 200 1810
::1 - - [24/Jul/2016:23:50:22 +0200] "GET /phpmyadmin/phpmyadmin.css.php?server=1&token=4e1fcaf8c74c2394ca3cb7518ccc550e&nocache=5876048107ltr HTTP/1.1" 200 88608
::1 - - [24/Jul/2016:23:50:22 +0200] "GET /phpmyadmin/js/messages.php?lang=nl&db=&server=0&token=4e1fcaf8c74c2394ca3cb7518ccc550e HTTP/1.1" 200 18194
::1 - - [24/Jul/2016:23:50:22 +0200] "GET /phpmyadmin/themes/pmahomme/img/left_nav_bg.png HTTP/1.1" 200 297
::1 - - [24/Jul/2016:23:50:22 +0200] "GET /phpmyadmin/version_check.php?&_nocache=1469397022299831259 HTTP/1.1" 200 39
::1 - - [24/Jul/2016:23:50:24 +0200] "GET /phpmyadmin/db_structure.php?server=1&db=edu&token=4e1fcaf8c74c2394ca3cb7518ccc550e&ajax_request=true&ajax_page_request=true&menuHashes=ecdef191&_nocache=1469397024315571663 HTTP/1.1" 200 20679
::1 - - [24/Jul/2016:23:50:24 +0200] "GET /phpmyadmin/themes/pmahomme/img/arrow_ltr.png HTTP/1.1" 200 139
::1 - - [24/Jul/2016:23:50:24 +0200] "GET /phpmyadmin/js/get_scripts.js.php?scripts[]=db_structure.js&scripts[]=tbl_change.js HTTP/1.1" 200 12382
::1 - - [24/Jul/2016:23:50:25 +0200] "GET /phpmyadmin/sql.php?db=edu&token=4e1fcaf8c74c2394ca3cb7518ccc550e&goto=db_structure.php&table=user&pos=0&ajax_request=true&ajax_page_request=true&menuHashes=ecdef191-3434e727&_nocache=1469397025909612572 HTTP/1.1" 200 24418
::1 - - [24/Jul/2016:23:50:26 +0200] "GET /phpmyadmin/themes/pmahomme/img/s_fulltext.png HTTP/1.1" 200 193
::1 - - [24/Jul/2016:23:50:26 +0200] "GET /phpmyadmin/js/get_scripts.js.php?scripts[]=tbl_structure.js&scripts[]=gis_data_editor.js&scripts[]=makegrid.js&scripts[]=sql.js HTTP/1.1" 200 50287
::1 - - [24/Jul/2016:23:50:26 +0200] "GET /phpmyadmin/themes/pmahomme/img/col_pointer.png HTTP/1.1" 200 113
::1 - - [24/Jul/2016:23:50:26 +0200] "GET /phpmyadmin/themes/pmahomme/img/col_drop.png HTTP/1.1" 200 132
::1 - - [24/Jul/2016:23:50:26 +0200] "GET /phpmyadmin/index.php?ajax_request=1&recent_table=1&token=4e1fcaf8c74c2394ca3cb7518ccc550e HTTP/1.1" 200 201
::1 - - [24/Jul/2016:23:51:41 +0200] "POST /login.php HTTP/1.1" 200 151
::1 - - [24/Jul/2016:23:51:53 +0200] "POST /login.php HTTP/1.1" 200 151
::1 - - [24/Jul/2016:23:52:06 +0200] "POST /login.php HTTP/1.1" 200 145
::1 - - [24/Jul/2016:23:52:12 +0200] "POST /login.php HTTP/1.1" 200 145
::1 - - [24/Jul/2016:23:52:55 +0200] "POST /login.php HTTP/1.1" 200 150
::1 - - [24/Jul/2016:23:53:00 +0200] "POST /login.php HTTP/1.1" 200 145
::1 - - [24/Jul/2016:23:58:04 +0200] "POST /login.php HTTP/1.1" 302 143
::1 - - [24/Jul/2016:23:58:04 +0200] "GET /login.html HTTP/1.1" 304 -
::1 - - [24/Jul/2016:23:58:04 +0200] "GET /css/bootstrap.min.css HTTP/1.1" 304 -
::1 - - [24/Jul/2016:23:58:04 +0200] "GET /css/style.css HTTP/1.1" 304 -
::1 - - [24/Jul/2016:23:58:04 +0200] "GET /js/bootstrap/bootstrap.min.js HTTP/1.1" 304 -
::1 - - [25/Jul/2016:00:04:45 +0200] "GET /login.html HTTP/1.1" 200 3556
::1 - - [25/Jul/2016:00:04:45 +0200] "GET /css/bootstrap.min.css HTTP/1.1" 304 -
::1 - - [25/Jul/2016:00:04:45 +0200] "GET /css/style.css HTTP/1.1" 304 -
::1 - - [25/Jul/2016:00:04:45 +0200] "GET /js/bootstrap/bootstrap.min.js HTTP/1.1" 304 -
::1 - - [25/Jul/2016:00:04:45 +0200] "GET /fonts/glyphicons-halflings-regular.woff2 HTTP/1.1" 304 -
::1 - - [25/Jul/2016:00:04:46 +0200] "POST /login.php HTTP/1.1" 302 73
::1 - - [25/Jul/2016:00:04:46 +0200] "GET /login.html?error=%22Wrong%20password%22 HTTP/1.1" 200 3556
::1 - - [25/Jul/2016:00:04:58 +0200] "GET /login.html?error=%22Wrong%20password%22 HTTP/1.1" 304 -
::1 - - [25/Jul/2016:00:04:58 +0200] "GET /css/bootstrap.min.css HTTP/1.1" 304 -
::1 - - [25/Jul/2016:00:04:58 +0200] "GET /css/style.css HTTP/1.1" 304 -
::1 - - [25/Jul/2016:00:04:58 +0200] "GET /js/bootstrap/bootstrap.min.js HTTP/1.1" 304 -
::1 - - [25/Jul/2016:00:04:58 +0200] "GET /fonts/glyphicons-halflings-regular.woff2 HTTP/1.1" 304 -
::1 - - [25/Jul/2016:00:05:06 +0200] "GET /login.html?error=%22Wrong%20password%22 HTTP/1.1" 304 -
::1 - - [25/Jul/2016:00:05:06 +0200] "GET /css/bootstrap.min.css HTTP/1.1" 304 -
::1 - - [25/Jul/2016:00:05:06 +0200] "GET /css/style.css HTTP/1.1" 304 -
::1 - - [25/Jul/2016:00:05:06 +0200] "GET /js/bootstrap/bootstrap.min.js HTTP/1.1" 304 -
::1 - - [25/Jul/2016:00:05:06 +0200] "GET /fonts/glyphicons-halflings-regular.woff2 HTTP/1.1" 304 -
::1 - - [25/Jul/2016:00:05:08 +0200] "POST /login.php HTTP/1.1" 302 73
::1 - - [25/Jul/2016:00:05:08 +0200] "GET /login.html?error=Wrong%20password HTTP/1.1" 200 3556
::1 - - [25/Jul/2016:00:06:07 +0200] "GET /login.html?error=Wrong%20password HTTP/1.1" 200 3603
::1 - - [25/Jul/2016:00:06:07 +0200] "GET /css/bootstrap.min.css HTTP/1.1" 304 -
::1 - - [25/Jul/2016:00:06:07 +0200] "GET /css/style.css HTTP/1.1" 304 -
::1 - - [25/Jul/2016:00:06:07 +0200] "GET /js/bootstrap/bootstrap.min.js HTTP/1.1" 304 -
::1 - - [25/Jul/2016:00:06:07 +0200] "GET /fonts/glyphicons-halflings-regular.woff2 HTTP/1.1" 304 -
::1 - - [25/Jul/2016:00:06:10 +0200] "POST /login.php HTTP/1.1" 302 73
::1 - - [25/Jul/2016:00:06:10 +0200] "GET /login.html?error=Could%20not%20login:%20Wrong%20password HTTP/1.1" 200 3603
::1 - - [25/Jul/2016:00:06:11 +0200] "GET /css/bootstrap.min.css.map HTTP/1.1" 304 -
::1 - - [25/Jul/2016:00:07:09 +0200] "GET /login.html?error=Could%20not%20login:%20Wrong%20password HTTP/1.1" 200 3603
::1 - - [25/Jul/2016:00:07:09 +0200] "GET /css/bootstrap.min.css HTTP/1.1" 304 -
::1 - - [25/Jul/2016:00:07:09 +0200] "GET /css/style.css HTTP/1.1" 304 -
::1 - - [25/Jul/2016:00:07:09 +0200] "GET /js/bootstrap/bootstrap.min.js HTTP/1.1" 304 -
::1 - - [25/Jul/2016:00:07:09 +0200] "GET /fonts/glyphicons-halflings-regular.woff2 HTTP/1.1" 304 -
::1 - - [25/Jul/2016:00:07:14 +0200] "GET /login.html?error=Could%20not%20login:%20Wrong%20password HTTP/1.1" 200 3604
::1 - - [25/Jul/2016:00:07:14 +0200] "GET /css/style.css HTTP/1.1" 304 -
::1 - - [25/Jul/2016:00:07:14 +0200] "GET /css/bootstrap.min.css HTTP/1.1" 304 -
::1 - - [25/Jul/2016:00:07:14 +0200] "GET /js/bootstrap/bootstrap.min.js HTTP/1.1" 304 -
::1 - - [25/Jul/2016:00:07:14 +0200] "GET /fonts/glyphicons-halflings-regular.woff2 HTTP/1.1" 304 -
::1 - - [25/Jul/2016:00:08:32 +0200] "GET /login.html?error=Could%20not%20login:%20Wrong%20password HTTP/1.1" 200 3578
::1 - - [25/Jul/2016:00:08:32 +0200] "GET /css/bootstrap.min.css HTTP/1.1" 304 -
::1 - - [25/Jul/2016:00:08:32 +0200] "GET /css/style.css HTTP/1.1" 304 -
::1 - - [25/Jul/2016:00:08:32 +0200] "GET /js/bootstrap/bootstrap.min.js HTTP/1.1" 304 -
::1 - - [25/Jul/2016:00:08:32 +0200] "GET /fonts/glyphicons-halflings-regular.woff2 HTTP/1.1" 304 -
::1 - - [25/Jul/2016:00:09:48 +0200] "GET /register.html HTTP/1.1" 200 4834
::1 - - [25/Jul/2016:00:09:48 +0200] "GET /css/bootstrap.min.css HTTP/1.1" 304 -
::1 - - [25/Jul/2016:00:09:48 +0200] "GET /css/style.css HTTP/1.1" 304 -
::1 - - [25/Jul/2016:00:09:48 +0200] "GET /js/bootstrap/bootstrap.min.js HTTP/1.1" 304 -
::1 - - [25/Jul/2016:00:09:48 +0200] "GET /fonts/glyphicons-halflings-regular.woff2 HTTP/1.1" 304 -
::1 - - [25/Jul/2016:00:10:04 +0200] "GET /register.html HTTP/1.1" 200 4834
::1 - - [25/Jul/2016:00:10:04 +0200] "GET /css/bootstrap.min.css HTTP/1.1" 304 -
::1 - - [25/Jul/2016:00:10:04 +0200] "GET /css/style.css HTTP/1.1" 304 -
::1 - - [25/Jul/2016:00:10:04 +0200] "GET /js/bootstrap/bootstrap.min.js HTTP/1.1" 304 -
::1 - - [25/Jul/2016:00:10:04 +0200] "GET /fonts/glyphicons-halflings-regular.woff2 HTTP/1.1" 304 -
::1 - - [25/Jul/2016:00:10:05 +0200] "GET /register.html HTTP/1.1" 304 -
::1 - - [25/Jul/2016:00:10:05 +0200] "GET /css/style.css HTTP/1.1" 304 -
::1 - - [25/Jul/2016:00:10:05 +0200] "GET /css/bootstrap.min.css HTTP/1.1" 304 -
::1 - - [25/Jul/2016:00:10:05 +0200] "GET /js/bootstrap/bootstrap.min.js HTTP/1.1" 304 -
::1 - - [25/Jul/2016:00:10:05 +0200] "GET /fonts/glyphicons-halflings-regular.woff2 HTTP/1.1" 304 -
::1 - - [25/Jul/2016:00:10:19 +0200] "GET /register.html HTTP/1.1" 304 -
::1 - - [25/Jul/2016:00:10:19 +0200] "GET /css/bootstrap.min.css HTTP/1.1" 304 -
::1 - - [25/Jul/2016:00:10:19 +0200] "GET /css/style.css HTTP/1.1" 304 -
::1 - - [25/Jul/2016:00:10:19 +0200] "GET /js/bootstrap/bootstrap.min.js HTTP/1.1" 304 -
::1 - - [25/Jul/2016:00:10:19 +0200] "GET /fonts/glyphicons-halflings-regular.woff2 HTTP/1.1" 304 -
::1 - - [25/Jul/2016:00:10:20 +0200] "GET /login.html HTTP/1.1" 200 3600
::1 - - [25/Jul/2016:00:11:25 +0200] "GET /login.html HTTP/1.1" 200 3666
::1 - - [25/Jul/2016:00:11:26 +0200] "GET /css/bootstrap.min.css HTTP/1.1" 304 -
::1 - - [25/Jul/2016:00:11:26 +0200] "GET /css/style.css HTTP/1.1" 304 -
::1 - - [25/Jul/2016:00:11:26 +0200] "GET /js/bootstrap/bootstrap.min.js HTTP/1.1" 304 -
::1 - - [25/Jul/2016:00:11:26 +0200] "GET /fonts/glyphicons-halflings-regular.woff2 HTTP/1.1" 304 -
::1 - - [25/Jul/2016:00:11:36 +0200] "GET /login.html HTTP/1.1" 200 3663
::1 - - [25/Jul/2016:00:11:36 +0200] "GET /css/bootstrap.min.css HTTP/1.1" 304 -
::1 - - [25/Jul/2016:00:11:36 +0200] "GET /css/style.css HTTP/1.1" 304 -
::1 - - [25/Jul/2016:00:11:36 +0200] "GET /js/bootstrap/bootstrap.min.js HTTP/1.1" 304 -
::1 - - [25/Jul/2016:00:11:36 +0200] "GET /fonts/glyphicons-halflings-regular.woff2 HTTP/1.1" 304 -
::1 - - [25/Jul/2016:00:11:38 +0200] "POST /login.php HTTP/1.1" 302 73
::1 - - [25/Jul/2016:00:11:38 +0200] "GET /login.html?error=Could%20not%20login:%20Wrong%20password HTTP/1.1" 200 3663
::1 - - [25/Jul/2016:00:11:49 +0200] "POST /login.php HTTP/1.1" 302 143
::1 - - [25/Jul/2016:00:11:49 +0200] "GET /app.html HTTP/1.1" 304 -
::1 - - [25/Jul/2016:00:11:50 +0200] "GET /assets/loading_bar.png HTTP/1.1" 200 10353
::1 - - [25/Jul/2016:00:11:50 +0200] "GET /assets/button_play.png HTTP/1.1" 200 3750
::1 - - [25/Jul/2016:00:11:50 +0200] "GET /assets/button_back.png HTTP/1.1" 200 1328
::1 - - [25/Jul/2016:00:11:50 +0200] "GET /assets/hub/button_minigame_bubblemath.png HTTP/1.1" 200 4796
::1 - - [25/Jul/2016:00:11:50 +0200] "GET /assets/hub/background_placeholder.jpg HTTP/1.1" 200 5540
::1 - - [25/Jul/2016:00:11:50 +0200] "GET /assets/hub/scyther.gif HTTP/1.1" 200 12136
::1 - - [25/Jul/2016:00:11:50 +0200] "GET /assets/minigame_bubblemath/moon.png HTTP/1.1" 200 6806
::1 - - [25/Jul/2016:00:11:50 +0200] "GET /assets/minigame_bubblemath/star.png HTTP/1.1" 200 3935
::1 - - [25/Jul/2016:00:11:50 +0200] "GET /Webservice/Controllers/pet.php HTTP/1.1" 400 61
::1 - - [25/Jul/2016:00:12:43 +0200] "POST /login.php HTTP/1.1" 302 143
::1 - - [25/Jul/2016:00:12:43 +0200] "GET /app.html HTTP/1.1" 304 -
::1 - - [25/Jul/2016:00:12:43 +0200] "GET /Webservice/Controllers/pet.php HTTP/1.1" 200 95
::1 - - [25/Jul/2016:00:16:53 +0200] "GET /phpmyadmin/tbl_structure.php?db=edu&table=user&token=4e1fcaf8c74c2394ca3cb7518ccc550e&ajax_request=true&ajax_page_request=true&menuHashes=ecdef191-3434e727-ad198aca&_nocache=1469398613599571644 HTTP/1.1" 200 310
::1 - - [25/Jul/2016:00:16:54 +0200] "GET /phpmyadmin/index.php?token=4e1fcaf8c74c2394ca3cb7518ccc550e HTTP/1.1" 200 8153
::1 - - [25/Jul/2016:00:16:54 +0200] "GET /phpmyadmin/themes/pmahomme/jquery/jquery-ui-1.9.2.custom.css HTTP/1.1" 200 32278
::1 - - [25/Jul/2016:00:16:54 +0200] "GET /phpmyadmin/themes/pmahomme/img/logo_right.png HTTP/1.1" 200 4548
::1 - - [25/Jul/2016:00:16:54 +0200] "GET /phpmyadmin/themes/dot.gif HTTP/1.1" 304 -
::1 - - [25/Jul/2016:00:16:54 +0200] "GET /phpmyadmin/js/get_scripts.js.php?scripts[]=jquery/jquery-1.8.3.js&scripts[]=ajax.js&scripts[]=keyhandler.js&scripts[]=jquery/jquery-ui-1.9.2.custom.js&scripts[]=jquery/jquery.sprintf.js&scripts[]=jquery/jquery.cookie.js&scripts[]=jquery/jquery.mousewheel.js&scripts[]=jquery/jquery.event.drag-2.2.js&scripts[]=jquery/jquery-ui-timepicker-addon.js&scripts[]=jquery/jquery.ba-hashchange-1.3.js&scripts[]=jquery/jquery.debounce-1.0.5.js&scripts[]=jquery/jquery.menuResizer-1.0.js&scripts[]=rte.js&scripts[]=functions.js&scripts[]=navigation.js&scripts[]=indexes.js&scripts[]=common.js&scripts[]=codemirror/lib/codemirror.js&scripts[]=codemirror/mode/mysql/mysql.js HTTP/1.1" 200 578562
::1 - - [25/Jul/2016:00:16:54 +0200] "GET /phpmyadmin/phpmyadmin.css.php?server=1&token=4e1fcaf8c74c2394ca3cb7518ccc550e&nocache=4406651085ltr HTTP/1.1" 200 88608
::1 - - [25/Jul/2016:00:16:54 +0200] "GET /phpmyadmin/js/get_image.js.php?theme=pmahomme HTTP/1.1" 200 6263
::1 - - [25/Jul/2016:00:16:54 +0200] "GET /phpmyadmin/js/messages.php?lang=nl&db=&server=0&token=4e1fcaf8c74c2394ca3cb7518ccc550e HTTP/1.1" 200 18194
::1 - - [25/Jul/2016:00:16:54 +0200] "GET /phpmyadmin/sql.php?db=edu&table=user&server=1&target=&token=4e1fcaf8c74c2394ca3cb7518ccc550e HTTP/1.1" 200 8230
::1 - - [25/Jul/2016:00:16:55 +0200] "GET /phpmyadmin/js/messages.php?lang=nl&db=edu&token=4e1fcaf8c74c2394ca3cb7518ccc550e HTTP/1.1" 200 18194
::1 - - [25/Jul/2016:00:16:55 +0200] "GET /phpmyadmin/themes/pmahomme/img/sprites.png HTTP/1.1" 200 61899
::1 - - [25/Jul/2016:00:16:55 +0200] "POST /phpmyadmin/index.php HTTP/1.1" 302 -
::1 - - [25/Jul/2016:00:16:56 +0200] "GET /phpmyadmin/index.php?db=edu&table=user&target=sql.php&token=4e1fcaf8c74c2394ca3cb7518ccc550e HTTP/1.1" 200 30917
::1 - - [25/Jul/2016:00:16:56 +0200] "GET /phpmyadmin/themes/pmahomme/img/logo_left.png HTTP/1.1" 200 2327
::1 - - [25/Jul/2016:00:16:56 +0200] "GET /phpmyadmin/themes/pmahomme/img/ajax_clock_small.gif HTTP/1.1" 200 1810
::1 - - [25/Jul/2016:00:16:56 +0200] "GET /phpmyadmin/js/get_scripts.js.php?scripts[]=jquery/jquery-1.8.3.js&scripts[]=ajax.js&scripts[]=keyhandler.js&scripts[]=jquery/jquery-ui-1.9.2.custom.js&scripts[]=jquery/jquery.sprintf.js&scripts[]=jquery/jquery.cookie.js&scripts[]=jquery/jquery.mousewheel.js&scripts[]=jquery/jquery.event.drag-2.2.js&scripts[]=jquery/jquery-ui-timepicker-addon.js&scripts[]=jquery/jquery.ba-hashchange-1.3.js&scripts[]=jquery/jquery.debounce-1.0.5.js&scripts[]=jquery/jquery.menuResizer-1.0.js&scripts[]=rte.js&scripts[]=functions.js&scripts[]=navigation.js&scripts[]=indexes.js&scripts[]=common.js&scripts[]=tbl_change.js&scripts[]=tbl_structure.js&scripts[]=gis_data_editor.js&scripts[]=makegrid.js&scripts[]=sql.js&scripts[]=codemirror/lib/codemirror.js&scripts[]=codemirror/mode/mysql/mysql.js HTTP/1.1" 200 635864
::1 - - [25/Jul/2016:00:16:56 +0200] "GET /phpmyadmin/themes/pmahomme/img/s_fulltext.png HTTP/1.1" 200 193
::1 - - [25/Jul/2016:00:16:56 +0200] "GET /phpmyadmin/themes/pmahomme/img/arrow_ltr.png HTTP/1.1" 200 139
::1 - - [25/Jul/2016:00:16:56 +0200] "GET /phpmyadmin/phpmyadmin.css.php?server=1&token=4e1fcaf8c74c2394ca3cb7518ccc550e&nocache=5876048107ltr HTTP/1.1" 200 88608
::1 - - [25/Jul/2016:00:16:56 +0200] "GET /phpmyadmin/js/messages.php?lang=nl&db=edu&server=0&token=4e1fcaf8c74c2394ca3cb7518ccc550e HTTP/1.1" 200 18194
::1 - - [25/Jul/2016:00:16:56 +0200] "GET /phpmyadmin/themes/pmahomme/img/left_nav_bg.png HTTP/1.1" 200 297
::1 - - [25/Jul/2016:00:16:56 +0200] "GET /phpmyadmin/themes/pmahomme/img/col_pointer.png HTTP/1.1" 200 113
::1 - - [25/Jul/2016:00:16:56 +0200] "GET /phpmyadmin/themes/pmahomme/img/col_drop.png HTTP/1.1" 200 132
::1 - - [25/Jul/2016:00:16:56 +0200] "GET /phpmyadmin/index.php?ajax_request=1&recent_table=1&token=4e1fcaf8c74c2394ca3cb7518ccc550e HTTP/1.1" 200 201
::1 - - [25/Jul/2016:00:17:00 +0200] "GET /phpmyadmin/tbl_structure.php?db=edu&table=user&token=4e1fcaf8c74c2394ca3cb7518ccc550e&ajax_request=true&ajax_page_request=true&menuHashes=c4cdf1e8&_nocache=1469398620321504899 HTTP/1.1" 200 38332
::1 - - [25/Jul/2016:00:17:00 +0200] "GET /phpmyadmin/index.php?ajax_request=1&recent_table=1&token=4e1fcaf8c74c2394ca3cb7518ccc550e HTTP/1.1" 200 201
::1 - - [25/Jul/2016:00:17:02 +0200] "POST /phpmyadmin/tbl_addfield.php HTTP/1.1" 200 39874
::1 - - [25/Jul/2016:00:17:02 +0200] "GET /phpmyadmin/index.php?ajax_request=1&recent_table=1&token=4e1fcaf8c74c2394ca3cb7518ccc550e HTTP/1.1" 200 201
::1 - - [25/Jul/2016:00:17:09 +0200] "POST /phpmyadmin/tbl_addfield.php HTTP/1.1" 200 2498
::1 - - [25/Jul/2016:00:17:10 +0200] "POST /phpmyadmin/navigation.php?ajax_request=1&token=4e1fcaf8c74c2394ca3cb7518ccc550e HTTP/1.1" 200 1259
::1 - - [25/Jul/2016:00:17:12 +0200] "GET /phpmyadmin/sql.php?db=edu&table=user&token=4e1fcaf8c74c2394ca3cb7518ccc550e&pos=0&ajax_request=true&ajax_page_request=true&menuHashes=c4cdf1e8-f9cf2159&_nocache=1469398632372368093 HTTP/1.1" 200 24826
::1 - - [25/Jul/2016:00:17:12 +0200] "GET /phpmyadmin/index.php?ajax_request=1&recent_table=1&token=4e1fcaf8c74c2394ca3cb7518ccc550e HTTP/1.1" 200 201
::1 - - [25/Jul/2016:00:17:19 +0200] "GET /phpmyadmin/themes/pmahomme/jquery/images/ui-bg_flat_75_ffffff_40x100.png HTTP/1.1" 200 178
::1 - - [25/Jul/2016:00:17:19 +0200] "GET /phpmyadmin/themes/pmahomme/jquery/images/ui-icons_222222_256x240.png HTTP/1.1" 200 4369
::1 - - [25/Jul/2016:00:17:19 +0200] "GET /phpmyadmin/themes/pmahomme/jquery/images/ui-bg_highlight-soft_75_cccccc_1x100.png HTTP/1.1" 200 101
::1 - - [25/Jul/2016:00:17:19 +0200] "GET /phpmyadmin/themes/pmahomme/jquery/images/ui-bg_glass_75_e6e6e6_1x400.png HTTP/1.1" 200 110
::1 - - [25/Jul/2016:00:17:19 +0200] "GET /phpmyadmin/themes/pmahomme/jquery/images/ui-bg_flat_0_aaaaaa_40x100.png HTTP/1.1" 200 180
::1 - - [25/Jul/2016:00:17:19 +0200] "GET /phpmyadmin/themes/pmahomme/jquery/images/ui-bg_glass_75_dadada_1x400.png HTTP/1.1" 200 159
::1 - - [25/Jul/2016:00:17:20 +0200] "GET /phpmyadmin/themes/pmahomme/jquery/images/ui-bg_glass_65_ffffff_1x400.png HTTP/1.1" 200 105
::1 - - [25/Jul/2016:00:17:20 +0200] "GET /phpmyadmin/sql.php?db=edu&table=user&sql_query=DELETE+FROM+%60edu%60.%60user%60+WHERE+%60user%60.%60username%60+%3D+%27Kappa%27&message_to_show=De+regel+werd+verwijderd&goto=sql.php%3Fdb%3Dedu%26table%3Duser%26sql_query%3DSELECT%2B%252A%2BFROM%2B%2560user%2560%26message_to_show%3DDe%2Bregel%2Bwerd%2Bverwijderd%26goto%3Dtbl_sql.php%26token%3D4e1fcaf8c74c2394ca3cb7518ccc550e&token=4e1fcaf8c74c2394ca3cb7518ccc550e&ajax_request=true&is_js_confirmed=true&_nocache=1469398640124373903 HTTP/1.1" 200 2564
::1 - - [25/Jul/2016:00:17:22 +0200] "GET /phpmyadmin/sql.php?db=edu&table=user&sql_query=DELETE+FROM+%60edu%60.%60user%60+WHERE+%60user%60.%60username%60+%3D+%27Swen%27&message_to_show=De+regel+werd+verwijderd&goto=sql.php%3Fdb%3Dedu%26table%3Duser%26sql_query%3DSELECT%2B%252A%2BFROM%2B%2560user%2560%26message_to_show%3DDe%2Bregel%2Bwerd%2Bverwijderd%26goto%3Dtbl_sql.php%26token%3D4e1fcaf8c74c2394ca3cb7518ccc550e&token=4e1fcaf8c74c2394ca3cb7518ccc550e&ajax_request=true&is_js_confirmed=true&_nocache=1469398642512669113 HTTP/1.1" 200 2559
::1 - - [25/Jul/2016:00:22:00 +0200] "GET /register.html HTTP/1.1" 200 4904
::1 - - [25/Jul/2016:00:22:02 +0200] "GET /register.html HTTP/1.1" 304 -
::1 - - [25/Jul/2016:00:22:02 +0200] "GET /css/bootstrap.min.css HTTP/1.1" 304 -
::1 - - [25/Jul/2016:00:22:02 +0200] "GET /css/style.css HTTP/1.1" 304 -
::1 - - [25/Jul/2016:00:22:02 +0200] "GET /js/bootstrap/bootstrap.min.js HTTP/1.1" 304 -
::1 - - [25/Jul/2016:00:22:02 +0200] "GET /fonts/glyphicons-halflings-regular.woff2 HTTP/1.1" 304 -
::1 - - [25/Jul/2016:00:25:00 +0200] "GET /register.html HTTP/1.1" 304 -
::1 - - [25/Jul/2016:00:25:00 +0200] "GET /css/bootstrap.min.css HTTP/1.1" 304 -
::1 - - [25/Jul/2016:00:25:00 +0200] "GET /css/style.css HTTP/1.1" 304 -
::1 - - [25/Jul/2016:00:25:00 +0200] "GET /js/bootstrap/bootstrap.min.js HTTP/1.1" 304 -
::1 - - [25/Jul/2016:00:25:00 +0200] "GET /fonts/glyphicons-halflings-regular.woff2 HTTP/1.1" 304 -
::1 - - [25/Jul/2016:00:25:12 +0200] "POST /register.php HTTP/1.1" 302 115
::1 - - [25/Jul/2016:00:25:12 +0200] "GET /login.html HTTP/1.1" 304 -
::1 - - [25/Jul/2016:00:25:19 +0200] "POST /login.php HTTP/1.1" 302 73
::1 - - [25/Jul/2016:00:25:19 +0200] "GET /login.html?error=Could%20not%20login:%20Wrong%20password HTTP/1.1" 304 -
::1 - - [25/Jul/2016:00:25:37 +0200] "GET /login.html?error=Could%20not%20login:%20Wrong%20password HTTP/1.1" 200 3665
::1 - - [25/Jul/2016:00:25:37 +0200] "GET /css/bootstrap.min.css HTTP/1.1" 304 -
::1 - - [25/Jul/2016:00:25:37 +0200] "GET /css/style.css HTTP/1.1" 304 -
::1 - - [25/Jul/2016:00:25:37 +0200] "GET /js/bootstrap/bootstrap.min.js HTTP/1.1" 304 -
::1 - - [25/Jul/2016:00:25:37 +0200] "GET /fonts/glyphicons-halflings-regular.woff2 HTTP/1.1" 304 -
::1 - - [25/Jul/2016:00:25:52 +0200] "GET /login.html HTTP/1.1" 200 3667
::1 - - [25/Jul/2016:00:25:52 +0200] "GET /css/bootstrap.min.css HTTP/1.1" 304 -
::1 - - [25/Jul/2016:00:25:52 +0200] "GET /css/style.css HTTP/1.1" 304 -
::1 - - [25/Jul/2016:00:25:52 +0200] "GET /js/bootstrap/bootstrap.min.js HTTP/1.1" 304 -
::1 - - [25/Jul/2016:00:25:52 +0200] "GET /fonts/glyphicons-halflings-regular.woff2 HTTP/1.1" 304 -
::1 - - [25/Jul/2016:00:25:54 +0200] "POST /login.php HTTP/1.1" 302 73
::1 - - [25/Jul/2016:00:25:54 +0200] "GET /login.html?error=Could%20not%20login:%20Wrong%20password HTTP/1.1" 200 3667
::1 - - [25/Jul/2016:00:26:01 +0200] "GET /login.html?error=Could%20not%20login:%20Wrong%20password HTTP/1.1" 200 3665
::1 - - [25/Jul/2016:00:26:01 +0200] "GET /css/bootstrap.min.css HTTP/1.1" 304 -
::1 - - [25/Jul/2016:00:26:01 +0200] "GET /css/style.css HTTP/1.1" 304 -
::1 - - [25/Jul/2016:00:26:01 +0200] "GET /js/bootstrap/bootstrap.min.js HTTP/1.1" 304 -
::1 - - [25/Jul/2016:00:26:01 +0200] "GET /fonts/glyphicons-halflings-regular.woff2 HTTP/1.1" 304 -
::1 - - [25/Jul/2016:00:26:02 +0200] "GET /login.html?error=Could%20not%20login:%20Wrong%20password HTTP/1.1" 304 -
::1 - - [25/Jul/2016:00:26:02 +0200] "GET /css/bootstrap.min.css HTTP/1.1" 304 -
::1 - - [25/Jul/2016:00:26:02 +0200] "GET /css/style.css HTTP/1.1" 304 -
::1 - - [25/Jul/2016:00:26:02 +0200] "GET /js/bootstrap/bootstrap.min.js HTTP/1.1" 304 -
::1 - - [25/Jul/2016:00:26:02 +0200] "GET /fonts/glyphicons-halflings-regular.woff2 HTTP/1.1" 304 -
::1 - - [25/Jul/2016:00:26:04 +0200] "GET /login.html HTTP/1.1" 200 3665
::1 - - [25/Jul/2016:00:26:36 +0200] "GET /login.html HTTP/1.1" 200 3755
::1 - - [25/Jul/2016:00:26:36 +0200] "GET /css/bootstrap.min.css HTTP/1.1" 304 -
::1 - - [25/Jul/2016:00:26:36 +0200] "GET /css/style.css HTTP/1.1" 304 -
::1 - - [25/Jul/2016:00:26:36 +0200] "GET /js/bootstrap/bootstrap.min.js HTTP/1.1" 304 -
::1 - - [25/Jul/2016:00:26:36 +0200] "GET /fonts/glyphicons-halflings-regular.woff2 HTTP/1.1" 304 -
::1 - - [25/Jul/2016:00:26:38 +0200] "POST /login.php HTTP/1.1" 302 73
::1 - - [25/Jul/2016:00:26:38 +0200] "GET /login.html?error=Could%20not%20login:%20Wrong%20password HTTP/1.1" 200 3755
::1 - - [25/Jul/2016:00:26:48 +0200] "GET /phpmyadmin/sql.php?db=edu&table=user&token=4e1fcaf8c74c2394ca3cb7518ccc550e&pos=0&ajax_request=true&ajax_page_request=true&menuHashes=c4cdf1e8-f9cf2159-ad198aca&_nocache=1469399208059719757 HTTP/1.1" 200 7070
::1 - - [25/Jul/2016:00:26:48 +0200] "GET /phpmyadmin/index.php?ajax_request=1&recent_table=1&token=4e1fcaf8c74c2394ca3cb7518ccc550e HTTP/1.1" 200 201
::1 - - [25/Jul/2016:00:26:53 +0200] "GET /register.html HTTP/1.1" 304 -
::1 - - [25/Jul/2016:00:27:02 +0200] "POST /register.php HTTP/1.1" 302 115
::1 - - [25/Jul/2016:00:27:02 +0200] "GET /login.html HTTP/1.1" 304 -
::1 - - [25/Jul/2016:00:27:07 +0200] "GET /phpmyadmin/sql.php?db=edu&table=user&token=4e1fcaf8c74c2394ca3cb7518ccc550e&pos=0&ajax_request=true&ajax_page_request=true&menuHashes=c4cdf1e8-f9cf2159-ad198aca&_nocache=1469399227341300480 HTTP/1.1" 200 7070
::1 - - [25/Jul/2016:00:27:07 +0200] "GET /phpmyadmin/index.php?ajax_request=1&recent_table=1&token=4e1fcaf8c74c2394ca3cb7518ccc550e HTTP/1.1" 200 201
::1 - - [25/Jul/2016:00:27:26 +0200] "GET /phpmyadmin/tbl_structure.php?db=edu&table=user&token=4e1fcaf8c74c2394ca3cb7518ccc550e&ajax_request=true&ajax_page_request=true&menuHashes=c4cdf1e8-f9cf2159-ad198aca&_nocache=1469399246324851005 HTTP/1.1" 200 39446
::1 - - [25/Jul/2016:00:27:26 +0200] "GET /phpmyadmin/index.php?ajax_request=1&recent_table=1&token=4e1fcaf8c74c2394ca3cb7518ccc550e HTTP/1.1" 200 201
::1 - - [25/Jul/2016:00:27:48 +0200] "GET /login.html HTTP/1.1" 304 -
::1 - - [25/Jul/2016:00:27:48 +0200] "GET /css/bootstrap.min.css HTTP/1.1" 304 -
::1 - - [25/Jul/2016:00:27:48 +0200] "GET /css/style.css HTTP/1.1" 304 -
::1 - - [25/Jul/2016:00:27:48 +0200] "GET /js/bootstrap/bootstrap.min.js HTTP/1.1" 304 -
::1 - - [25/Jul/2016:00:27:48 +0200] "GET /fonts/glyphicons-halflings-regular.woff2 HTTP/1.1" 304 -
::1 - - [25/Jul/2016:00:27:49 +0200] "GET /register.html HTTP/1.1" 304 -
::1 - - [25/Jul/2016:00:27:54 +0200] "POST /register.php HTTP/1.1" 302 -
::1 - - [25/Jul/2016:00:27:54 +0200] "GET /login.html HTTP/1.1" 304 -
::1 - - [25/Jul/2016:00:27:56 +0200] "GET /phpmyadmin/sql.php?db=edu&table=user&token=4e1fcaf8c74c2394ca3cb7518ccc550e&pos=0&ajax_request=true&ajax_page_request=true&menuHashes=c4cdf1e8-f9cf2159-ad198aca&_nocache=1469399276598154012 HTTP/1.1" 200 17147
::1 - - [25/Jul/2016:00:27:56 +0200] "GET /phpmyadmin/index.php?ajax_request=1&recent_table=1&token=4e1fcaf8c74c2394ca3cb7518ccc550e HTTP/1.1" 200 201
::1 - - [25/Jul/2016:00:28:06 +0200] "POST /login.php HTTP/1.1" 302 153
::1 - - [25/Jul/2016:00:28:06 +0200] "GET /app.html HTTP/1.1" 304 -
::1 - - [25/Jul/2016:00:28:06 +0200] "GET /Webservice/Controllers/pet.php HTTP/1.1" 200 95
::1 - - [25/Jul/2016:00:28:36 +0200] "POST /login.php HTTP/1.1" 302 153
::1 - - [25/Jul/2016:00:28:36 +0200] "GET /app.html HTTP/1.1" 304 -
::1 - - [25/Jul/2016:00:28:36 +0200] "GET /Webservice/Controllers/pet.php HTTP/1.1" 200 95
::1 - - [25/Jul/2016:00:28:58 +0200] "GET /phpmyadmin/index.php?token=4e1fcaf8c74c2394ca3cb7518ccc550e&ajax_request=true&ajax_page_request=true&menuHashes=c4cdf1e8-f9cf2159-ad198aca&_nocache=1469399338669974337 HTTP/1.1" 200 40751
::1 - - [25/Jul/2016:00:28:58 +0200] "GET /phpmyadmin/version_check.php?&_nocache=1469399338774593926 HTTP/1.1" 200 39
::1 - - [25/Jul/2016:00:29:00 +0200] "GET /phpmyadmin/db_structure.php?server=1&db=edu&token=4e1fcaf8c74c2394ca3cb7518ccc550e&ajax_request=true&ajax_page_request=true&menuHashes=c4cdf1e8-f9cf2159-ad198aca-ecdef191&_nocache=1469399340540821824 HTTP/1.1" 200 20679
::1 - - [25/Jul/2016:00:29:00 +0200] "GET /phpmyadmin/js/get_scripts.js.php?scripts[]=db_structure.js HTTP/1.1" 200 5367
::1 - - [25/Jul/2016:00:29:02 +0200] "GET /phpmyadmin/sql.php?db=edu&token=4e1fcaf8c74c2394ca3cb7518ccc550e&goto=db_structure.php&table=pet&pos=0&ajax_request=true&ajax_page_request=true&menuHashes=c4cdf1e8-f9cf2159-ad198aca-ecdef191-3434e727&_nocache=1469399342390141281 HTTP/1.1" 200 26561
::1 - - [25/Jul/2016:00:29:02 +0200] "GET /phpmyadmin/index.php?ajax_request=1&recent_table=1&token=4e1fcaf8c74c2394ca3cb7518ccc550e HTTP/1.1" 200 307
::1 - - [25/Jul/2016:00:29:10 +0200] "GET /register.html HTTP/1.1" 304 -
::1 - - [25/Jul/2016:00:29:22 +0200] "POST /register.php HTTP/1.1" 302 -
::1 - - [25/Jul/2016:00:29:22 +0200] "GET /login.html HTTP/1.1" 304 -
::1 - - [25/Jul/2016:00:29:28 +0200] "POST /login.php HTTP/1.1" 302 153
::1 - - [25/Jul/2016:00:29:28 +0200] "GET /app.html HTTP/1.1" 304 -
::1 - - [25/Jul/2016:00:29:28 +0200] "GET /Webservice/Controllers/pet.php HTTP/1.1" 200 95
::1 - - [25/Jul/2016:00:42:50 +0200] "POST /login.php HTTP/1.1" 302 153
::1 - - [25/Jul/2016:00:42:50 +0200] "GET /app.html HTTP/1.1" 304 -
::1 - - [25/Jul/2016:00:42:50 +0200] "GET /Webservice/Controllers/pet.php HTTP/1.1" 200 94
::1 - - [25/Jul/2016:00:42:58 +0200] "GET /phpmyadmin/db_structure.php?db=edu&token=4e1fcaf8c74c2394ca3cb7518ccc550e&ajax_request=true&ajax_page_request=true&menuHashes=c4cdf1e8-f9cf2159-ad198aca-ecdef191-3434e727-e92ec609&_nocache=1469400178516688667 HTTP/1.1" 200 17582
::1 - - [25/Jul/2016:00:43:01 +0200] "GET /phpmyadmin/sql.php?db=edu&token=4e1fcaf8c74c2394ca3cb7518ccc550e&goto=db_structure.php&table=user&pos=0&ajax_request=true&ajax_page_request=true&menuHashes=c4cdf1e8-f9cf2159-ad198aca-ecdef191-3434e727-e92ec609&_nocache=1469400181109419487 HTTP/1.1" 200 21853
::1 - - [25/Jul/2016:00:43:01 +0200] "GET /phpmyadmin/index.php?ajax_request=1&recent_table=1&token=4e1fcaf8c74c2394ca3cb7518ccc550e HTTP/1.1" 200 307
::1 - - [25/Jul/2016:00:43:16 +0200] "POST /login.php HTTP/1.1" 302 153
::1 - - [25/Jul/2016:00:43:16 +0200] "GET /dashboard.html HTTP/1.1" 200 1416
::1 - - [25/Jul/2016:00:47:52 +0200] "GET /dashboard.html HTTP/1.1" 200 2350
::1 - - [25/Jul/2016:00:47:52 +0200] "GET /css/bootstrap.min.css HTTP/1.1" 304 -
::1 - - [25/Jul/2016:00:47:52 +0200] "GET /css/style.css HTTP/1.1" 304 -
::1 - - [25/Jul/2016:00:47:52 +0200] "GET /js/bootstrap/bootstrap.min.js HTTP/1.1" 304 -
::1 - - [25/Jul/2016:00:47:52 +0200] "GET /fonts/glyphicons-halflings-regular.woff2 HTTP/1.1" 304 -
::1 - - [25/Jul/2016:01:02:49 +0200] "GET /phpmyadmin/db_structure.php?db=edu&token=4e1fcaf8c74c2394ca3cb7518ccc550e&ajax_request=true&ajax_page_request=true&menuHashes=c4cdf1e8-f9cf2159-ad198aca-ecdef191-3434e727-e92ec609&_nocache=1469401369659308470 HTTP/1.1" 200 17582
::1 - - [25/Jul/2016:01:02:51 +0200] "GET /phpmyadmin/tbl_structure.php?db=edu&token=4e1fcaf8c74c2394ca3cb7518ccc550e&goto=db_structure.php&table=record&ajax_request=true&ajax_page_request=true&menuHashes=c4cdf1e8-f9cf2159-ad198aca-ecdef191-3434e727-e92ec609&_nocache=1469401371674582058 HTTP/1.1" 200 34478
::1 - - [25/Jul/2016:01:02:51 +0200] "GET /phpmyadmin/index.php?ajax_request=1&recent_table=1&token=4e1fcaf8c74c2394ca3cb7518ccc550e HTTP/1.1" 200 419
::1 - - [25/Jul/2016:01:02:58 +0200] "POST /phpmyadmin/tbl_addfield.php HTTP/1.1" 200 39886
::1 - - [25/Jul/2016:01:02:59 +0200] "GET /phpmyadmin/index.php?ajax_request=1&recent_table=1&token=4e1fcaf8c74c2394ca3cb7518ccc550e HTTP/1.1" 200 419
::1 - - [25/Jul/2016:01:03:04 +0200] "POST /phpmyadmin/tbl_addfield.php HTTP/1.1" 200 2317
::1 - - [25/Jul/2016:01:03:05 +0200] "POST /phpmyadmin/navigation.php?ajax_request=1&token=4e1fcaf8c74c2394ca3cb7518ccc550e HTTP/1.1" 200 1259
::1 - - [25/Jul/2016:01:03:06 +0200] "GET /phpmyadmin/sql.php?db=edu&table=record&token=4e1fcaf8c74c2394ca3cb7518ccc550e&pos=0&ajax_request=true&ajax_page_request=true&menuHashes=c4cdf1e8-f9cf2159-ad198aca-ecdef191-3434e727-e92ec609-9bcfbf1b&_nocache=1469401386624886664 HTTP/1.1" 200 27331
::1 - - [25/Jul/2016:01:03:06 +0200] "GET /phpmyadmin/index.php?ajax_request=1&recent_table=1&token=4e1fcaf8c74c2394ca3cb7518ccc550e HTTP/1.1" 200 419
::1 - - [25/Jul/2016:01:03:08 +0200] "GET /phpmyadmin/tbl_structure.php?db=edu&table=record&token=4e1fcaf8c74c2394ca3cb7518ccc550e&ajax_request=true&ajax_page_request=true&menuHashes=f9cf2159-ad198aca-ecdef191-3434e727-e92ec609-9bcfbf1b-d97ec4e0&_nocache=1469401388904879204 HTTP/1.1" 200 35381
::1 - - [25/Jul/2016:01:03:09 +0200] "GET /phpmyadmin/index.php?ajax_request=1&recent_table=1&token=4e1fcaf8c74c2394ca3cb7518ccc550e HTTP/1.1" 200 419
::1 - - [25/Jul/2016:01:08:03 +0200] "GET /phpmyadmin/db_structure.php?db=edu&token=4e1fcaf8c74c2394ca3cb7518ccc550e&ajax_request=true&ajax_page_request=true&menuHashes=f9cf2159-ad198aca-ecdef191-3434e727-e92ec609-9bcfbf1b-d97ec4e0&_nocache=1469401683036240188 HTTP/1.1" 200 17582
::1 - - [25/Jul/2016:01:08:05 +0200] "GET /phpmyadmin/sql.php?db=edu&token=4e1fcaf8c74c2394ca3cb7518ccc550e&goto=db_structure.php&table=user&pos=0&ajax_request=true&ajax_page_request=true&menuHashes=f9cf2159-ad198aca-ecdef191-3434e727-e92ec609-9bcfbf1b-d97ec4e0&_nocache=1469401685161805182 HTTP/1.1" 200 21853
::1 - - [25/Jul/2016:01:08:05 +0200] "GET /phpmyadmin/index.php?ajax_request=1&recent_table=1&token=4e1fcaf8c74c2394ca3cb7518ccc550e HTTP/1.1" 200 419
::1 - - [25/Jul/2016:01:08:06 +0200] "GET /phpmyadmin/tbl_structure.php?db=edu&table=user&token=4e1fcaf8c74c2394ca3cb7518ccc550e&ajax_request=true&ajax_page_request=true&menuHashes=f9cf2159-ad198aca-ecdef191-3434e727-e92ec609-9bcfbf1b-d97ec4e0&_nocache=1469401686288998329 HTTP/1.1" 200 39446
::1 - - [25/Jul/2016:01:08:06 +0200] "GET /phpmyadmin/index.php?ajax_request=1&recent_table=1&token=4e1fcaf8c74c2394ca3cb7518ccc550e HTTP/1.1" 200 419
::1 - - [25/Jul/2016:01:11:53 +0200] "GET /phpmyadmin/sql.php?db=edu&table=user&token=4e1fcaf8c74c2394ca3cb7518ccc550e&goto=tbl_structure.php&back=tbl_structure.php&sql_query=ALTER+TABLE+%60user%60+DROP+%60role%60%3B&dropped_column=role&message_to_show=Kolom+role+is+verwijderd&is_js_confirmed=1&ajax_request=true&ajax_page_request=true&_nocache=1469401913419108486 HTTP/1.1" 200 42057
::1 - - [25/Jul/2016:01:11:54 +0200] "POST /phpmyadmin/navigation.php?ajax_request=1&token=4e1fcaf8c74c2394ca3cb7518ccc550e HTTP/1.1" 200 1259
::1 - - [25/Jul/2016:01:15:07 +0200] "GET /dashboard.html HTTP/1.1" 200 4642
::1 - - [25/Jul/2016:01:15:07 +0200] "GET /css/bootstrap.min.css HTTP/1.1" 304 -
::1 - - [25/Jul/2016:01:15:07 +0200] "GET /css/style.css HTTP/1.1" 304 -
::1 - - [25/Jul/2016:01:15:07 +0200] "GET /js/bootstrap/bootstrap.min.js HTTP/1.1" 304 -
::1 - - [25/Jul/2016:01:15:07 +0200] "GET /fonts/glyphicons-halflings-regular.woff2 HTTP/1.1" 304 -
::1 - - [25/Jul/2016:01:15:09 +0200] "GET / HTTP/1.1" 200 1410
::1 - - [25/Jul/2016:01:15:11 +0200] "GET /Webservice/Controllers/pet.php HTTP/1.1" 200 94
::1 - - [25/Jul/2016:01:15:17 +0200] "GET /login.html HTTP/1.1" 304 -
::1 - - [25/Jul/2016:01:15:30 +0200] "GET /register.html HTTP/1.1" 304 -
::1 - - [25/Jul/2016:01:15:38 +0200] "POST /register.php HTTP/1.1" 302 198
::1 - - [25/Jul/2016:01:15:38 +0200] "GET /login.html HTTP/1.1" 304 -
::1 - - [25/Jul/2016:01:15:43 +0200] "POST /login.php HTTP/1.1" 200 150
::1 - - [25/Jul/2016:01:16:08 +0200] "POST /login.php HTTP/1.1" 302 270
::1 - - [25/Jul/2016:01:16:08 +0200] "GET /login.html?error=Could%20not%20login:%20Wrong%20password HTTP/1.1" 304 -
::1 - - [25/Jul/2016:01:16:14 +0200] "POST /login.php HTTP/1.1" 302 270
::1 - - [25/Jul/2016:01:16:14 +0200] "GET /login.html?error=Could%20not%20login:%20Wrong%20password HTTP/1.1" 304 -
::1 - - [25/Jul/2016:01:16:19 +0200] "POST /login.php HTTP/1.1" 302 270
::1 - - [25/Jul/2016:01:16:19 +0200] "GET /login.html?error=Could%20not%20login:%20Wrong%20password HTTP/1.1" 304 -
::1 - - [25/Jul/2016:01:16:26 +0200] "GET /phpmyadmin/sql.php?db=edu&table=user&token=4e1fcaf8c74c2394ca3cb7518ccc550e&pos=0&ajax_request=true&ajax_page_request=true&menuHashes=f9cf2159-ad198aca-ecdef191-3434e727-e92ec609-9bcfbf1b-d97ec4e0&_nocache=1469402186598101857 HTTP/1.1" 200 21445
::1 - - [25/Jul/2016:01:16:26 +0200] "GET /phpmyadmin/index.php?ajax_request=1&recent_table=1&token=4e1fcaf8c74c2394ca3cb7518ccc550e HTTP/1.1" 200 419
::1 - - [25/Jul/2016:01:17:27 +0200] "POST /register.php HTTP/1.1" 302 205
::1 - - [25/Jul/2016:01:17:27 +0200] "GET /login.html HTTP/1.1" 304 -
::1 - - [25/Jul/2016:01:17:31 +0200] "GET /phpmyadmin/sql.php?db=edu&table=user&token=4e1fcaf8c74c2394ca3cb7518ccc550e&pos=0&ajax_request=true&ajax_page_request=true&menuHashes=f9cf2159-ad198aca-ecdef191-3434e727-e92ec609-9bcfbf1b-d97ec4e0&_nocache=1469402251286184704 HTTP/1.1" 200 21445
::1 - - [25/Jul/2016:01:17:31 +0200] "GET /phpmyadmin/index.php?ajax_request=1&recent_table=1&token=4e1fcaf8c74c2394ca3cb7518ccc550e HTTP/1.1" 200 419
::1 - - [25/Jul/2016:01:17:52 +0200] "POST /register.php HTTP/1.1" 302 -
::1 - - [25/Jul/2016:01:17:52 +0200] "GET /login.html HTTP/1.1" 304 -
::1 - - [25/Jul/2016:01:17:57 +0200] "POST /login.php HTTP/1.1" 302 270
::1 - - [25/Jul/2016:01:17:57 +0200] "GET /login.html?error=Could%20not%20login:%20Wrong%20password HTTP/1.1" 304 -
::1 - - [25/Jul/2016:01:17:59 +0200] "GET /phpmyadmin/sql.php?db=edu&table=user&token=4e1fcaf8c74c2394ca3cb7518ccc550e&pos=0&ajax_request=true&ajax_page_request=true&menuHashes=f9cf2159-ad198aca-ecdef191-3434e727-e92ec609-9bcfbf1b-d97ec4e0&_nocache=1469402279639699050 HTTP/1.1" 200 24009
::1 - - [25/Jul/2016:01:17:59 +0200] "GET /phpmyadmin/index.php?ajax_request=1&recent_table=1&token=4e1fcaf8c74c2394ca3cb7518ccc550e HTTP/1.1" 200 419
::1 - - [25/Jul/2016:01:18:08 +0200] "POST /login.php HTTP/1.1" 302 270
::1 - - [25/Jul/2016:01:18:08 +0200] "GET /login.html?error=Could%20not%20login:%20Wrong%20password HTTP/1.1" 304 -
::1 - - [25/Jul/2016:01:18:14 +0200] "POST /login.php HTTP/1.1" 302 270
::1 - - [25/Jul/2016:01:18:14 +0200] "GET /login.html?error=Could%20not%20login:%20Wrong%20password HTTP/1.1" 304 -
::1 - - [25/Jul/2016:01:18:20 +0200] "GET /phpmyadmin/sql.php?db=edu&table=user&sql_query=DELETE+FROM+%60edu%60.%60user%60+WHERE+%60user%60.%60username%60+%3D+%27Sofie%27&message_to_show=De+regel+werd+verwijderd&goto=sql.php%3Fdb%3Dedu%26table%3Duser%26sql_query%3DSELECT%2B%252A%2BFROM%2B%2560user%2560%26message_to_show%3DDe%2Bregel%2Bwerd%2Bverwijderd%26goto%3Dtbl_sql.php%26token%3D4e1fcaf8c74c2394ca3cb7518ccc550e&token=4e1fcaf8c74c2394ca3cb7518ccc550e&ajax_request=true&is_js_confirmed=true&_nocache=1469402300169116716 HTTP/1.1" 200 2564
::1 - - [25/Jul/2016:01:18:29 +0200] "GET /register.html HTTP/1.1" 304 -
::1 - - [25/Jul/2016:01:18:29 +0200] "GET /css/bootstrap.min.css HTTP/1.1" 304 -
::1 - - [25/Jul/2016:01:18:29 +0200] "GET /css/style.css HTTP/1.1" 304 -
::1 - - [25/Jul/2016:01:18:29 +0200] "GET /js/bootstrap/bootstrap.min.js HTTP/1.1" 304 -
::1 - - [25/Jul/2016:01:18:29 +0200] "GET /fonts/glyphicons-halflings-regular.woff2 HTTP/1.1" 304 -
::1 - - [25/Jul/2016:01:18:37 +0200] "POST /register.php HTTP/1.1" 302 -
::1 - - [25/Jul/2016:01:18:37 +0200] "GET /login.html HTTP/1.1" 304 -
::1 - - [25/Jul/2016:01:18:40 +0200] "POST /login.php HTTP/1.1" 302 270
::1 - - [25/Jul/2016:01:18:40 +0200] "GET /login.html?error=Could%20not%20login:%20Wrong%20password HTTP/1.1" 304 -
::1 - - [25/Jul/2016:01:18:46 +0200] "POST /login.php HTTP/1.1" 302 270
::1 - - [25/Jul/2016:01:18:46 +0200] "GET /login.html?error=Could%20not%20login:%20Wrong%20password HTTP/1.1" 304 -
::1 - - [25/Jul/2016:01:19:06 +0200] "POST /login.php HTTP/1.1" 200 270
::1 - - [25/Jul/2016:01:19:39 +0200] "POST /login.php HTTP/1.1" 302 153
::1 - - [25/Jul/2016:01:19:39 +0200] "GET /app.html HTTP/1.1" 304 -
::1 - - [25/Jul/2016:01:19:39 +0200] "GET /Webservice/Controllers/pet.php HTTP/1.1" 200 95
::1 - - [25/Jul/2016:01:22:16 +0200] "GET /app.html HTTP/1.1" 304 -
::1 - - [25/Jul/2016:01:22:16 +0200] "GET /css/bootstrap.min.css HTTP/1.1" 304 -
::1 - - [25/Jul/2016:01:22:16 +0200] "GET /css/style.css HTTP/1.1" 304 -
::1 - - [25/Jul/2016:01:22:16 +0200] "GET /js/minigame_bubblemath.js HTTP/1.1" 304 -
::1 - - [25/Jul/2016:01:22:16 +0200] "GET /js/phaser.js HTTP/1.1" 304 -
::1 - - [25/Jul/2016:01:22:16 +0200] "GET /js/main_menu.js HTTP/1.1" 304 -
::1 - - [25/Jul/2016:01:22:16 +0200] "GET /js/preloader.js HTTP/1.1" 304 -
::1 - - [25/Jul/2016:01:22:16 +0200] "GET /js/boot.js HTTP/1.1" 304 -
::1 - - [25/Jul/2016:01:22:16 +0200] "GET /js/phaser_init.js HTTP/1.1" 304 -
::1 - - [25/Jul/2016:01:22:16 +0200] "GET /js/bootstrap/bootstrap.min.js HTTP/1.1" 304 -
::1 - - [25/Jul/2016:01:22:16 +0200] "GET /js/hub.js HTTP/1.1" 200 2861
::1 - - [25/Jul/2016:01:22:16 +0200] "GET /Webservice/Controllers/pet.php HTTP/1.1" 200 95
::1 - - [25/Jul/2016:01:22:22 +0200] "GET /app.html HTTP/1.1" 304 -
::1 - - [25/Jul/2016:01:22:22 +0200] "GET /css/bootstrap.min.css HTTP/1.1" 304 -
::1 - - [25/Jul/2016:01:22:22 +0200] "GET /css/style.css HTTP/1.1" 304 -
::1 - - [25/Jul/2016:01:22:22 +0200] "GET /js/phaser.js HTTP/1.1" 304 -
::1 - - [25/Jul/2016:01:22:22 +0200] "GET /js/minigame_bubblemath.js HTTP/1.1" 304 -
::1 - - [25/Jul/2016:01:22:22 +0200] "GET /js/boot.js HTTP/1.1" 304 -
::1 - - [25/Jul/2016:01:22:22 +0200] "GET /js/preloader.js HTTP/1.1" 304 -
::1 - - [25/Jul/2016:01:22:22 +0200] "GET /js/main_menu.js HTTP/1.1" 304 -
::1 - - [25/Jul/2016:01:22:22 +0200] "GET /js/phaser_init.js HTTP/1.1" 304 -
::1 - - [25/Jul/2016:01:22:22 +0200] "GET /js/bootstrap/bootstrap.min.js HTTP/1.1" 304 -
::1 - - [25/Jul/2016:01:22:22 +0200] "GET /js/hub.js HTTP/1.1" 200 2856
::1 - - [25/Jul/2016:01:22:22 +0200] "GET /Webservice/Controllers/pet.php HTTP/1.1" 200 95
::1 - - [25/Jul/2016:01:22:41 +0200] "GET /app.html HTTP/1.1" 304 -
::1 - - [25/Jul/2016:01:22:41 +0200] "GET /css/bootstrap.min.css HTTP/1.1" 304 -
::1 - - [25/Jul/2016:01:22:41 +0200] "GET /css/style.css HTTP/1.1" 304 -
::1 - - [25/Jul/2016:01:22:41 +0200] "GET /js/minigame_bubblemath.js HTTP/1.1" 304 -
::1 - - [25/Jul/2016:01:22:41 +0200] "GET /js/boot.js HTTP/1.1" 304 -
::1 - - [25/Jul/2016:01:22:41 +0200] "GET /js/preloader.js HTTP/1.1" 304 -
::1 - - [25/Jul/2016:01:22:41 +0200] "GET /js/main_menu.js HTTP/1.1" 304 -
::1 - - [25/Jul/2016:01:22:41 +0200] "GET /js/phaser.js HTTP/1.1" 304 -
::1 - - [25/Jul/2016:01:22:41 +0200] "GET /js/hub.js HTTP/1.1" 200 2882
::1 - - [25/Jul/2016:01:22:41 +0200] "GET /js/phaser_init.js HTTP/1.1" 304 -
::1 - - [25/Jul/2016:01:22:41 +0200] "GET /js/bootstrap/bootstrap.min.js HTTP/1.1" 304 -
::1 - - [25/Jul/2016:01:22:41 +0200] "GET /Webservice/Controllers/pet.php HTTP/1.1" 200 95
::1 - - [25/Jul/2016:01:23:36 +0200] "GET /app.html HTTP/1.1" 304 -
::1 - - [25/Jul/2016:01:23:36 +0200] "GET /css/bootstrap.min.css HTTP/1.1" 304 -
::1 - - [25/Jul/2016:01:23:36 +0200] "GET /css/style.css HTTP/1.1" 304 -
::1 - - [25/Jul/2016:01:23:36 +0200] "GET /js/boot.js HTTP/1.1" 304 -
::1 - - [25/Jul/2016:01:23:36 +0200] "GET /js/phaser.js HTTP/1.1" 304 -
::1 - - [25/Jul/2016:01:23:36 +0200] "GET /js/preloader.js HTTP/1.1" 304 -
::1 - - [25/Jul/2016:01:23:36 +0200] "GET /js/main_menu.js HTTP/1.1" 304 -
::1 - - [25/Jul/2016:01:23:36 +0200] "GET /js/minigame_bubblemath.js HTTP/1.1" 304 -
::1 - - [25/Jul/2016:01:23:36 +0200] "GET /js/phaser_init.js HTTP/1.1" 304 -
::1 - - [25/Jul/2016:01:23:36 +0200] "GET /js/bootstrap/bootstrap.min.js HTTP/1.1" 304 -
::1 - - [25/Jul/2016:01:23:36 +0200] "GET /js/hub.js HTTP/1.1" 200 2786
::1 - - [25/Jul/2016:01:23:36 +0200] "GET /Webservice/Controllers/pet.php HTTP/1.1" 200 95
::1 - - [25/Jul/2016:01:23:48 +0200] "GET /app.html HTTP/1.1" 304 -
::1 - - [25/Jul/2016:01:23:48 +0200] "GET /css/bootstrap.min.css HTTP/1.1" 304 -
::1 - - [25/Jul/2016:01:23:48 +0200] "GET /css/style.css HTTP/1.1" 304 -
::1 - - [25/Jul/2016:01:23:48 +0200] "GET /js/phaser.js HTTP/1.1" 304 -
::1 - - [25/Jul/2016:01:23:48 +0200] "GET /js/minigame_bubblemath.js HTTP/1.1" 304 -
::1 - - [25/Jul/2016:01:23:48 +0200] "GET /js/boot.js HTTP/1.1" 304 -
::1 - - [25/Jul/2016:01:23:48 +0200] "GET /js/phaser_init.js HTTP/1.1" 304 -
::1 - - [25/Jul/2016:01:23:48 +0200] "GET /js/preloader.js HTTP/1.1" 304 -
::1 - - [25/Jul/2016:01:23:48 +0200] "GET /js/bootstrap/bootstrap.min.js HTTP/1.1" 304 -
::1 - - [25/Jul/2016:01:23:48 +0200] "GET /js/main_menu.js HTTP/1.1" 304 -
::1 - - [25/Jul/2016:01:23:48 +0200] "GET /js/hub.js HTTP/1.1" 200 2798
::1 - - [25/Jul/2016:01:23:48 +0200] "GET /Webservice/Controllers/pet.php HTTP/1.1" 200 95
::1 - - [25/Jul/2016:01:25:04 +0200] "GET /app.html HTTP/1.1" 304 -
::1 - - [25/Jul/2016:01:25:04 +0200] "GET /css/bootstrap.min.css HTTP/1.1" 304 -
::1 - - [25/Jul/2016:01:25:04 +0200] "GET /css/style.css HTTP/1.1" 304 -
::1 - - [25/Jul/2016:01:25:04 +0200] "GET /js/phaser.js HTTP/1.1" 304 -
::1 - - [25/Jul/2016:01:25:04 +0200] "GET /js/boot.js HTTP/1.1" 304 -
::1 - - [25/Jul/2016:01:25:04 +0200] "GET /js/preloader.js HTTP/1.1" 304 -
::1 - - [25/Jul/2016:01:25:04 +0200] "GET /js/main_menu.js HTTP/1.1" 304 -
::1 - - [25/Jul/2016:01:25:04 +0200] "GET /js/minigame_bubblemath.js HTTP/1.1" 304 -
::1 - - [25/Jul/2016:01:25:04 +0200] "GET /js/hub.js HTTP/1.1" 304 -
::1 - - [25/Jul/2016:01:25:04 +0200] "GET /js/phaser_init.js HTTP/1.1" 304 -
::1 - - [25/Jul/2016:01:25:04 +0200] "GET /js/bootstrap/bootstrap.min.js HTTP/1.1" 304 -
::1 - - [25/Jul/2016:01:25:05 +0200] "GET /Webservice/Controllers/pet.php HTTP/1.1" 200 59
::1 - - [25/Jul/2016:01:25:32 +0200] "GET /app.html HTTP/1.1" 304 -
::1 - - [25/Jul/2016:01:25:32 +0200] "GET /css/bootstrap.min.css HTTP/1.1" 304 -
::1 - - [25/Jul/2016:01:25:32 +0200] "GET /css/style.css HTTP/1.1" 304 -
::1 - - [25/Jul/2016:01:25:32 +0200] "GET /js/main_menu.js HTTP/1.1" 304 -
::1 - - [25/Jul/2016:01:25:32 +0200] "GET /js/boot.js HTTP/1.1" 304 -
::1 - - [25/Jul/2016:01:25:32 +0200] "GET /js/phaser.js HTTP/1.1" 304 -
::1 - - [25/Jul/2016:01:25:32 +0200] "GET /js/minigame_bubblemath.js HTTP/1.1" 304 -
::1 - - [25/Jul/2016:01:25:32 +0200] "GET /js/preloader.js HTTP/1.1" 304 -
::1 - - [25/Jul/2016:01:25:32 +0200] "GET /js/phaser_init.js HTTP/1.1" 304 -
::1 - - [25/Jul/2016:01:25:32 +0200] "GET /js/bootstrap/bootstrap.min.js HTTP/1.1" 304 -
::1 - - [25/Jul/2016:01:25:32 +0200] "GET /js/hub.js HTTP/1.1" 200 2803
::1 - - [25/Jul/2016:01:25:32 +0200] "GET /Webservice/Controllers/pet.php HTTP/1.1" 200 59
::1 - - [25/Jul/2016:01:25:52 +0200] "GET /app.html HTTP/1.1" 304 -
::1 - - [25/Jul/2016:01:25:52 +0200] "GET /css/bootstrap.min.css HTTP/1.1" 304 -
::1 - - [25/Jul/2016:01:25:52 +0200] "GET /css/style.css HTTP/1.1" 304 -
::1 - - [25/Jul/2016:01:25:52 +0200] "GET /js/phaser.js HTTP/1.1" 304 -
::1 - - [25/Jul/2016:01:25:52 +0200] "GET /js/boot.js HTTP/1.1" 304 -
::1 - - [25/Jul/2016:01:25:52 +0200] "GET /js/preloader.js HTTP/1.1" 304 -
::1 - - [25/Jul/2016:01:25:52 +0200] "GET /js/main_menu.js HTTP/1.1" 304 -
::1 - - [25/Jul/2016:01:25:52 +0200] "GET /js/minigame_bubblemath.js HTTP/1.1" 304 -
::1 - - [25/Jul/2016:01:25:52 +0200] "GET /js/phaser_init.js HTTP/1.1" 304 -
::1 - - [25/Jul/2016:01:25:52 +0200] "GET /js/bootstrap/bootstrap.min.js HTTP/1.1" 304 -
::1 - - [25/Jul/2016:01:25:52 +0200] "GET /js/hub.js HTTP/1.1" 200 2836
::1 - - [25/Jul/2016:01:25:52 +0200] "GET /Webservice/Controllers/pet.php HTTP/1.1" 200 59
::1 - - [25/Jul/2016:01:26:01 +0200] "GET /app.html HTTP/1.1" 304 -
::1 - - [25/Jul/2016:01:26:01 +0200] "GET /css/bootstrap.min.css HTTP/1.1" 304 -
::1 - - [25/Jul/2016:01:26:01 +0200] "GET /css/style.css HTTP/1.1" 304 -
::1 - - [25/Jul/2016:01:26:01 +0200] "GET /js/minigame_bubblemath.js HTTP/1.1" 304 -
::1 - - [25/Jul/2016:01:26:01 +0200] "GET /js/phaser.js HTTP/1.1" 304 -
::1 - - [25/Jul/2016:01:26:01 +0200] "GET /js/boot.js HTTP/1.1" 304 -
::1 - - [25/Jul/2016:01:26:01 +0200] "GET /js/main_menu.js HTTP/1.1" 304 -
::1 - - [25/Jul/2016:01:26:01 +0200] "GET /js/preloader.js HTTP/1.1" 304 -
::1 - - [25/Jul/2016:01:26:01 +0200] "GET /js/bootstrap/bootstrap.min.js HTTP/1.1" 304 -
::1 - - [25/Jul/2016:01:26:01 +0200] "GET /js/phaser_init.js HTTP/1.1" 304 -
::1 - - [25/Jul/2016:01:26:01 +0200] "GET /js/hub.js HTTP/1.1" 200 2804
::1 - - [25/Jul/2016:01:26:01 +0200] "GET /Webservice/Controllers/pet.php HTTP/1.1" 200 59
::1 - - [25/Jul/2016:01:27:05 +0200] "GET /phpmyadmin/db_structure.php?server=1&db=edu&token=4e1fcaf8c74c2394ca3cb7518ccc550e&ajax_request=true&ajax_page_request=true&menuHashes=f9cf2159-ad198aca-ecdef191-3434e727-e92ec609-9bcfbf1b-d97ec4e0&_nocache=1469402825570962670 HTTP/1.1" 200 17584
::1 - - [25/Jul/2016:01:27:08 +0200] "GET /phpmyadmin/sql.php?db=edu&token=4e1fcaf8c74c2394ca3cb7518ccc550e&goto=db_structure.php&table=pet&pos=0&ajax_request=true&ajax_page_request=true&menuHashes=f9cf2159-ad198aca-ecdef191-3434e727-e92ec609-9bcfbf1b-d97ec4e0&_nocache=1469402828115368087 HTTP/1.1" 200 23578
::1 - - [25/Jul/2016:01:27:08 +0200] "GET /phpmyadmin/index.php?ajax_request=1&recent_table=1&token=4e1fcaf8c74c2394ca3cb7518ccc550e HTTP/1.1" 200 419
::1 - - [25/Jul/2016:01:27:16 +0200] "GET /fonts/glyphicons-halflings-regular.woff2 HTTP/1.1" 304 -
::1 - - [25/Jul/2016:01:27:20 +0200] "POST /login.php HTTP/1.1" 302 73
::1 - - [25/Jul/2016:01:27:20 +0200] "GET /login.html?error=Could%20not%20login:%20Wrong%20password HTTP/1.1" 304 -
::1 - - [25/Jul/2016:01:27:24 +0200] "POST /login.php HTTP/1.1" 302 73
::1 - - [25/Jul/2016:01:27:24 +0200] "GET /login.html?error=Could%20not%20login:%20Wrong%20password HTTP/1.1" 304 -
::1 - - [25/Jul/2016:01:27:26 +0200] "POST /login.php HTTP/1.1" 302 73
::1 - - [25/Jul/2016:01:27:26 +0200] "GET /login.html?error=Could%20not%20login:%20Wrong%20password HTTP/1.1" 304 -
::1 - - [25/Jul/2016:01:27:28 +0200] "GET /phpmyadmin/db_structure.php?db=edu&token=4e1fcaf8c74c2394ca3cb7518ccc550e&ajax_request=true&ajax_page_request=true&menuHashes=f9cf2159-ad198aca-ecdef191-3434e727-e92ec609-9bcfbf1b-d97ec4e0&_nocache=1469402848944156236 HTTP/1.1" 200 17582
::1 - - [25/Jul/2016:01:27:30 +0200] "GET /phpmyadmin/sql.php?db=edu&token=4e1fcaf8c74c2394ca3cb7518ccc550e&goto=db_structure.php&table=user&pos=0&ajax_request=true&ajax_page_request=true&menuHashes=f9cf2159-ad198aca-ecdef191-3434e727-e92ec609-9bcfbf1b-d97ec4e0&_nocache=14694028503245769 HTTP/1.1" 200 24009
::1 - - [25/Jul/2016:01:27:30 +0200] "GET /phpmyadmin/index.php?ajax_request=1&recent_table=1&token=4e1fcaf8c74c2394ca3cb7518ccc550e HTTP/1.1" 200 419
::1 - - [25/Jul/2016:01:27:33 +0200] "GET /register.html HTTP/1.1" 304 -
::1 - - [25/Jul/2016:01:27:41 +0200] "POST /register.php HTTP/1.1" 302 -
::1 - - [25/Jul/2016:01:27:41 +0200] "GET /login.html HTTP/1.1" 304 -
::1 - - [25/Jul/2016:01:27:45 +0200] "POST /login.php HTTP/1.1" 302 153
::1 - - [25/Jul/2016:01:27:45 +0200] "GET /app.html HTTP/1.1" 304 -
::1 - - [25/Jul/2016:01:27:45 +0200] "GET /js/hub.js HTTP/1.1" 200 2804
::1 - - [25/Jul/2016:01:27:45 +0200] "GET /Webservice/Controllers/pet.php HTTP/1.1" 200 59
::1 - - [25/Jul/2016:01:27:50 +0200] "GET /phpmyadmin/db_structure.php?db=edu&token=4e1fcaf8c74c2394ca3cb7518ccc550e&ajax_request=true&ajax_page_request=true&menuHashes=f9cf2159-ad198aca-ecdef191-3434e727-e92ec609-9bcfbf1b-d97ec4e0&_nocache=1469402870542708594 HTTP/1.1" 200 17582
::1 - - [25/Jul/2016:01:27:52 +0200] "GET /phpmyadmin/sql.php?db=edu&token=4e1fcaf8c74c2394ca3cb7518ccc550e&goto=db_structure.php&table=pet&pos=0&ajax_request=true&ajax_page_request=true&menuHashes=f9cf2159-ad198aca-ecdef191-3434e727-e92ec609-9bcfbf1b-d97ec4e0&_nocache=1469402872091531544 HTTP/1.1" 200 23578
::1 - - [25/Jul/2016:01:27:52 +0200] "GET /phpmyadmin/index.php?ajax_request=1&recent_table=1&token=4e1fcaf8c74c2394ca3cb7518ccc550e HTTP/1.1" 200 419
::1 - - [25/Jul/2016:01:28:01 +0200] "GET /app.html HTTP/1.1" 304 -
::1 - - [25/Jul/2016:01:28:01 +0200] "GET /css/bootstrap.min.css HTTP/1.1" 304 -
::1 - - [25/Jul/2016:01:28:01 +0200] "GET /css/style.css HTTP/1.1" 304 -
::1 - - [25/Jul/2016:01:28:01 +0200] "GET /js/phaser.js HTTP/1.1" 304 -
::1 - - [25/Jul/2016:01:28:01 +0200] "GET /js/minigame_bubblemath.js HTTP/1.1" 304 -
::1 - - [25/Jul/2016:01:28:01 +0200] "GET /js/phaser_init.js HTTP/1.1" 304 -
::1 - - [25/Jul/2016:01:28:01 +0200] "GET /js/boot.js HTTP/1.1" 304 -
::1 - - [25/Jul/2016:01:28:01 +0200] "GET /js/preloader.js HTTP/1.1" 304 -
::1 - - [25/Jul/2016:01:28:01 +0200] "GET /js/main_menu.js HTTP/1.1" 304 -
::1 - - [25/Jul/2016:01:28:01 +0200] "GET /js/bootstrap/bootstrap.min.js HTTP/1.1" 304 -
::1 - - [25/Jul/2016:01:28:01 +0200] "GET /js/hub.js HTTP/1.1" 200 2806
::1 - - [25/Jul/2016:01:28:01 +0200] "GET /Webservice/Controllers/pet.php HTTP/1.1" 200 59
::1 - - [25/Jul/2016:01:28:15 +0200] "GET /app.html HTTP/1.1" 304 -
::1 - - [25/Jul/2016:01:28:16 +0200] "GET /css/bootstrap.min.css HTTP/1.1" 304 -
::1 - - [25/Jul/2016:01:28:16 +0200] "GET /css/style.css HTTP/1.1" 304 -
::1 - - [25/Jul/2016:01:28:16 +0200] "GET /js/phaser.js HTTP/1.1" 304 -
::1 - - [25/Jul/2016:01:28:16 +0200] "GET /js/boot.js HTTP/1.1" 304 -
::1 - - [25/Jul/2016:01:28:16 +0200] "GET /js/minigame_bubblemath.js HTTP/1.1" 304 -
::1 - - [25/Jul/2016:01:28:16 +0200] "GET /js/preloader.js HTTP/1.1" 304 -
::1 - - [25/Jul/2016:01:28:16 +0200] "GET /js/main_menu.js HTTP/1.1" 304 -
::1 - - [25/Jul/2016:01:28:16 +0200] "GET /js/phaser_init.js HTTP/1.1" 304 -
::1 - - [25/Jul/2016:01:28:16 +0200] "GET /js/bootstrap/bootstrap.min.js HTTP/1.1" 304 -
::1 - - [25/Jul/2016:01:28:16 +0200] "GET /js/hub.js HTTP/1.1" 200 2804
::1 - - [25/Jul/2016:01:28:16 +0200] "GET /Webservice/Controllers/pet.php HTTP/1.1" 200 95
::1 - - [25/Jul/2016:01:28:22 +0200] "GET /phpmyadmin/tbl_change.php?db=edu&table=pet&where_clause=%60pet%60.%60username%60+%3D+%27Swen%27&clause_is_unique=1&sql_query=SELECT+%2A+FROM+%60pet%60&goto=sql.php&default_action=update&token=4e1fcaf8c74c2394ca3cb7518ccc550e&ajax_request=true&ajax_page_request=true&menuHashes=f9cf2159-ad198aca-ecdef191-3434e727-e92ec609-9bcfbf1b-d97ec4e0&_nocache=1469402902342918152 HTTP/1.1" 200 22443
::1 - - [25/Jul/2016:01:28:22 +0200] "GET /phpmyadmin/index.php?ajax_request=1&recent_table=1&token=4e1fcaf8c74c2394ca3cb7518ccc550e HTTP/1.1" 200 419
::1 - - [25/Jul/2016:01:28:24 +0200] "POST /phpmyadmin/tbl_replace.php HTTP/1.1" 200 26648
::1 - - [25/Jul/2016:01:28:24 +0200] "GET /phpmyadmin/index.php?ajax_request=1&recent_table=1&token=4e1fcaf8c74c2394ca3cb7518ccc550e HTTP/1.1" 200 419
::1 - - [25/Jul/2016:01:28:26 +0200] "GET /app.html HTTP/1.1" 304 -
::1 - - [25/Jul/2016:01:28:26 +0200] "GET /css/bootstrap.min.css HTTP/1.1" 304 -
::1 - - [25/Jul/2016:01:28:26 +0200] "GET /css/style.css HTTP/1.1" 304 -
::1 - - [25/Jul/2016:01:28:26 +0200] "GET /js/boot.js HTTP/1.1" 304 -
::1 - - [25/Jul/2016:01:28:26 +0200] "GET /js/preloader.js HTTP/1.1" 304 -
::1 - - [25/Jul/2016:01:28:26 +0200] "GET /js/minigame_bubblemath.js HTTP/1.1" 304 -
::1 - - [25/Jul/2016:01:28:26 +0200] "GET /js/phaser.js HTTP/1.1" 304 -
::1 - - [25/Jul/2016:01:28:26 +0200] "GET /js/main_menu.js HTTP/1.1" 304 -
::1 - - [25/Jul/2016:01:28:26 +0200] "GET /js/hub.js HTTP/1.1" 304 -
::1 - - [25/Jul/2016:01:28:26 +0200] "GET /js/phaser_init.js HTTP/1.1" 304 -
::1 - - [25/Jul/2016:01:28:26 +0200] "GET /js/bootstrap/bootstrap.min.js HTTP/1.1" 304 -
::1 - - [25/Jul/2016:01:28:26 +0200] "GET /Webservice/Controllers/pet.php HTTP/1.1" 200 95
::1 - - [25/Jul/2016:01:28:58 +0200] "GET /app.html HTTP/1.1" 304 -
::1 - - [25/Jul/2016:01:28:58 +0200] "GET /css/bootstrap.min.css HTTP/1.1" 304 -
::1 - - [25/Jul/2016:01:28:58 +0200] "GET /css/style.css HTTP/1.1" 304 -
::1 - - [25/Jul/2016:01:28:58 +0200] "GET /js/phaser.js HTTP/1.1" 304 -
::1 - - [25/Jul/2016:01:28:58 +0200] "GET /js/boot.js HTTP/1.1" 304 -
::1 - - [25/Jul/2016:01:28:58 +0200] "GET /js/preloader.js HTTP/1.1" 304 -
::1 - - [25/Jul/2016:01:28:58 +0200] "GET /js/minigame_bubblemath.js HTTP/1.1" 304 -
::1 - - [25/Jul/2016:01:28:58 +0200] "GET /js/phaser_init.js HTTP/1.1" 304 -
::1 - - [25/Jul/2016:01:28:58 +0200] "GET /js/main_menu.js HTTP/1.1" 304 -
::1 - - [25/Jul/2016:01:28:58 +0200] "GET /js/bootstrap/bootstrap.min.js HTTP/1.1" 304 -
::1 - - [25/Jul/2016:01:28:58 +0200] "GET /js/hub.js HTTP/1.1" 200 2811
::1 - - [25/Jul/2016:01:28:59 +0200] "GET /Webservice/Controllers/pet.php HTTP/1.1" 200 95
::1 - - [25/Jul/2016:01:29:04 +0200] "GET /phpmyadmin/tbl_change.php?db=edu&table=pet&where_clause=%60pet%60.%60username%60+%3D+%27Swen2%27&clause_is_unique=1&sql_query=SELECT+%2A+FROM+%60pet%60&goto=sql.php&default_action=update&token=4e1fcaf8c74c2394ca3cb7518ccc550e&ajax_request=true&ajax_page_request=true&menuHashes=ad198aca-ecdef191-3434e727-e92ec609-9bcfbf1b-d97ec4e0-b9edf52a&_nocache=1469402944794870368 HTTP/1.1" 200 19466
::1 - - [25/Jul/2016:01:29:04 +0200] "GET /phpmyadmin/index.php?ajax_request=1&recent_table=1&token=4e1fcaf8c74c2394ca3cb7518ccc550e HTTP/1.1" 200 419
::1 - - [25/Jul/2016:01:29:06 +0200] "POST /phpmyadmin/tbl_replace.php HTTP/1.1" 200 26639
::1 - - [25/Jul/2016:01:29:07 +0200] "GET /phpmyadmin/index.php?ajax_request=1&recent_table=1&token=4e1fcaf8c74c2394ca3cb7518ccc550e HTTP/1.1" 200 419
::1 - - [25/Jul/2016:01:29:08 +0200] "GET /app.html HTTP/1.1" 304 -
::1 - - [25/Jul/2016:01:29:08 +0200] "GET /css/bootstrap.min.css HTTP/1.1" 304 -
::1 - - [25/Jul/2016:01:29:08 +0200] "GET /css/style.css HTTP/1.1" 304 -
::1 - - [25/Jul/2016:01:29:08 +0200] "GET /js/phaser.js HTTP/1.1" 304 -
::1 - - [25/Jul/2016:01:29:08 +0200] "GET /js/boot.js HTTP/1.1" 304 -
::1 - - [25/Jul/2016:01:29:08 +0200] "GET /js/minigame_bubblemath.js HTTP/1.1" 304 -
::1 - - [25/Jul/2016:01:29:08 +0200] "GET /js/main_menu.js HTTP/1.1" 304 -
::1 - - [25/Jul/2016:01:29:08 +0200] "GET /js/preloader.js HTTP/1.1" 304 -
::1 - - [25/Jul/2016:01:29:08 +0200] "GET /js/hub.js HTTP/1.1" 304 -
::1 - - [25/Jul/2016:01:29:08 +0200] "GET /js/phaser_init.js HTTP/1.1" 304 -
::1 - - [25/Jul/2016:01:29:08 +0200] "GET /js/bootstrap/bootstrap.min.js HTTP/1.1" 304 -
::1 - - [25/Jul/2016:01:29:09 +0200] "GET /Webservice/Controllers/pet.php HTTP/1.1" 200 95
::1 - - [25/Jul/2016:01:30:57 +0200] "GET /app.html HTTP/1.1" 304 -
::1 - - [25/Jul/2016:01:30:57 +0200] "GET /css/bootstrap.min.css HTTP/1.1" 304 -
::1 - - [25/Jul/2016:01:30:57 +0200] "GET /css/style.css HTTP/1.1" 304 -
::1 - - [25/Jul/2016:01:30:57 +0200] "GET /js/phaser.js HTTP/1.1" 304 -
::1 - - [25/Jul/2016:01:30:57 +0200] "GET /js/main_menu.js HTTP/1.1" 304 -
::1 - - [25/Jul/2016:01:30:57 +0200] "GET /js/preloader.js HTTP/1.1" 304 -
::1 - - [25/Jul/2016:01:30:57 +0200] "GET /js/boot.js HTTP/1.1" 304 -
::1 - - [25/Jul/2016:01:30:57 +0200] "GET /js/hub.js HTTP/1.1" 304 -
::1 - - [25/Jul/2016:01:30:57 +0200] "GET /js/phaser_init.js HTTP/1.1" 304 -
::1 - - [25/Jul/2016:01:30:57 +0200] "GET /js/bootstrap/bootstrap.min.js HTTP/1.1" 304 -
::1 - - [25/Jul/2016:01:30:57 +0200] "GET /js/minigame_bubblemath.js HTTP/1.1" 200 9619
::1 - - [25/Jul/2016:01:30:58 +0200] "GET /Webservice/Controllers/pet.php HTTP/1.1" 200 95
::1 - - [25/Jul/2016:01:31:01 +0200] "GET /phpmyadmin/db_structure.php?db=edu&token=4e1fcaf8c74c2394ca3cb7518ccc550e&ajax_request=true&ajax_page_request=true&menuHashes=ad198aca-ecdef191-3434e727-e92ec609-9bcfbf1b-d97ec4e0-b9edf52a&_nocache=1469403061543490796 HTTP/1.1" 200 17583
::1 - - [25/Jul/2016:01:31:02 +0200] "GET /phpmyadmin/sql.php?db=edu&token=4e1fcaf8c74c2394ca3cb7518ccc550e&goto=db_structure.php&table=record&pos=0&ajax_request=true&ajax_page_request=true&menuHashes=ad198aca-ecdef191-3434e727-e92ec609-9bcfbf1b-d97ec4e0-b9edf52a&_nocache=1469403062575398093 HTTP/1.1" 200 24315
::1 - - [25/Jul/2016:01:31:02 +0200] "GET /phpmyadmin/index.php?ajax_request=1&recent_table=1&token=4e1fcaf8c74c2394ca3cb7518ccc550e HTTP/1.1" 200 419
::1 - - [25/Jul/2016:01:31:10 +0200] "POST /Webservice/Controllers/record.php HTTP/1.1" 400 64
::1 - - [25/Jul/2016:01:31:10 +0200] "POST /Webservice/Controllers/assignment.php HTTP/1.1" 200 65
::1 - - [25/Jul/2016:01:31:10 +0200] "POST /Webservice/Controllers/assignment.php HTTP/1.1" 200 65
::1 - - [25/Jul/2016:01:31:10 +0200] "POST /Webservice/Controllers/assignment.php HTTP/1.1" 200 65
::1 - - [25/Jul/2016:01:31:10 +0200] "POST /Webservice/Controllers/assignment.php HTTP/1.1" 200 65
::1 - - [25/Jul/2016:01:31:10 +0200] "POST /Webservice/Controllers/assignment.php HTTP/1.1" 200 65
::1 - - [25/Jul/2016:01:31:10 +0200] "POST /Webservice/Controllers/assignment.php HTTP/1.1" 200 65
::1 - - [25/Jul/2016:01:31:10 +0200] "POST /Webservice/Controllers/assignment.php HTTP/1.1" 200 65
::1 - - [25/Jul/2016:01:31:10 +0200] "POST /Webservice/Controllers/assignment.php HTTP/1.1" 200 65
::1 - - [25/Jul/2016:01:31:10 +0200] "POST /Webservice/Controllers/assignment.php HTTP/1.1" 200 65
::1 - - [25/Jul/2016:01:31:10 +0200] "POST /Webservice/Controllers/assignment.php HTTP/1.1" 200 65
::1 - - [25/Jul/2016:01:31:16 +0200] "GET /phpmyadmin/sql.php?db=edu&table=record&token=4e1fcaf8c74c2394ca3cb7518ccc550e&pos=0&ajax_request=true&ajax_page_request=true&menuHashes=ad198aca-ecdef191-3434e727-e92ec609-9bcfbf1b-d97ec4e0-b9edf52a&_nocache=146940307650524552 HTTP/1.1" 200 24315
::1 - - [25/Jul/2016:01:31:16 +0200] "GET /phpmyadmin/index.php?ajax_request=1&recent_table=1&token=4e1fcaf8c74c2394ca3cb7518ccc550e HTTP/1.1" 200 419
::1 - - [25/Jul/2016:01:32:03 +0200] "GET /app.html HTTP/1.1" 304 -
::1 - - [25/Jul/2016:01:32:03 +0200] "GET /css/bootstrap.min.css HTTP/1.1" 304 -
::1 - - [25/Jul/2016:01:32:03 +0200] "GET /css/style.css HTTP/1.1" 304 -
::1 - - [25/Jul/2016:01:32:03 +0200] "GET /js/phaser.js HTTP/1.1" 304 -
::1 - - [25/Jul/2016:01:32:03 +0200] "GET /js/boot.js HTTP/1.1" 304 -
::1 - - [25/Jul/2016:01:32:03 +0200] "GET /js/main_menu.js HTTP/1.1" 304 -
::1 - - [25/Jul/2016:01:32:03 +0200] "GET /js/preloader.js HTTP/1.1" 304 -
::1 - - [25/Jul/2016:01:32:03 +0200] "GET /js/hub.js HTTP/1.1" 304 -
::1 - - [25/Jul/2016:01:32:03 +0200] "GET /js/phaser_init.js HTTP/1.1" 304 -
::1 - - [25/Jul/2016:01:32:03 +0200] "GET /js/minigame_bubblemath.js HTTP/1.1" 200 9619
::1 - - [25/Jul/2016:01:32:03 +0200] "GET /js/bootstrap/bootstrap.min.js HTTP/1.1" 304 -
::1 - - [25/Jul/2016:01:32:03 +0200] "GET /Webservice/Controllers/pet.php HTTP/1.1" 200 95
::1 - - [25/Jul/2016:01:32:09 +0200] "POST /Webservice/Controllers/record.php HTTP/1.1" 400 64
::1 - - [25/Jul/2016:01:32:09 +0200] "POST /Webservice/Controllers/assignment.php HTTP/1.1" 200 65
::1 - - [25/Jul/2016:01:32:09 +0200] "POST /Webservice/Controllers/assignment.php HTTP/1.1" 200 65
::1 - - [25/Jul/2016:01:32:09 +0200] "POST /Webservice/Controllers/assignment.php HTTP/1.1" 200 65
::1 - - [25/Jul/2016:01:32:09 +0200] "POST /Webservice/Controllers/assignment.php HTTP/1.1" 200 65
::1 - - [25/Jul/2016:01:32:09 +0200] "POST /Webservice/Controllers/assignment.php HTTP/1.1" 200 65
::1 - - [25/Jul/2016:01:32:09 +0200] "POST /Webservice/Controllers/assignment.php HTTP/1.1" 200 65
::1 - - [25/Jul/2016:01:32:10 +0200] "POST /Webservice/Controllers/assignment.php HTTP/1.1" 200 65
::1 - - [25/Jul/2016:01:32:10 +0200] "POST /Webservice/Controllers/assignment.php HTTP/1.1" 200 65
::1 - - [25/Jul/2016:01:32:10 +0200] "POST /Webservice/Controllers/assignment.php HTTP/1.1" 200 65
::1 - - [25/Jul/2016:01:32:10 +0200] "POST /Webservice/Controllers/assignment.php HTTP/1.1" 200 65
::1 - - [25/Jul/2016:01:32:26 +0200] "GET /app.html HTTP/1.1" 304 -
::1 - - [25/Jul/2016:01:32:26 +0200] "GET /css/bootstrap.min.css HTTP/1.1" 304 -
::1 - - [25/Jul/2016:01:32:26 +0200] "GET /css/style.css HTTP/1.1" 304 -
::1 - - [25/Jul/2016:01:32:26 +0200] "GET /js/phaser.js HTTP/1.1" 304 -
::1 - - [25/Jul/2016:01:32:26 +0200] "GET /js/boot.js HTTP/1.1" 304 -
::1 - - [25/Jul/2016:01:32:26 +0200] "GET /js/hub.js HTTP/1.1" 304 -
::1 - - [25/Jul/2016:01:32:26 +0200] "GET /js/main_menu.js HTTP/1.1" 304 -
::1 - - [25/Jul/2016:01:32:26 +0200] "GET /js/preloader.js HTTP/1.1" 304 -
::1 - - [25/Jul/2016:01:32:26 +0200] "GET /js/phaser_init.js HTTP/1.1" 304 -
::1 - - [25/Jul/2016:01:32:26 +0200] "GET /js/bootstrap/bootstrap.min.js HTTP/1.1" 304 -
::1 - - [25/Jul/2016:01:32:26 +0200] "GET /js/minigame_bubblemath.js HTTP/1.1" 200 9924
::1 - - [25/Jul/2016:01:32:26 +0200] "GET /Webservice/Controllers/pet.php HTTP/1.1" 200 95
::1 - - [25/Jul/2016:01:32:30 +0200] "POST /Webservice/Controllers/record.php HTTP/1.1" 400 64
::1 - - [25/Jul/2016:01:32:30 +0200] "POST /Webservice/Controllers/assignment.php HTTP/1.1" 200 65
::1 - - [25/Jul/2016:01:32:30 +0200] "POST /Webservice/Controllers/assignment.php HTTP/1.1" 200 65
::1 - - [25/Jul/2016:01:32:30 +0200] "POST /Webservice/Controllers/assignment.php HTTP/1.1" 200 65
::1 - - [25/Jul/2016:01:32:30 +0200] "POST /Webservice/Controllers/assignment.php HTTP/1.1" 200 65
::1 - - [25/Jul/2016:01:32:30 +0200] "POST /Webservice/Controllers/assignment.php HTTP/1.1" 200 65
::1 - - [25/Jul/2016:01:32:30 +0200] "POST /Webservice/Controllers/assignment.php HTTP/1.1" 200 65
::1 - - [25/Jul/2016:01:32:30 +0200] "POST /Webservice/Controllers/assignment.php HTTP/1.1" 200 65
::1 - - [25/Jul/2016:01:32:30 +0200] "POST /Webservice/Controllers/assignment.php HTTP/1.1" 200 65
::1 - - [25/Jul/2016:01:32:30 +0200] "POST /Webservice/Controllers/assignment.php HTTP/1.1" 200 65
::1 - - [25/Jul/2016:01:32:30 +0200] "POST /Webservice/Controllers/assignment.php HTTP/1.1" 200 65
::1 - - [25/Jul/2016:01:32:58 +0200] "GET /app.html HTTP/1.1" 304 -
::1 - - [25/Jul/2016:01:32:59 +0200] "GET /css/bootstrap.min.css HTTP/1.1" 304 -
::1 - - [25/Jul/2016:01:32:59 +0200] "GET /css/style.css HTTP/1.1" 304 -
::1 - - [25/Jul/2016:01:32:59 +0200] "GET /js/phaser.js HTTP/1.1" 304 -
::1 - - [25/Jul/2016:01:32:59 +0200] "GET /js/preloader.js HTTP/1.1" 304 -
::1 - - [25/Jul/2016:01:32:59 +0200] "GET /js/boot.js HTTP/1.1" 304 -
::1 - - [25/Jul/2016:01:32:59 +0200] "GET /js/main_menu.js HTTP/1.1" 304 -
::1 - - [25/Jul/2016:01:32:59 +0200] "GET /js/hub.js HTTP/1.1" 304 -
::1 - - [25/Jul/2016:01:32:59 +0200] "GET /js/phaser_init.js HTTP/1.1" 304 -
::1 - - [25/Jul/2016:01:32:59 +0200] "GET /js/minigame_bubblemath.js HTTP/1.1" 200 9619
::1 - - [25/Jul/2016:01:32:59 +0200] "GET /js/bootstrap/bootstrap.min.js HTTP/1.1" 304 -
::1 - - [25/Jul/2016:01:32:59 +0200] "GET /Webservice/Controllers/pet.php HTTP/1.1" 200 95
::1 - - [25/Jul/2016:01:33:03 +0200] "POST /Webservice/Controllers/record.php HTTP/1.1" 200 290
::1 - - [25/Jul/2016:01:33:03 +0200] "POST /Webservice/Controllers/assignment.php HTTP/1.1" 200 65
::1 - - [25/Jul/2016:01:33:03 +0200] "POST /Webservice/Controllers/assignment.php HTTP/1.1" 200 65
::1 - - [25/Jul/2016:01:33:03 +0200] "POST /Webservice/Controllers/assignment.php HTTP/1.1" 200 65
::1 - - [25/Jul/2016:01:33:03 +0200] "POST /Webservice/Controllers/assignment.php HTTP/1.1" 200 65
::1 - - [25/Jul/2016:01:33:03 +0200] "POST /Webservice/Controllers/assignment.php HTTP/1.1" 200 65
::1 - - [25/Jul/2016:01:33:03 +0200] "POST /Webservice/Controllers/assignment.php HTTP/1.1" 200 65
::1 - - [25/Jul/2016:01:33:03 +0200] "POST /Webservice/Controllers/assignment.php HTTP/1.1" 200 65
::1 - - [25/Jul/2016:01:33:03 +0200] "POST /Webservice/Controllers/assignment.php HTTP/1.1" 200 65
::1 - - [25/Jul/2016:01:33:03 +0200] "POST /Webservice/Controllers/assignment.php HTTP/1.1" 200 65
::1 - - [25/Jul/2016:01:33:03 +0200] "POST /Webservice/Controllers/assignment.php HTTP/1.1" 200 65
::1 - - [25/Jul/2016:01:33:07 +0200] "GET /phpmyadmin/sql.php?db=edu&table=record&token=4e1fcaf8c74c2394ca3cb7518ccc550e&pos=0&ajax_request=true&ajax_page_request=true&menuHashes=ad198aca-ecdef191-3434e727-e92ec609-9bcfbf1b-d97ec4e0-b9edf52a&_nocache=1469403187114577518 HTTP/1.1" 200 24315
::1 - - [25/Jul/2016:01:33:07 +0200] "GET /phpmyadmin/index.php?ajax_request=1&recent_table=1&token=4e1fcaf8c74c2394ca3cb7518ccc550e HTTP/1.1" 200 419
::1 - - [25/Jul/2016:01:33:09 +0200] "GET /phpmyadmin/sql.php?db=edu&table=record&token=4e1fcaf8c74c2394ca3cb7518ccc550e&pos=0&ajax_request=true&ajax_page_request=true&menuHashes=ad198aca-ecdef191-3434e727-e92ec609-9bcfbf1b-d97ec4e0-b9edf52a&_nocache=1469403189345876820 HTTP/1.1" 200 24315
::1 - - [25/Jul/2016:01:33:09 +0200] "GET /phpmyadmin/index.php?ajax_request=1&recent_table=1&token=4e1fcaf8c74c2394ca3cb7518ccc550e HTTP/1.1" 200 419
::1 - - [25/Jul/2016:01:33:11 +0200] "GET /phpmyadmin/index.php?db=edu&table=user&target=sql.php&token=4e1fcaf8c74c2394ca3cb7518ccc550e HTTP/1.1" 200 35977
::1 - - [25/Jul/2016:01:33:11 +0200] "GET /phpmyadmin/themes/pmahomme/jquery/jquery-ui-1.9.2.custom.css HTTP/1.1" 304 -
::1 - - [25/Jul/2016:01:33:11 +0200] "GET /phpmyadmin/themes/pmahomme/img/logo_left.png HTTP/1.1" 304 -
::1 - - [25/Jul/2016:01:33:11 +0200] "GET /phpmyadmin/themes/dot.gif HTTP/1.1" 304 -
::1 - - [25/Jul/2016:01:33:11 +0200] "GET /phpmyadmin/js/get_scripts.js.php?scripts[]=jquery/jquery-1.8.3.js&scripts[]=ajax.js&scripts[]=keyhandler.js&scripts[]=jquery/jquery-ui-1.9.2.custom.js&scripts[]=jquery/jquery.sprintf.js&scripts[]=jquery/jquery.cookie.js&scripts[]=jquery/jquery.mousewheel.js&scripts[]=jquery/jquery.event.drag-2.2.js&scripts[]=jquery/jquery-ui-timepicker-addon.js&scripts[]=jquery/jquery.ba-hashchange-1.3.js&scripts[]=jquery/jquery.debounce-1.0.5.js&scripts[]=jquery/jquery.menuResizer-1.0.js&scripts[]=rte.js&scripts[]=functions.js&scripts[]=navigation.js&scripts[]=indexes.js&scripts[]=common.js&scripts[]=tbl_change.js&scripts[]=tbl_structure.js&scripts[]=gis_data_editor.js&scripts[]=makegrid.js&scripts[]=sql.js&scripts[]=codemirror/lib/codemirror.js&scripts[]=codemirror/mode/mysql/mysql.js HTTP/1.1" 200 635864
::1 - - [25/Jul/2016:01:33:11 +0200] "GET /phpmyadmin/themes/pmahomme/img/ajax_clock_small.gif HTTP/1.1" 304 -
::1 - - [25/Jul/2016:01:33:11 +0200] "GET /phpmyadmin/themes/pmahomme/img/s_fulltext.png HTTP/1.1" 304 -
::1 - - [25/Jul/2016:01:33:11 +0200] "GET /phpmyadmin/themes/pmahomme/img/arrow_ltr.png HTTP/1.1" 304 -
::1 - - [25/Jul/2016:01:33:11 +0200] "GET /phpmyadmin/phpmyadmin.css.php?server=1&token=4e1fcaf8c74c2394ca3cb7518ccc550e&nocache=5876048107ltr HTTP/1.1" 200 88608
::1 - - [25/Jul/2016:01:33:11 +0200] "GET /phpmyadmin/js/messages.php?lang=nl&db=edu&server=0&token=4e1fcaf8c74c2394ca3cb7518ccc550e HTTP/1.1" 200 18194
::1 - - [25/Jul/2016:01:33:11 +0200] "GET /phpmyadmin/js/get_image.js.php?theme=pmahomme HTTP/1.1" 200 6263
::1 - - [25/Jul/2016:01:33:12 +0200] "GET /phpmyadmin/sql.php?db=edu&table=record&server=1&target=&token=4e1fcaf8c74c2394ca3cb7518ccc550e HTTP/1.1" 200 33576
::1 - - [25/Jul/2016:01:33:12 +0200] "GET /phpmyadmin/favicon.ico HTTP/1.1" 200 18902
::1 - - [25/Jul/2016:01:33:12 +0200] "GET /phpmyadmin/index.php?ajax_request=1&recent_table=1&token=4e1fcaf8c74c2394ca3cb7518ccc550e HTTP/1.1" 200 419
::1 - - [25/Jul/2016:01:33:21 +0200] "GET /phpmyadmin/tbl_operations.php?db=edu&table=record&token=4e1fcaf8c74c2394ca3cb7518ccc550e&ajax_request=true&ajax_page_request=true&menuHashes=d97ec4e0&_nocache=1469403201624975006 HTTP/1.1" 200 41874
::1 - - [25/Jul/2016:01:33:21 +0200] "GET /phpmyadmin/index.php?ajax_request=1&recent_table=1&token=4e1fcaf8c74c2394ca3cb7518ccc550e HTTP/1.1" 200 419
::1 - - [25/Jul/2016:01:33:23 +0200] "GET /phpmyadmin/themes/pmahomme/jquery/images/ui-bg_flat_75_ffffff_40x100.png HTTP/1.1" 200 178
::1 - - [25/Jul/2016:01:33:23 +0200] "GET /phpmyadmin/themes/pmahomme/jquery/images/ui-icons_222222_256x240.png HTTP/1.1" 200 4369
::1 - - [25/Jul/2016:01:33:23 +0200] "GET /phpmyadmin/themes/pmahomme/jquery/images/ui-bg_highlight-soft_75_cccccc_1x100.png HTTP/1.1" 200 101
::1 - - [25/Jul/2016:01:33:23 +0200] "GET /phpmyadmin/themes/pmahomme/jquery/images/ui-bg_glass_75_e6e6e6_1x400.png HTTP/1.1" 200 110
::1 - - [25/Jul/2016:01:33:23 +0200] "GET /phpmyadmin/themes/pmahomme/jquery/images/ui-bg_flat_0_aaaaaa_40x100.png HTTP/1.1" 200 180
::1 - - [25/Jul/2016:01:33:23 +0200] "GET /phpmyadmin/themes/pmahomme/jquery/images/ui-bg_glass_75_dadada_1x400.png HTTP/1.1" 200 159
::1 - - [25/Jul/2016:01:33:23 +0200] "GET /phpmyadmin/themes/pmahomme/jquery/images/ui-bg_glass_65_ffffff_1x400.png HTTP/1.1" 200 105
::1 - - [25/Jul/2016:01:33:23 +0200] "GET /phpmyadmin/sql.php?db=edu&table=record&back=tbl_operations.php&goto=tbl_structure.php&sql_query=TRUNCATE+TABLE+%60record%60&reload=1&message_to_show=Tabel+record+is+leeg+gemaakt&token=4e1fcaf8c74c2394ca3cb7518ccc550e&is_js_confirmed=1&ajax_request=true&_nocache=1469403203988414571 HTTP/1.1" 200 1776
::1 - - [25/Jul/2016:01:33:25 +0200] "GET /phpmyadmin/db_structure.php?db=edu&token=4e1fcaf8c74c2394ca3cb7518ccc550e&ajax_request=true&ajax_page_request=true&menuHashes=d97ec4e0-209b3aec&_nocache=1469403205291826488 HTTP/1.1" 200 20680
::1 - - [25/Jul/2016:01:33:25 +0200] "GET /phpmyadmin/js/get_scripts.js.php?scripts[]=db_structure.js HTTP/1.1" 200 5367
::1 - - [25/Jul/2016:01:33:26 +0200] "GET /phpmyadmin/sql.php?db=edu&token=4e1fcaf8c74c2394ca3cb7518ccc550e&goto=db_structure.php&table=assignment&pos=0&ajax_request=true&ajax_page_request=true&menuHashes=d97ec4e0-209b3aec-3434e727&_nocache=1469403206479679914 HTTP/1.1" 200 31697
::1 - - [25/Jul/2016:01:33:26 +0200] "GET /phpmyadmin/index.php?ajax_request=1&recent_table=1&token=4e1fcaf8c74c2394ca3cb7518ccc550e HTTP/1.1" 200 539
::1 - - [25/Jul/2016:01:33:29 +0200] "GET /phpmyadmin/tbl_operations.php?db=edu&table=assignment&token=4e1fcaf8c74c2394ca3cb7518ccc550e&ajax_request=true&ajax_page_request=true&menuHashes=d97ec4e0-209b3aec-3434e727-f8c4bd21&_nocache=1469403209671846845 HTTP/1.1" 200 42018
::1 - - [25/Jul/2016:01:33:29 +0200] "GET /phpmyadmin/index.php?ajax_request=1&recent_table=1&token=4e1fcaf8c74c2394ca3cb7518ccc550e HTTP/1.1" 200 539
::1 - - [25/Jul/2016:01:33:31 +0200] "GET /phpmyadmin/sql.php?db=edu&table=assignment&back=tbl_operations.php&goto=tbl_structure.php&sql_query=TRUNCATE+TABLE+%60assignment%60&reload=1&message_to_show=Tabel+assignment+is+leeg+gemaakt&token=4e1fcaf8c74c2394ca3cb7518ccc550e&is_js_confirmed=1&ajax_request=true&_nocache=1469403211245220550 HTTP/1.1" 200 1808
::1 - - [25/Jul/2016:01:33:32 +0200] "GET /phpmyadmin/db_structure.php?db=edu&token=4e1fcaf8c74c2394ca3cb7518ccc550e&ajax_request=true&ajax_page_request=true&menuHashes=d97ec4e0-209b3aec-3434e727-f8c4bd21-3e3d7c66&_nocache=1469403212669398283 HTTP/1.1" 200 17586
::1 - - [25/Jul/2016:01:33:33 +0200] "GET /phpmyadmin/sql.php?db=edu&token=4e1fcaf8c74c2394ca3cb7518ccc550e&goto=db_structure.php&table=record&pos=0&ajax_request=true&ajax_page_request=true&menuHashes=d97ec4e0-209b3aec-3434e727-f8c4bd21-3e3d7c66&_nocache=1469403213905788600 HTTP/1.1" 200 7128
::1 - - [25/Jul/2016:01:33:34 +0200] "GET /phpmyadmin/index.php?ajax_request=1&recent_table=1&token=4e1fcaf8c74c2394ca3cb7518ccc550e HTTP/1.1" 200 539
::1 - - [25/Jul/2016:01:33:37 +0200] "GET /app.html HTTP/1.1" 304 -
::1 - - [25/Jul/2016:01:33:37 +0200] "GET /css/bootstrap.min.css HTTP/1.1" 304 -
::1 - - [25/Jul/2016:01:33:37 +0200] "GET /css/style.css HTTP/1.1" 304 -
::1 - - [25/Jul/2016:01:33:37 +0200] "GET /js/phaser.js HTTP/1.1" 304 -
::1 - - [25/Jul/2016:01:33:37 +0200] "GET /js/main_menu.js HTTP/1.1" 304 -
::1 - - [25/Jul/2016:01:33:37 +0200] "GET /js/boot.js HTTP/1.1" 304 -
::1 - - [25/Jul/2016:01:33:37 +0200] "GET /js/preloader.js HTTP/1.1" 304 -
::1 - - [25/Jul/2016:01:33:37 +0200] "GET /js/hub.js HTTP/1.1" 304 -
::1 - - [25/Jul/2016:01:33:37 +0200] "GET /js/minigame_bubblemath.js HTTP/1.1" 304 -
::1 - - [25/Jul/2016:01:33:37 +0200] "GET /js/phaser_init.js HTTP/1.1" 304 -
::1 - - [25/Jul/2016:01:33:37 +0200] "GET /js/bootstrap/bootstrap.min.js HTTP/1.1" 304 -
::1 - - [25/Jul/2016:01:33:37 +0200] "GET /Webservice/Controllers/pet.php HTTP/1.1" 200 95
::1 - - [25/Jul/2016:01:33:43 +0200] "POST /Webservice/Controllers/record.php HTTP/1.1" 200 290
::1 - - [25/Jul/2016:01:33:43 +0200] "POST /Webservice/Controllers/assignment.php HTTP/1.1" 200 65
::1 - - [25/Jul/2016:01:33:43 +0200] "POST /Webservice/Controllers/assignment.php HTTP/1.1" 200 65
::1 - - [25/Jul/2016:01:33:43 +0200] "POST /Webservice/Controllers/assignment.php HTTP/1.1" 200 65
::1 - - [25/Jul/2016:01:33:43 +0200] "POST /Webservice/Controllers/assignment.php HTTP/1.1" 200 65
::1 - - [25/Jul/2016:01:33:43 +0200] "POST /Webservice/Controllers/assignment.php HTTP/1.1" 200 65
::1 - - [25/Jul/2016:01:33:43 +0200] "POST /Webservice/Controllers/assignment.php HTTP/1.1" 200 65
::1 - - [25/Jul/2016:01:33:43 +0200] "POST /Webservice/Controllers/assignment.php HTTP/1.1" 200 65
::1 - - [25/Jul/2016:01:33:43 +0200] "POST /Webservice/Controllers/assignment.php HTTP/1.1" 200 65
::1 - - [25/Jul/2016:01:33:43 +0200] "POST /Webservice/Controllers/assignment.php HTTP/1.1" 200 65
::1 - - [25/Jul/2016:01:33:43 +0200] "POST /Webservice/Controllers/assignment.php HTTP/1.1" 200 65
::1 - - [25/Jul/2016:01:33:46 +0200] "GET /phpmyadmin/sql.php?db=edu&table=record&token=4e1fcaf8c74c2394ca3cb7518ccc550e&pos=0&ajax_request=true&ajax_page_request=true&menuHashes=d97ec4e0-209b3aec-3434e727-f8c4bd21-3e3d7c66&_nocache=1469403226469198499 HTTP/1.1" 200 7128
::1 - - [25/Jul/2016:01:33:46 +0200] "GET /phpmyadmin/index.php?ajax_request=1&recent_table=1&token=4e1fcaf8c74c2394ca3cb7518ccc550e HTTP/1.1" 200 539
::1 - - [25/Jul/2016:01:33:47 +0200] "GET /phpmyadmin/db_structure.php?db=edu&token=4e1fcaf8c74c2394ca3cb7518ccc550e&ajax_request=true&ajax_page_request=true&menuHashes=d97ec4e0-209b3aec-3434e727-f8c4bd21-3e3d7c66&_nocache=1469403227306611700 HTTP/1.1" 200 17585
::1 - - [25/Jul/2016:01:33:48 +0200] "GET /phpmyadmin/sql.php?db=edu&token=4e1fcaf8c74c2394ca3cb7518ccc550e&goto=db_structure.php&table=assignment&pos=0&ajax_request=true&ajax_page_request=true&menuHashes=d97ec4e0-209b3aec-3434e727-f8c4bd21-3e3d7c66&_nocache=1469403228462952854 HTTP/1.1" 200 17887
::1 - - [25/Jul/2016:01:33:48 +0200] "GET /phpmyadmin/index.php?ajax_request=1&recent_table=1&token=4e1fcaf8c74c2394ca3cb7518ccc550e HTTP/1.1" 200 539
::1 - - [25/Jul/2016:01:33:50 +0200] "GET /phpmyadmin/tbl_operations.php?db=edu&table=assignment&token=4e1fcaf8c74c2394ca3cb7518ccc550e&ajax_request=true&ajax_page_request=true&menuHashes=d97ec4e0-209b3aec-3434e727-f8c4bd21-3e3d7c66&_nocache=1469403230994158676 HTTP/1.1" 200 38958
::1 - - [25/Jul/2016:01:33:51 +0200] "GET /phpmyadmin/index.php?ajax_request=1&recent_table=1&token=4e1fcaf8c74c2394ca3cb7518ccc550e HTTP/1.1" 200 539
::1 - - [25/Jul/2016:01:33:52 +0200] "GET /phpmyadmin/sql.php?db=edu&table=assignment&token=4e1fcaf8c74c2394ca3cb7518ccc550e&pos=0&ajax_request=true&ajax_page_request=true&menuHashes=d97ec4e0-209b3aec-3434e727-f8c4bd21-3e3d7c66&_nocache=1469403232516963855 HTTP/1.1" 200 17887
::1 - - [25/Jul/2016:01:33:52 +0200] "GET /phpmyadmin/index.php?ajax_request=1&recent_table=1&token=4e1fcaf8c74c2394ca3cb7518ccc550e HTTP/1.1" 200 539
::1 - - [25/Jul/2016:01:33:53 +0200] "GET /phpmyadmin/tbl_operations.php?db=edu&table=assignment&token=4e1fcaf8c74c2394ca3cb7518ccc550e&ajax_request=true&ajax_page_request=true&menuHashes=d97ec4e0-209b3aec-3434e727-f8c4bd21-3e3d7c66&_nocache=1469403233896597351 HTTP/1.1" 200 38958
::1 - - [25/Jul/2016:01:33:54 +0200] "GET /phpmyadmin/index.php?ajax_request=1&recent_table=1&token=4e1fcaf8c74c2394ca3cb7518ccc550e HTTP/1.1" 200 539
::1 - - [25/Jul/2016:01:33:55 +0200] "GET /phpmyadmin/sql.php?db=edu&table=assignment&back=tbl_operations.php&goto=tbl_structure.php&sql_query=TRUNCATE+TABLE+%60assignment%60&reload=1&message_to_show=Tabel+assignment+is+leeg+gemaakt&token=4e1fcaf8c74c2394ca3cb7518ccc550e&is_js_confirmed=1&ajax_request=true&_nocache=146940323596260666 HTTP/1.1" 200 1808
::1 - - [25/Jul/2016:01:34:00 +0200] "GET /phpmyadmin/db_structure.php?db=edu&token=4e1fcaf8c74c2394ca3cb7518ccc550e&ajax_request=true&ajax_page_request=true&menuHashes=d97ec4e0-209b3aec-3434e727-f8c4bd21-3e3d7c66&_nocache=1469403240724178934 HTTP/1.1" 200 17586
::1 - - [25/Jul/2016:01:34:04 +0200] "GET /phpmyadmin/sql.php?db=edu&token=4e1fcaf8c74c2394ca3cb7518ccc550e&goto=db_structure.php&table=record&pos=0&ajax_request=true&ajax_page_request=true&menuHashes=d97ec4e0-209b3aec-3434e727-f8c4bd21-3e3d7c66&_nocache=1469403244266222846 HTTP/1.1" 200 7128
::1 - - [25/Jul/2016:01:34:04 +0200] "GET /phpmyadmin/index.php?ajax_request=1&recent_table=1&token=4e1fcaf8c74c2394ca3cb7518ccc550e HTTP/1.1" 200 539
::1 - - [25/Jul/2016:01:34:38 +0200] "GET /app.html HTTP/1.1" 304 -
::1 - - [25/Jul/2016:01:34:38 +0200] "GET /css/bootstrap.min.css HTTP/1.1" 304 -
::1 - - [25/Jul/2016:01:34:38 +0200] "GET /css/style.css HTTP/1.1" 304 -
::1 - - [25/Jul/2016:01:34:38 +0200] "GET /js/phaser.js HTTP/1.1" 304 -
::1 - - [25/Jul/2016:01:34:38 +0200] "GET /js/boot.js HTTP/1.1" 304 -
::1 - - [25/Jul/2016:01:34:38 +0200] "GET /js/main_menu.js HTTP/1.1" 304 -
::1 - - [25/Jul/2016:01:34:38 +0200] "GET /js/preloader.js HTTP/1.1" 304 -
::1 - - [25/Jul/2016:01:34:38 +0200] "GET /js/minigame_bubblemath.js HTTP/1.1" 304 -
::1 - - [25/Jul/2016:01:34:38 +0200] "GET /js/hub.js HTTP/1.1" 304 -
::1 - - [25/Jul/2016:01:34:38 +0200] "GET /js/phaser_init.js HTTP/1.1" 304 -
::1 - - [25/Jul/2016:01:34:38 +0200] "GET /js/bootstrap/bootstrap.min.js HTTP/1.1" 304 -
::1 - - [25/Jul/2016:01:34:39 +0200] "GET /Webservice/Controllers/pet.php HTTP/1.1" 200 95
::1 - - [25/Jul/2016:01:34:44 +0200] "POST /Webservice/Controllers/assignment.php HTTP/1.1" 200 65
::1 - - [25/Jul/2016:01:34:44 +0200] "POST /Webservice/Controllers/assignment.php HTTP/1.1" 200 65
::1 - - [25/Jul/2016:01:34:44 +0200] "POST /Webservice/Controllers/assignment.php HTTP/1.1" 200 65
::1 - - [25/Jul/2016:01:34:44 +0200] "POST /Webservice/Controllers/assignment.php HTTP/1.1" 200 65
::1 - - [25/Jul/2016:01:34:44 +0200] "POST /Webservice/Controllers/record.php HTTP/1.1" 200 61
::1 - - [25/Jul/2016:01:34:44 +0200] "POST /Webservice/Controllers/assignment.php HTTP/1.1" 200 65
::1 - - [25/Jul/2016:01:34:44 +0200] "POST /Webservice/Controllers/assignment.php HTTP/1.1" 200 65
::1 - - [25/Jul/2016:01:34:44 +0200] "POST /Webservice/Controllers/assignment.php HTTP/1.1" 200 65
::1 - - [25/Jul/2016:01:34:44 +0200] "POST /Webservice/Controllers/assignment.php HTTP/1.1" 200 65
::1 - - [25/Jul/2016:01:34:44 +0200] "POST /Webservice/Controllers/assignment.php HTTP/1.1" 200 65
::1 - - [25/Jul/2016:01:34:44 +0200] "POST /Webservice/Controllers/assignment.php HTTP/1.1" 200 65
::1 - - [25/Jul/2016:01:34:46 +0200] "GET /phpmyadmin/sql.php?db=edu&table=record&token=4e1fcaf8c74c2394ca3cb7518ccc550e&pos=0&ajax_request=true&ajax_page_request=true&menuHashes=d97ec4e0-209b3aec-3434e727-f8c4bd21-3e3d7c66&_nocache=146940328616490851 HTTP/1.1" 200 13403
::1 - - [25/Jul/2016:01:34:46 +0200] "GET /phpmyadmin/index.php?ajax_request=1&recent_table=1&token=4e1fcaf8c74c2394ca3cb7518ccc550e HTTP/1.1" 200 539
::1 - - [25/Jul/2016:01:34:57 +0200] "GET /phpmyadmin/index.php?token=4e1fcaf8c74c2394ca3cb7518ccc550e&ajax_request=true&ajax_page_request=true&menuHashes=d97ec4e0-209b3aec-3434e727-f8c4bd21-3e3d7c66&_nocache=146940329705980718 HTTP/1.1" 200 40751
::1 - - [25/Jul/2016:01:34:57 +0200] "GET /phpmyadmin/version_check.php?&_nocache=1469403297161447303 HTTP/1.1" 200 39
