[Wed Aug 03 18:38:04.906514 2016] [mpm_winnt:notice] [pid 12648:tid 704] AH00455: Apache/2.4.6 (Win32) PHP/5.4.17 configured -- resuming normal operations
[Wed Aug 03 18:38:04.906514 2016] [mpm_winnt:notice] [pid 12648:tid 704] AH00456: Apache Lounge VC10 Server built: Jul 16 2013 11:15:41
[Wed Aug 03 18:38:04.906514 2016] [core:notice] [pid 12648:tid 704] AH00094: Command line: 'D:\\GitHub\\Edu\\Edu/apache2/bin/httpd_usbwv8.exe -d D:/GitHub/Edu/Edu/apache2'
[Wed Aug 03 18:38:04.912533 2016] [mpm_winnt:notice] [pid 12648:tid 704] AH00418: Parent: Created child process 8
[Wed Aug 03 18:38:05.177245 2016] [mpm_winnt:notice] [pid 8:tid 688] AH00354: Child: Starting 64 worker threads.
[Wed Aug 03 19:05:07.165721 2016] [:error] [pid 8:tid 1224] [client ::1:16612] PHP Warning:  mysqli_num_rows() expects parameter 1 to be mysqli_result, null given in D:\\GitHub\\Edu\\Edu\\root\\login.php on line 27, referer: http://localhost:8081/login.html?error=Could%20not%20login:%20Wrong%20password
[Wed Aug 03 19:05:13.897919 2016] [:error] [pid 8:tid 1224] [client ::1:16614] PHP Warning:  mysqli_num_rows() expects parameter 1 to be mysqli_result, null given in D:\\GitHub\\Edu\\Edu\\root\\login.php on line 27, referer: http://localhost:8081/login.html
[Wed Aug 03 19:05:42.407871 2016] [:error] [pid 8:tid 1216] [client ::1:16664] PHP Warning:  mysqli_num_rows() expects parameter 1 to be mysqli_result, null given in D:\\GitHub\\Edu\\Edu\\root\\login.php on line 27, referer: http://localhost:8081/login.html?error=Could%20not%20login:%20Wrong%20password
[Wed Aug 03 19:05:42.407871 2016] [:error] [pid 8:tid 1216] [client ::1:16664] PHP Warning:  mysqli_num_rows() expects parameter 1 to be mysqli_result, null given in D:\\GitHub\\Edu\\Edu\\root\\login.php on line 31, referer: http://localhost:8081/login.html?error=Could%20not%20login:%20Wrong%20password
[Wed Aug 03 19:05:56.909865 2016] [:error] [pid 8:tid 1216] [client ::1:16680] PHP Warning:  mysqli_num_rows() expects parameter 1 to be mysqli_result, boolean given in D:\\GitHub\\Edu\\Edu\\root\\login.php on line 27, referer: http://localhost:8081/login.html?error=There%20is%20no%20user%20with%20this%20username.
[Wed Aug 03 19:05:56.909865 2016] [:error] [pid 8:tid 1216] [client ::1:16680] PHP Warning:  mysqli_num_rows() expects parameter 1 to be mysqli_result, boolean given in D:\\GitHub\\Edu\\Edu\\root\\login.php on line 31, referer: http://localhost:8081/login.html?error=There%20is%20no%20user%20with%20this%20username.
[Wed Aug 03 19:06:09.270779 2016] [:error] [pid 8:tid 1224] [client ::1:16693] PHP Warning:  mysqli_num_rows() expects parameter 1 to be mysqli_result, null given in D:\\GitHub\\Edu\\Edu\\root\\login.php on line 27, referer: http://localhost:8081/login.html?error=There%20is%20no%20user%20with%20this%20username.
[Wed Aug 03 19:06:09.270779 2016] [:error] [pid 8:tid 1224] [client ::1:16693] PHP Warning:  mysqli_num_rows() expects parameter 1 to be mysqli_result, null given in D:\\GitHub\\Edu\\Edu\\root\\login.php on line 31, referer: http://localhost:8081/login.html?error=There%20is%20no%20user%20with%20this%20username.
[Wed Aug 03 19:06:27.268923 2016] [:error] [pid 8:tid 1224] [client ::1:16712] PHP Warning:  mysqli_num_rows() expects parameter 1 to be mysqli_result, boolean given in D:\\GitHub\\Edu\\Edu\\root\\login.php on line 27, referer: http://localhost:8081/login.html?error=There%20is%20no%20user%20with%20this%20username.
[Wed Aug 03 19:06:27.268923 2016] [:error] [pid 8:tid 1224] [client ::1:16712] PHP Warning:  mysqli_num_rows() expects parameter 1 to be mysqli_result, boolean given in D:\\GitHub\\Edu\\Edu\\root\\login.php on line 31, referer: http://localhost:8081/login.html?error=There%20is%20no%20user%20with%20this%20username.
[Wed Aug 03 19:06:41.548134 2016] [:error] [pid 8:tid 1224] [client ::1:16727] PHP Warning:  mysqli_num_rows() expects parameter 1 to be mysqli_result, object given in D:\\GitHub\\Edu\\Edu\\root\\login.php on line 27, referer: http://localhost:8081/login.html?error=There%20is%20no%20user%20with%20this%20username.
[Wed Aug 03 19:06:41.548134 2016] [:error] [pid 8:tid 1224] [client ::1:16727] PHP Warning:  mysqli_num_rows() expects parameter 1 to be mysqli_result, object given in D:\\GitHub\\Edu\\Edu\\root\\login.php on line 31, referer: http://localhost:8081/login.html?error=There%20is%20no%20user%20with%20this%20username.
[Wed Aug 03 19:07:30.525718 2016] [:error] [pid 8:tid 1224] [client ::1:16768] PHP Warning:  mysqli_num_rows() expects parameter 1 to be mysqli_result, object given in D:\\GitHub\\Edu\\Edu\\root\\login.php on line 27, referer: http://localhost:8081/login.html?error=There%20is%20no%20user%20with%20this%20username.
[Wed Aug 03 19:07:30.525718 2016] [:error] [pid 8:tid 1224] [client ::1:16768] PHP Warning:  main(): Couldn't fetch mysqli_stmt in D:\\GitHub\\Edu\\Edu\\root\\login.php on line 31, referer: http://localhost:8081/login.html?error=There%20is%20no%20user%20with%20this%20username.
[Wed Aug 03 19:07:30.525718 2016] [:error] [pid 8:tid 1224] [client ::1:16768] PHP Warning:  mysqli_num_rows() expects parameter 1 to be mysqli_result, null given in D:\\GitHub\\Edu\\Edu\\root\\login.php on line 31, referer: http://localhost:8081/login.html?error=There%20is%20no%20user%20with%20this%20username.
[Wed Aug 03 19:07:54.991498 2016] [:error] [pid 8:tid 1224] [client ::1:16788] PHP Warning:  mysqli_num_rows() expects parameter 1 to be mysqli_result, object given in D:\\GitHub\\Edu\\Edu\\root\\login.php on line 28, referer: http://localhost:8081/login.html?error=There%20is%20no%20user%20with%20this%20username.
[Wed Aug 03 19:07:54.991987 2016] [:error] [pid 8:tid 1224] [client ::1:16788] PHP Warning:  main(): Couldn't fetch mysqli_stmt in D:\\GitHub\\Edu\\Edu\\root\\login.php on line 32, referer: http://localhost:8081/login.html?error=There%20is%20no%20user%20with%20this%20username.
[Wed Aug 03 19:07:54.991987 2016] [:error] [pid 8:tid 1224] [client ::1:16788] PHP Warning:  mysqli_num_rows() expects parameter 1 to be mysqli_result, null given in D:\\GitHub\\Edu\\Edu\\root\\login.php on line 32, referer: http://localhost:8081/login.html?error=There%20is%20no%20user%20with%20this%20username.
[Wed Aug 03 19:07:57.678193 2016] [:error] [pid 8:tid 1224] [client ::1:16788] PHP Warning:  mysqli_num_rows() expects parameter 1 to be mysqli_result, object given in D:\\GitHub\\Edu\\Edu\\root\\login.php on line 28, referer: http://localhost:8081/login.html?error=There%20is%20no%20user%20with%20this%20username.
[Wed Aug 03 19:07:57.678193 2016] [:error] [pid 8:tid 1224] [client ::1:16788] PHP Warning:  main(): Couldn't fetch mysqli_stmt in D:\\GitHub\\Edu\\Edu\\root\\login.php on line 32, referer: http://localhost:8081/login.html?error=There%20is%20no%20user%20with%20this%20username.
[Wed Aug 03 19:07:57.678193 2016] [:error] [pid 8:tid 1224] [client ::1:16788] PHP Warning:  mysqli_num_rows() expects parameter 1 to be mysqli_result, null given in D:\\GitHub\\Edu\\Edu\\root\\login.php on line 32, referer: http://localhost:8081/login.html?error=There%20is%20no%20user%20with%20this%20username.
[Wed Aug 03 19:48:26.547484 2016] [:error] [pid 8:tid 1220] [client ::1:19276] PHP Fatal error:  Call to a member function bind_param() on a non-object in D:\\GitHub\\Edu\\Edu\\root\\Dashboard\\index.php on line 34, referer: http://localhost:8081/login.html?error=Fout%20tijdens%20het%20inloggen:%20Verkeerde%20wachtwoord
[Wed Aug 03 19:48:45.747149 2016] [:error] [pid 8:tid 1220] [client ::1:19356] PHP Fatal error:  Call to a member function bind_param() on a non-object in D:\\GitHub\\Edu\\Edu\\root\\Dashboard\\index.php on line 34, referer: http://localhost:8081/login.html?error=Fout%20tijdens%20het%20inloggen:%20Verkeerde%20wachtwoord
[Wed Aug 03 19:48:46.882279 2016] [:error] [pid 8:tid 1220] [client ::1:19356] PHP Fatal error:  Call to a member function bind_param() on a non-object in D:\\GitHub\\Edu\\Edu\\root\\Dashboard\\index.php on line 34, referer: http://localhost:8081/login.html?error=Fout%20tijdens%20het%20inloggen:%20Verkeerde%20wachtwoord
[Wed Aug 03 19:50:21.187421 2016] [:error] [pid 8:tid 1220] [client ::1:19487] PHP Warning:  mysqli_stmt::fetch(): Couldn't fetch mysqli_stmt in D:\\GitHub\\Edu\\Edu\\root\\Dashboard\\index.php on line 34, referer: http://localhost:8081/login.html?error=Fout%20tijdens%20het%20inloggen:%20Verkeerde%20wachtwoord
[Wed Aug 03 19:50:41.068809 2016] [:error] [pid 8:tid 1212] [client ::1:19512] PHP Fatal error:  Call to a member function bind_param() on a non-object in D:\\GitHub\\Edu\\Edu\\root\\Dashboard\\index.php on line 34, referer: http://localhost:8081/login.html?error=Fout%20tijdens%20het%20inloggen:%20Verkeerde%20wachtwoord
[Wed Aug 03 19:50:51.654315 2016] [:error] [pid 8:tid 1212] [client ::1:19525] PHP Fatal error:  Call to a member function bind_param() on a non-object in D:\\GitHub\\Edu\\Edu\\root\\Dashboard\\index.php on line 34, referer: http://localhost:8081/login.html?error=Fout%20tijdens%20het%20inloggen:%20Verkeerde%20wachtwoord
[Wed Aug 03 19:50:52.417433 2016] [:error] [pid 8:tid 1212] [client ::1:19525] PHP Fatal error:  Call to a member function bind_param() on a non-object in D:\\GitHub\\Edu\\Edu\\root\\Dashboard\\index.php on line 34, referer: http://localhost:8081/login.html?error=Fout%20tijdens%20het%20inloggen:%20Verkeerde%20wachtwoord
[Wed Aug 03 19:50:52.897108 2016] [:error] [pid 8:tid 1212] [client ::1:19525] PHP Fatal error:  Call to a member function bind_param() on a non-object in D:\\GitHub\\Edu\\Edu\\root\\Dashboard\\index.php on line 34, referer: http://localhost:8081/login.html?error=Fout%20tijdens%20het%20inloggen:%20Verkeerde%20wachtwoord
[Wed Aug 03 19:53:14.790786 2016] [:error] [pid 8:tid 1212] [client ::1:19642] PHP Notice:  Trying to get property of non-object in D:\\GitHub\\Edu\\Edu\\root\\Dashboard\\index.php on line 34, referer: http://localhost:8081/login.html?error=Fout%20tijdens%20het%20inloggen:%20Verkeerde%20wachtwoord
[Wed Aug 03 19:53:14.790786 2016] [:error] [pid 8:tid 1212] [client ::1:19642] PHP Fatal error:  Call to a member function bind_param() on a non-object in D:\\GitHub\\Edu\\Edu\\root\\Dashboard\\index.php on line 35, referer: http://localhost:8081/login.html?error=Fout%20tijdens%20het%20inloggen:%20Verkeerde%20wachtwoord
[Wed Aug 03 19:54:08.123738 2016] [:error] [pid 8:tid 1212] [client ::1:19686] PHP Fatal error:  Call to a member function bind_param() on a non-object in D:\\GitHub\\Edu\\Edu\\root\\Dashboard\\index.php on line 35, referer: http://localhost:8081/login.html?error=Fout%20tijdens%20het%20inloggen:%20Verkeerde%20wachtwoord
[Wed Aug 03 19:54:18.481613 2016] [:error] [pid 8:tid 1212] [client ::1:19695] PHP Fatal error:  Call to a member function bind_param() on a non-object in D:\\GitHub\\Edu\\Edu\\root\\Dashboard\\index.php on line 35, referer: http://localhost:8081/login.html?error=Fout%20tijdens%20het%20inloggen:%20Verkeerde%20wachtwoord
[Wed Aug 03 19:54:19.290734 2016] [:error] [pid 8:tid 1212] [client ::1:19695] PHP Fatal error:  Call to a member function bind_param() on a non-object in D:\\GitHub\\Edu\\Edu\\root\\Dashboard\\index.php on line 35, referer: http://localhost:8081/login.html?error=Fout%20tijdens%20het%20inloggen:%20Verkeerde%20wachtwoord
[Wed Aug 03 19:56:31.454653 2016] [:error] [pid 8:tid 1212] [client ::1:19918] PHP Fatal error:  Call to a member function bind_param() on a non-object in D:\\GitHub\\Edu\\Edu\\root\\Dashboard\\index.php on line 34, referer: http://localhost:8081/login.html?error=Fout%20tijdens%20het%20inloggen:%20Verkeerde%20wachtwoord
[Wed Aug 03 19:56:32.039541 2016] [:error] [pid 8:tid 1212] [client ::1:19918] PHP Fatal error:  Call to a member function bind_param() on a non-object in D:\\GitHub\\Edu\\Edu\\root\\Dashboard\\index.php on line 34, referer: http://localhost:8081/login.html?error=Fout%20tijdens%20het%20inloggen:%20Verkeerde%20wachtwoord
[Wed Aug 03 19:56:32.686536 2016] [:error] [pid 8:tid 1212] [client ::1:19918] PHP Fatal error:  Call to a member function bind_param() on a non-object in D:\\GitHub\\Edu\\Edu\\root\\Dashboard\\index.php on line 34, referer: http://localhost:8081/login.html?error=Fout%20tijdens%20het%20inloggen:%20Verkeerde%20wachtwoord
[Wed Aug 03 19:58:13.372280 2016] [:error] [pid 8:tid 1212] [client ::1:19993] PHP Warning:  date(): It is not safe to rely on the system's timezone settings. You are *required* to use the date.timezone setting or the date_default_timezone_set() function. In case you used any of those methods and you are still getting this warning, you most likely misspelled the timezone identifier. We selected the timezone 'UTC' for now, but please set date.timezone to select your timezone. in D:\\GitHub\\Edu\\Edu\\root\\Dashboard\\index.php on line 42, referer: http://localhost:8081/login.html?error=Fout%20tijdens%20het%20inloggen:%20Verkeerde%20wachtwoord
[Wed Aug 03 20:02:28.715656 2016] [:error] [pid 8:tid 1212] [client ::1:20249] PHP Warning:  mysqli_stmt::execute(): Couldn't fetch mysqli_stmt in D:\\GitHub\\Edu\\Edu\\root\\Dashboard\\index.php on line 39, referer: http://localhost:8081/dashboard/register.php
[Wed Aug 03 20:02:28.715656 2016] [:error] [pid 8:tid 1212] [client ::1:20249] PHP Warning:  mysqli_stmt::bind_result(): Couldn't fetch mysqli_stmt in D:\\GitHub\\Edu\\Edu\\root\\Dashboard\\index.php on line 41, referer: http://localhost:8081/dashboard/register.php
[Wed Aug 03 20:02:28.715656 2016] [:error] [pid 8:tid 1212] [client ::1:20249] PHP Warning:  mysqli_stmt::close(): Couldn't fetch mysqli_stmt in D:\\GitHub\\Edu\\Edu\\root\\Dashboard\\index.php on line 47, referer: http://localhost:8081/dashboard/register.php
[Wed Aug 03 20:03:05.674773 2016] [:error] [pid 8:tid 1212] [client ::1:20271] PHP Fatal error:  Call to a member function bind_param() on a non-object in D:\\GitHub\\Edu\\Edu\\root\\Dashboard\\index.php on line 36, referer: http://localhost:8081/dashboard/register.php
[Wed Aug 03 20:04:47.759392 2016] [:error] [pid 8:tid 1212] [client ::1:20395] PHP Fatal error:  Call to a member function bind_param() on a non-object in D:\\GitHub\\Edu\\Edu\\root\\Dashboard\\index.php on line 36, referer: http://localhost:8081/dashboard/register.php
[Wed Aug 03 20:04:48.391797 2016] [:error] [pid 8:tid 1212] [client ::1:20395] PHP Fatal error:  Call to a member function bind_param() on a non-object in D:\\GitHub\\Edu\\Edu\\root\\Dashboard\\index.php on line 36, referer: http://localhost:8081/dashboard/register.php
[Wed Aug 03 20:06:18.914395 2016] [:error] [pid 8:tid 1204] [client ::1:20476] PHP Fatal error:  Call to a member function bind_param() on a non-object in D:\\GitHub\\Edu\\Edu\\root\\Dashboard\\index.php on line 36, referer: http://localhost:8081/login.html
[Wed Aug 03 20:07:07.216517 2016] [:error] [pid 8:tid 1204] [client ::1:20541] PHP Fatal error:  Call to a member function bind_param() on a non-object in D:\\GitHub\\Edu\\Edu\\root\\Dashboard\\index.php on line 36, referer: http://localhost:8081/login.html
[Wed Aug 03 20:07:08.075562 2016] [:error] [pid 8:tid 1204] [client ::1:20541] PHP Fatal error:  Call to a member function bind_param() on a non-object in D:\\GitHub\\Edu\\Edu\\root\\Dashboard\\index.php on line 36, referer: http://localhost:8081/login.html
[Wed Aug 03 20:07:08.637118 2016] [:error] [pid 8:tid 1204] [client ::1:20541] PHP Fatal error:  Call to a member function bind_param() on a non-object in D:\\GitHub\\Edu\\Edu\\root\\Dashboard\\index.php on line 36, referer: http://localhost:8081/login.html
[Wed Aug 03 20:07:09.022769 2016] [:error] [pid 8:tid 1204] [client ::1:20541] PHP Fatal error:  Call to a member function bind_param() on a non-object in D:\\GitHub\\Edu\\Edu\\root\\Dashboard\\index.php on line 36, referer: http://localhost:8081/login.html
[Wed Aug 03 20:07:16.850125 2016] [:error] [pid 8:tid 1204] [client ::1:20552] PHP Fatal error:  Call to a member function bind_param() on a non-object in D:\\GitHub\\Edu\\Edu\\root\\Dashboard\\index.php on line 36, referer: http://localhost:8081/login.html
[Wed Aug 03 20:07:17.396750 2016] [:error] [pid 8:tid 1204] [client ::1:20552] PHP Fatal error:  Call to a member function bind_param() on a non-object in D:\\GitHub\\Edu\\Edu\\root\\Dashboard\\index.php on line 36, referer: http://localhost:8081/login.html
[Wed Aug 03 20:07:56.072605 2016] [:error] [pid 8:tid 1204] [client ::1:20595] PHP Fatal error:  Call to a member function bind_param() on a non-object in D:\\GitHub\\Edu\\Edu\\root\\Dashboard\\index.php on line 36, referer: http://localhost:8081/login.html
[Wed Aug 03 20:07:56.958308 2016] [:error] [pid 8:tid 1204] [client ::1:20595] PHP Fatal error:  Call to a member function bind_param() on a non-object in D:\\GitHub\\Edu\\Edu\\root\\Dashboard\\index.php on line 36, referer: http://localhost:8081/login.html
[Wed Aug 03 20:08:12.117486 2016] [:error] [pid 8:tid 1204] [client ::1:20616] PHP Fatal error:  Call to a member function bind_param() on a non-object in D:\\GitHub\\Edu\\Edu\\root\\Dashboard\\index.php on line 36, referer: http://localhost:8081/login.html
[Wed Aug 03 20:08:12.679504 2016] [:error] [pid 8:tid 1204] [client ::1:20616] PHP Fatal error:  Call to a member function bind_param() on a non-object in D:\\GitHub\\Edu\\Edu\\root\\Dashboard\\index.php on line 36, referer: http://localhost:8081/login.html
[Wed Aug 03 20:08:12.834801 2016] [:error] [pid 8:tid 1204] [client ::1:20616] PHP Fatal error:  Call to a member function bind_param() on a non-object in D:\\GitHub\\Edu\\Edu\\root\\Dashboard\\index.php on line 36, referer: http://localhost:8081/login.html
[Wed Aug 03 20:09:56.265205 2016] [:error] [pid 8:tid 1216] [client ::1:20716] PHP Fatal error:  Call to a member function bind_param() on a non-object in D:\\GitHub\\Edu\\Edu\\root\\Dashboard\\index.php on line 39, referer: http://localhost:8081/login.html
[Wed Aug 03 20:16:35.170305 2016] [:error] [pid 8:tid 1220] [client ::1:21122] PHP Notice:  Undefined variable: timestamp in D:\\GitHub\\Edu\\Edu\\root\\Dashboard\\index.php on line 34, referer: http://localhost:8081/login.html
[Wed Aug 03 21:27:25.661456 2016] [:error] [pid 8:tid 1212] [client ::1:25228] PHP Notice:  Undefined index: firstname in D:\\GitHub\\Edu\\Edu\\root\\Dashboard\\index.php on line 49, referer: http://localhost:8081/dashboard/register.php
[Wed Aug 03 21:27:25.661456 2016] [:error] [pid 8:tid 1212] [client ::1:25228] PHP Warning:  in_array() expects parameter 2 to be array, null given in D:\\GitHub\\Edu\\Edu\\root\\Dashboard\\index.php on line 49, referer: http://localhost:8081/dashboard/register.php
[Wed Aug 03 21:39:29.509728 2016] [:error] [pid 8:tid 1216] [client ::1:25943] PHP Parse error:  syntax error, unexpected '}' in D:\\GitHub\\Edu\\Edu\\root\\Dashboard\\index.php on line 52, referer: http://localhost:8081/login.html
[Wed Aug 03 21:46:32.411276 2016] [:error] [pid 8:tid 1216] [client ::1:26329] PHP Notice:  Undefined index: firstname in D:\\GitHub\\Edu\\Edu\\root\\Dashboard\\index.php on line 50, referer: http://localhost:8081/dashboard/assignments.php?name=reinier&timestamp=1470253148
[Wed Aug 03 21:46:32.411276 2016] [:error] [pid 8:tid 1216] [client ::1:26329] PHP Warning:  in_array() expects parameter 2 to be array, null given in D:\\GitHub\\Edu\\Edu\\root\\Dashboard\\index.php on line 50, referer: http://localhost:8081/dashboard/assignments.php?name=reinier&timestamp=1470253148
[Wed Aug 03 21:48:52.981655 2016] [:error] [pid 8:tid 1204] [client ::1:26427] PHP Notice:  Undefined index: firstname in D:\\GitHub\\Edu\\Edu\\root\\Dashboard\\index.php on line 50, referer: http://localhost:8081/dashboard/assignments.php?name=reinier&timestamp=1470253148
[Wed Aug 03 21:48:54.044610 2016] [:error] [pid 8:tid 1204] [client ::1:26427] PHP Notice:  Undefined index: firstname in D:\\GitHub\\Edu\\Edu\\root\\Dashboard\\index.php on line 50, referer: http://localhost:8081/dashboard/assignments.php?name=reinier&timestamp=1470253148
[Wed Aug 03 22:06:05.990704 2016] [:error] [pid 8:tid 1208] [client ::1:27296] PHP Notice:  Array to string conversion in D:\\GitHub\\Edu\\Edu\\root\\Dashboard\\index.php on line 51, referer: http://localhost:8081/dashboard/register.php
[Wed Aug 03 22:06:05.990704 2016] [:error] [pid 8:tid 1208] [client ::1:27296] PHP Notice:  Array to string conversion in D:\\GitHub\\Edu\\Edu\\root\\Dashboard\\index.php on line 51, referer: http://localhost:8081/dashboard/register.php
[Wed Aug 03 22:06:05.990704 2016] [:error] [pid 8:tid 1208] [client ::1:27296] PHP Notice:  Array to string conversion in D:\\GitHub\\Edu\\Edu\\root\\Dashboard\\index.php on line 51, referer: http://localhost:8081/dashboard/register.php
[Wed Aug 03 22:10:29.470506 2016] [:error] [pid 8:tid 1204] [client ::1:27643] PHP Warning:  Illegal offset type in D:\\GitHub\\Edu\\Edu\\root\\Dashboard\\index.php on line 52, referer: http://localhost:8081/dashboard/register.php
[Wed Aug 03 23:37:52.520322 2016] [:error] [pid 8:tid 1212] [client ::1:32479] PHP Notice:  Undefined variable: age in D:\\GitHub\\Edu\\Edu\\root\\Dashboard\\details.php on line 101, referer: http://localhost:8081/dashboard/index.php
[Wed Aug 03 23:38:14.180842 2016] [:error] [pid 8:tid 1204] [client ::1:32502] PHP Notice:  Undefined variable: age in D:\\GitHub\\Edu\\Edu\\root\\Dashboard\\details.php on line 101, referer: http://localhost:8081/dashboard/index.php
[Wed Aug 03 23:38:31.793398 2016] [:error] [pid 8:tid 1224] [client ::1:32532] PHP Notice:  Undefined variable: age in D:\\GitHub\\Edu\\Edu\\root\\Dashboard\\details.php on line 101, referer: http://localhost:8081/dashboard/index.php
[Wed Aug 03 23:40:30.873805 2016] [:error] [pid 8:tid 1224] [client ::1:32641] PHP Notice:  Undefined variable: age in D:\\GitHub\\Edu\\Edu\\root\\Dashboard\\details.php on line 101, referer: http://localhost:8081/dashboard/index.php
[Wed Aug 03 23:40:41.662622 2016] [:error] [pid 8:tid 1212] [client ::1:32657] PHP Notice:  Undefined variable: age in D:\\GitHub\\Edu\\Edu\\root\\Dashboard\\details.php on line 101, referer: http://localhost:8081/dashboard/index.php
[Wed Aug 03 23:53:02.181784 2016] [:error] [pid 8:tid 1212] [client ::1:33331] PHP Notice:  Undefined variable: age in D:\\GitHub\\Edu\\Edu\\root\\Dashboard\\details.php on line 101, referer: http://localhost:8081/dashboard/assignments.php?name=SwenKind&timestamp=1470247572
[Wed Aug 03 23:54:35.105255 2016] [:error] [pid 8:tid 1224] [client ::1:33426] PHP Notice:  Undefined variable: age in D:\\GitHub\\Edu\\Edu\\root\\Dashboard\\details.php on line 101, referer: http://localhost:8081/dashboard/assignments.php?name=SwenKind&timestamp=1470247572
[Wed Aug 03 23:54:39.856751 2016] [:error] [pid 8:tid 1224] [client ::1:33426] PHP Notice:  Undefined variable: age in D:\\GitHub\\Edu\\Edu\\root\\Dashboard\\details.php on line 101, referer: http://localhost:8081/dashboard/index.php
[Wed Aug 03 23:54:46.744910 2016] [:error] [pid 8:tid 1224] [client ::1:33426] PHP Notice:  Undefined variable: age in D:\\GitHub\\Edu\\Edu\\root\\Dashboard\\details.php on line 101, referer: http://localhost:8081/dashboard/index.php
[Thu Aug 04 00:01:30.226655 2016] [:error] [pid 8:tid 1212] [client ::1:33836] PHP Fatal error:  Call to a member function bind_param() on a non-object in D:\\GitHub\\Edu\\Edu\\root\\Dashboard\\assignments.php on line 20, referer: http://localhost:8081/dashboard/details.php?name=SwenKind
[Thu Aug 04 00:01:42.764057 2016] [:error] [pid 8:tid 1212] [client ::1:33849] PHP Fatal error:  Call to a member function bind_param() on a non-object in D:\\GitHub\\Edu\\Edu\\root\\Dashboard\\assignments.php on line 20, referer: http://localhost:8081/dashboard/details.php?name=SwenKind
[Thu Aug 04 00:02:19.243160 2016] [:error] [pid 8:tid 1212] [client ::1:33876] PHP Fatal error:  Call to a member function bind_param() on a non-object in D:\\GitHub\\Edu\\Edu\\root\\Dashboard\\assignments.php on line 20, referer: http://localhost:8081/dashboard/details.php?name=SwenKind
[Thu Aug 04 00:02:19.849841 2016] [:error] [pid 8:tid 1212] [client ::1:33876] PHP Fatal error:  Call to a member function bind_param() on a non-object in D:\\GitHub\\Edu\\Edu\\root\\Dashboard\\assignments.php on line 20, referer: http://localhost:8081/dashboard/details.php?name=SwenKind
[Thu Aug 04 00:02:42.279698 2016] [:error] [pid 8:tid 1212] [client ::1:33902] PHP Fatal error:  Call to a member function bind_param() on a non-object in D:\\GitHub\\Edu\\Edu\\root\\Dashboard\\assignments.php on line 20, referer: http://localhost:8081/dashboard/details.php?name=SwenKind
[Thu Aug 04 00:02:42.747870 2016] [:error] [pid 8:tid 1212] [client ::1:33902] PHP Fatal error:  Call to a member function bind_param() on a non-object in D:\\GitHub\\Edu\\Edu\\root\\Dashboard\\assignments.php on line 20, referer: http://localhost:8081/dashboard/details.php?name=SwenKind
[Thu Aug 04 00:04:04.352089 2016] [:error] [pid 8:tid 1212] [client ::1:33981] PHP Fatal error:  Call to a member function bind_param() on a non-object in D:\\GitHub\\Edu\\Edu\\root\\Dashboard\\assignments.php on line 20, referer: http://localhost:8081/dashboard/details.php?name=SwenKind
[Thu Aug 04 00:04:22.962877 2016] [:error] [pid 8:tid 1212] [client ::1:33999] PHP Fatal error:  Call to a member function bind_param() on a non-object in D:\\GitHub\\Edu\\Edu\\root\\Dashboard\\assignments.php on line 20, referer: http://localhost:8081/dashboard/details.php?name=SwenKind
[Thu Aug 04 00:04:28.234528 2016] [:error] [pid 8:tid 1212] [client ::1:34006] PHP Fatal error:  Call to a member function bind_param() on a non-object in D:\\GitHub\\Edu\\Edu\\root\\Dashboard\\assignments.php on line 20, referer: http://localhost:8081/dashboard/details.php?name=SwenKind
[Thu Aug 04 00:04:29.176035 2016] [:error] [pid 8:tid 1212] [client ::1:34006] PHP Fatal error:  Call to a member function bind_param() on a non-object in D:\\GitHub\\Edu\\Edu\\root\\Dashboard\\assignments.php on line 20, referer: http://localhost:8081/dashboard/details.php?name=SwenKind
[Thu Aug 04 00:04:36.345088 2016] [:error] [pid 8:tid 1212] [client ::1:34018] PHP Fatal error:  Call to a member function bind_param() on a non-object in D:\\GitHub\\Edu\\Edu\\root\\Dashboard\\assignments.php on line 20, referer: http://localhost:8081/dashboard/details.php?name=SwenKind
[Thu Aug 04 00:04:36.951784 2016] [:error] [pid 8:tid 1212] [client ::1:34018] PHP Fatal error:  Call to a member function bind_param() on a non-object in D:\\GitHub\\Edu\\Edu\\root\\Dashboard\\assignments.php on line 20, referer: http://localhost:8081/dashboard/details.php?name=SwenKind
[Thu Aug 04 00:04:37.182465 2016] [:error] [pid 8:tid 1212] [client ::1:34018] PHP Fatal error:  Call to a member function bind_param() on a non-object in D:\\GitHub\\Edu\\Edu\\root\\Dashboard\\assignments.php on line 20, referer: http://localhost:8081/dashboard/details.php?name=SwenKind
[Thu Aug 04 00:05:11.885609 2016] [:error] [pid 8:tid 1212] [client ::1:34055] PHP Fatal error:  Call to a member function bind_param() on a non-object in D:\\GitHub\\Edu\\Edu\\root\\Dashboard\\assignments.php on line 20, referer: http://localhost:8081/dashboard/details.php?name=SwenKind
[Thu Aug 04 00:05:15.125692 2016] [:error] [pid 8:tid 1212] [client ::1:34055] PHP Fatal error:  Call to a member function bind_param() on a non-object in D:\\GitHub\\Edu\\Edu\\root\\Dashboard\\assignments.php on line 20, referer: http://localhost:8081/dashboard/details.php?name=SwenKind
[Thu Aug 04 00:05:38.080571 2016] [:error] [pid 8:tid 1204] [client ::1:34090] PHP Fatal error:  Call to a member function bind_param() on a non-object in D:\\GitHub\\Edu\\Edu\\root\\Dashboard\\assignments.php on line 20, referer: http://localhost:8081/dashboard/details.php?name=SwenKind
[Thu Aug 04 00:06:25.581836 2016] [:error] [pid 8:tid 1204] [client ::1:34129] PHP Fatal error:  Call to a member function bind_param() on a non-object in D:\\GitHub\\Edu\\Edu\\root\\Dashboard\\assignments.php on line 20, referer: http://localhost:8081/dashboard/details.php?name=SwenKind
[Thu Aug 04 00:06:26.181946 2016] [:error] [pid 8:tid 1204] [client ::1:34129] PHP Fatal error:  Call to a member function bind_param() on a non-object in D:\\GitHub\\Edu\\Edu\\root\\Dashboard\\assignments.php on line 20, referer: http://localhost:8081/dashboard/details.php?name=SwenKind
[Thu Aug 04 00:06:34.920696 2016] [:error] [pid 8:tid 1204] [client ::1:34142] PHP Fatal error:  Call to a member function bind_param() on a non-object in D:\\GitHub\\Edu\\Edu\\root\\Dashboard\\assignments.php on line 20, referer: http://localhost:8081/dashboard/details.php?name=SwenKind
[Thu Aug 04 00:06:35.601940 2016] [:error] [pid 8:tid 1204] [client ::1:34142] PHP Fatal error:  Call to a member function bind_param() on a non-object in D:\\GitHub\\Edu\\Edu\\root\\Dashboard\\assignments.php on line 20, referer: http://localhost:8081/dashboard/details.php?name=SwenKind
[Thu Aug 04 00:06:46.091105 2016] [:error] [pid 8:tid 1204] [client ::1:34150] PHP Fatal error:  Call to a member function bind_param() on a non-object in D:\\GitHub\\Edu\\Edu\\root\\Dashboard\\assignments.php on line 20, referer: http://localhost:8081/dashboard/details.php?name=SwenKind
[Thu Aug 04 00:07:01.306568 2016] [:error] [pid 8:tid 1204] [client ::1:34160] PHP Fatal error:  Call to a member function bind_param() on a non-object in D:\\GitHub\\Edu\\Edu\\root\\Dashboard\\assignments.php on line 20, referer: http://localhost:8081/dashboard/details.php?name=SwenKind
[Thu Aug 04 00:10:39.026288 2016] [:error] [pid 8:tid 1204] [client ::1:34323] PHP Fatal error:  Call to a member function bind_param() on a non-object in D:\\GitHub\\Edu\\Edu\\root\\Dashboard\\assignments.php on line 20, referer: http://localhost:8081/dashboard/details.php?name=SwenKind
[Thu Aug 04 00:11:11.339060 2016] [:error] [pid 8:tid 1204] [client ::1:34347] PHP Fatal error:  Call to a member function bind_param() on a non-object in D:\\GitHub\\Edu\\Edu\\root\\Dashboard\\assignments.php on line 20, referer: http://localhost:8081/dashboard/details.php?name=SwenKind
[Thu Aug 04 00:11:13.067217 2016] [:error] [pid 8:tid 1204] [client ::1:34347] PHP Fatal error:  Call to a member function bind_param() on a non-object in D:\\GitHub\\Edu\\Edu\\root\\Dashboard\\assignments.php on line 20, referer: http://localhost:8081/dashboard/details.php?name=SwenKind
[Thu Aug 04 00:11:13.272125 2016] [:error] [pid 8:tid 1204] [client ::1:34347] PHP Fatal error:  Call to a member function bind_param() on a non-object in D:\\GitHub\\Edu\\Edu\\root\\Dashboard\\assignments.php on line 20, referer: http://localhost:8081/dashboard/details.php?name=SwenKind
[Thu Aug 04 00:11:13.450202 2016] [:error] [pid 8:tid 1204] [client ::1:34347] PHP Fatal error:  Call to a member function bind_param() on a non-object in D:\\GitHub\\Edu\\Edu\\root\\Dashboard\\assignments.php on line 20, referer: http://localhost:8081/dashboard/details.php?name=SwenKind
[Thu Aug 04 00:11:13.601079 2016] [:error] [pid 8:tid 1204] [client ::1:34347] PHP Fatal error:  Call to a member function bind_param() on a non-object in D:\\GitHub\\Edu\\Edu\\root\\Dashboard\\assignments.php on line 20, referer: http://localhost:8081/dashboard/details.php?name=SwenKind
[Thu Aug 04 00:11:52.486181 2016] [:error] [pid 8:tid 1204] [client ::1:34396] PHP Fatal error:  Call to a member function bind_param() on a non-object in D:\\GitHub\\Edu\\Edu\\root\\Dashboard\\assignments.php on line 20, referer: http://localhost:8081/dashboard/details.php?name=SwenKind
[Thu Aug 04 00:14:20.477318 2016] [:error] [pid 8:tid 1204] [client ::1:34530] PHP Warning:  mysql_error() expects parameter 1 to be resource, boolean given in D:\\GitHub\\Edu\\Edu\\root\\Dashboard\\assignments.php on line 20, referer: http://localhost:8081/dashboard/details.php?name=SwenKind
[Thu Aug 04 00:14:20.477318 2016] [:error] [pid 8:tid 1204] [client ::1:34530] PHP Fatal error:  Call to a member function bind_param() on a non-object in D:\\GitHub\\Edu\\Edu\\root\\Dashboard\\assignments.php on line 21, referer: http://localhost:8081/dashboard/details.php?name=SwenKind
[Thu Aug 04 00:14:20.521862 2016] [:error] [pid 8:tid 1212] [client ::1:34532] PHP Warning:  mysql_error() expects parameter 1 to be resource, boolean given in D:\\GitHub\\Edu\\Edu\\root\\Dashboard\\assignments.php on line 20, referer: http://localhost:8081/dashboard/details.php?name=SwenKind
[Thu Aug 04 00:14:20.521862 2016] [:error] [pid 8:tid 1212] [client ::1:34532] PHP Fatal error:  Call to a member function bind_param() on a non-object in D:\\GitHub\\Edu\\Edu\\root\\Dashboard\\assignments.php on line 21, referer: http://localhost:8081/dashboard/details.php?name=SwenKind
[Thu Aug 04 00:19:24.295791 2016] [:error] [pid 8:tid 1204] [client ::1:34811] PHP Notice:  Undefined variable: age in D:\\GitHub\\Edu\\Edu\\root\\Dashboard\\details.php on line 101, referer: http://localhost:8081/dashboard/index.php
[Thu Aug 04 00:19:24.348848 2016] [:error] [pid 8:tid 1204] [client ::1:34811] PHP Notice:  Undefined variable: age in D:\\GitHub\\Edu\\Edu\\root\\Dashboard\\details.php on line 101, referer: http://localhost:8081/dashboard/index.php
[Thu Aug 04 00:20:42.008308 2016] [:error] [pid 8:tid 1204] [client ::1:34899] PHP Warning:  mysql_error() expects parameter 1 to be resource, object given in D:\\GitHub\\Edu\\Edu\\root\\Dashboard\\assignments.php on line 20, referer: http://localhost:8081/dashboard/details.php?name=SwenKind
[Thu Aug 04 00:20:42.068758 2016] [:error] [pid 8:tid 1204] [client ::1:34899] PHP Warning:  mysql_error() expects parameter 1 to be resource, object given in D:\\GitHub\\Edu\\Edu\\root\\Dashboard\\assignments.php on line 20, referer: http://localhost:8081/dashboard/details.php?name=SwenKind
[Thu Aug 04 00:34:55.344270 2016] [:error] [pid 8:tid 1224] [client ::1:35703] PHP Notice:  Undefined variable: beginInterval in D:\\GitHub\\Edu\\Edu\\root\\Dashboard\\assignments.php on line 104, referer: http://localhost:8081/dashboard/details.php?name=SwenKind
[Thu Aug 04 00:34:55.344270 2016] [:error] [pid 8:tid 1224] [client ::1:35703] PHP Notice:  Undefined variable: endInterval in D:\\GitHub\\Edu\\Edu\\root\\Dashboard\\assignments.php on line 104, referer: http://localhost:8081/dashboard/details.php?name=SwenKind
[Thu Aug 04 00:34:55.395409 2016] [:error] [pid 8:tid 1204] [client ::1:35707] PHP Notice:  Undefined variable: beginInterval in D:\\GitHub\\Edu\\Edu\\root\\Dashboard\\assignments.php on line 104, referer: http://localhost:8081/dashboard/details.php?name=SwenKind
[Thu Aug 04 00:34:55.395409 2016] [:error] [pid 8:tid 1204] [client ::1:35707] PHP Notice:  Undefined variable: endInterval in D:\\GitHub\\Edu\\Edu\\root\\Dashboard\\assignments.php on line 104, referer: http://localhost:8081/dashboard/details.php?name=SwenKind
[Thu Aug 04 00:40:34.700061 2016] [:error] [pid 8:tid 1224] [client ::1:36009] PHP Notice:  Undefined variable: age in D:\\GitHub\\Edu\\Edu\\root\\Dashboard\\details.php on line 101, referer: http://localhost:8081/dashboard/assignments.php?name=SwenKind&timestamp=1470247572
[Thu Aug 04 00:40:34.746611 2016] [:error] [pid 8:tid 1224] [client ::1:36009] PHP Notice:  Undefined variable: age in D:\\GitHub\\Edu\\Edu\\root\\Dashboard\\details.php on line 101, referer: http://localhost:8081/dashboard/assignments.php?name=SwenKind&timestamp=1470247572
[Thu Aug 04 00:42:09.937319 2016] [:error] [pid 8:tid 1220] [client ::1:36112] PHP Notice:  Undefined variable: age in D:\\GitHub\\Edu\\Edu\\root\\Dashboard\\details.php on line 101, referer: http://localhost:8081/dashboard/
[Thu Aug 04 00:42:09.965483 2016] [:error] [pid 8:tid 1220] [client ::1:36112] PHP Notice:  Undefined variable: age in D:\\GitHub\\Edu\\Edu\\root\\Dashboard\\details.php on line 101, referer: http://localhost:8081/dashboard/
[Thu Aug 04 00:42:28.752722 2016] [:error] [pid 8:tid 1224] [client ::1:36130] PHP Notice:  Undefined variable: age in D:\\GitHub\\Edu\\Edu\\root\\Dashboard\\details.php on line 101, referer: http://localhost:8081/dashboard/assignments.php?name=SwenKind&timestamp=1470264112
[Thu Aug 04 00:42:28.798775 2016] [:error] [pid 8:tid 1224] [client ::1:36130] PHP Notice:  Undefined variable: age in D:\\GitHub\\Edu\\Edu\\root\\Dashboard\\details.php on line 101, referer: http://localhost:8081/dashboard/assignments.php?name=SwenKind&timestamp=1470264112
[Thu Aug 04 00:43:37.339472 2016] [:error] [pid 8:tid 1208] [client ::1:36198] PHP Notice:  Undefined variable: age in D:\\GitHub\\Edu\\Edu\\root\\Dashboard\\details.php on line 101, referer: http://localhost:8081/dashboard/assignments.php?name=SwenKind&timestamp=1470264112
[Thu Aug 04 00:43:37.383830 2016] [:error] [pid 8:tid 1204] [client ::1:36202] PHP Notice:  Undefined variable: age in D:\\GitHub\\Edu\\Edu\\root\\Dashboard\\details.php on line 101, referer: http://localhost:8081/dashboard/assignments.php?name=SwenKind&timestamp=1470264112
[Thu Aug 04 00:43:48.128742 2016] [:error] [pid 8:tid 1204] [client ::1:36203] PHP Notice:  Undefined variable: age in D:\\GitHub\\Edu\\Edu\\root\\Dashboard\\details.php on line 101, referer: http://localhost:8081/dashboard/assignments.php?name=SwenKind&timestamp=1470264112
[Thu Aug 04 00:43:48.176842 2016] [:error] [pid 8:tid 1208] [client ::1:36213] PHP Notice:  Undefined variable: age in D:\\GitHub\\Edu\\Edu\\root\\Dashboard\\details.php on line 101, referer: http://localhost:8081/dashboard/assignments.php?name=SwenKind&timestamp=1470264112
[Thu Aug 04 00:50:57.837918 2016] [:error] [pid 8:tid 1224] [client ::1:36612] PHP Notice:  Undefined variable: age in D:\\GitHub\\Edu\\Edu\\root\\Dashboard\\details.php on line 101, referer: http://localhost:8081/dashboard/assignments.php?name=SwenKind&timestamp=1470249115
[Thu Aug 04 00:50:57.891684 2016] [:error] [pid 8:tid 1224] [client ::1:36612] PHP Notice:  Undefined variable: age in D:\\GitHub\\Edu\\Edu\\root\\Dashboard\\details.php on line 101, referer: http://localhost:8081/dashboard/assignments.php?name=SwenKind&timestamp=1470249115
[Thu Aug 04 00:51:08.936273 2016] [:error] [pid 8:tid 1224] [client ::1:36614] PHP Notice:  Undefined variable: age in D:\\GitHub\\Edu\\Edu\\root\\Dashboard\\details.php on line 101, referer: http://localhost:8081/dashboard/assignments.php?name=SwenKind&timestamp=1470264112
[Thu Aug 04 00:51:08.980824 2016] [:error] [pid 8:tid 1224] [client ::1:36614] PHP Notice:  Undefined variable: age in D:\\GitHub\\Edu\\Edu\\root\\Dashboard\\details.php on line 101, referer: http://localhost:8081/dashboard/assignments.php?name=SwenKind&timestamp=1470264112
[Thu Aug 04 00:53:29.184979 2016] [:error] [pid 8:tid 1220] [client ::1:36722] PHP Notice:  Undefined variable: age in D:\\GitHub\\Edu\\Edu\\root\\Dashboard\\details.php on line 101, referer: http://localhost:8081/dashboard/assignments.php?name=SwenKind&timestamp=1470264112
[Thu Aug 04 00:53:29.231845 2016] [:error] [pid 8:tid 1204] [client ::1:36726] PHP Notice:  Undefined variable: age in D:\\GitHub\\Edu\\Edu\\root\\Dashboard\\details.php on line 101, referer: http://localhost:8081/dashboard/assignments.php?name=SwenKind&timestamp=1470264112
[Thu Aug 04 00:54:39.498153 2016] [:error] [pid 8:tid 1204] [client ::1:36775] PHP Notice:  Undefined variable: age in D:\\GitHub\\Edu\\Edu\\root\\Dashboard\\details.php on line 101, referer: http://localhost:8081/dashboard/assignments.php?name=SwenKind&timestamp=1470264112
[Thu Aug 04 00:54:39.546704 2016] [:error] [pid 8:tid 1220] [client ::1:36779] PHP Notice:  Undefined variable: age in D:\\GitHub\\Edu\\Edu\\root\\Dashboard\\details.php on line 101, referer: http://localhost:8081/dashboard/assignments.php?name=SwenKind&timestamp=1470264112
[Thu Aug 04 00:59:58.938322 2016] [:error] [pid 8:tid 1204] [client ::1:37064] PHP Notice:  Undefined variable: age in D:\\GitHub\\Edu\\Edu\\root\\Dashboard\\details.php on line 101, referer: http://localhost:8081/dashboard/index.php
[Thu Aug 04 00:59:58.991373 2016] [:error] [pid 8:tid 1204] [client ::1:37064] PHP Notice:  Undefined variable: age in D:\\GitHub\\Edu\\Edu\\root\\Dashboard\\details.php on line 101, referer: http://localhost:8081/dashboard/index.php
[Thu Aug 04 01:00:24.665163 2016] [:error] [pid 8:tid 1204] [client ::1:37084] PHP Notice:  Undefined variable: age in D:\\GitHub\\Edu\\Edu\\root\\Dashboard\\details.php on line 101, referer: http://localhost:8081/dashboard/index.php
[Thu Aug 04 01:00:24.718648 2016] [:error] [pid 8:tid 1208] [client ::1:37088] PHP Notice:  Undefined variable: age in D:\\GitHub\\Edu\\Edu\\root\\Dashboard\\details.php on line 101, referer: http://localhost:8081/dashboard/index.php
[Thu Aug 04 01:00:30.076585 2016] [:error] [pid 8:tid 1208] [client ::1:37093] PHP Notice:  Undefined variable: age in D:\\GitHub\\Edu\\Edu\\root\\Dashboard\\details.php on line 101, referer: http://localhost:8081/dashboard/index.php
[Thu Aug 04 01:00:30.124973 2016] [:error] [pid 8:tid 1204] [client ::1:37097] PHP Notice:  Undefined variable: age in D:\\GitHub\\Edu\\Edu\\root\\Dashboard\\details.php on line 101, referer: http://localhost:8081/dashboard/index.php
[Thu Aug 04 01:02:32.296448 2016] [:error] [pid 8:tid 1220] [client ::1:37188] PHP Notice:  Undefined variable: age in D:\\GitHub\\Edu\\Edu\\root\\Dashboard\\details.php on line 101, referer: http://localhost:8081/dashboard/index.php
[Thu Aug 04 01:02:32.344933 2016] [:error] [pid 8:tid 1220] [client ::1:37188] PHP Notice:  Undefined variable: age in D:\\GitHub\\Edu\\Edu\\root\\Dashboard\\details.php on line 101, referer: http://localhost:8081/dashboard/index.php
[Thu Aug 04 01:23:31.269880 2016] [:error] [pid 8:tid 1220] [client ::1:38281] PHP Notice:  Undefined variable: age in D:\\GitHub\\Edu\\Edu\\root\\Dashboard\\details.php on line 101, referer: http://localhost:8081/dashboard/
[Thu Aug 04 01:23:31.323883 2016] [:error] [pid 8:tid 1220] [client ::1:38281] PHP Notice:  Undefined variable: age in D:\\GitHub\\Edu\\Edu\\root\\Dashboard\\details.php on line 101, referer: http://localhost:8081/dashboard/
[Thu Aug 04 01:23:37.549360 2016] [:error] [pid 8:tid 1220] [client ::1:38281] PHP Notice:  Undefined variable: age in D:\\GitHub\\Edu\\Edu\\root\\Dashboard\\details.php on line 101, referer: http://localhost:8081/dashboard/index.php
[Thu Aug 04 01:23:37.593937 2016] [:error] [pid 8:tid 1220] [client ::1:38281] PHP Notice:  Undefined variable: age in D:\\GitHub\\Edu\\Edu\\root\\Dashboard\\details.php on line 101, referer: http://localhost:8081/dashboard/index.php
[Thu Aug 04 01:23:46.331795 2016] [:error] [pid 8:tid 1220] [client ::1:38283] PHP Notice:  Undefined variable: age in D:\\GitHub\\Edu\\Edu\\root\\Dashboard\\details.php on line 101, referer: http://localhost:8081/dashboard/index.php
[Thu Aug 04 01:23:46.360150 2016] [:error] [pid 8:tid 1220] [client ::1:38283] PHP Notice:  Undefined variable: age in D:\\GitHub\\Edu\\Edu\\root\\Dashboard\\details.php on line 101, referer: http://localhost:8081/dashboard/index.php
[Thu Aug 04 01:24:14.804120 2016] [:error] [pid 8:tid 1220] [client ::1:38332] PHP Notice:  Undefined variable: age in D:\\GitHub\\Edu\\Edu\\root\\Dashboard\\details.php on line 101, referer: http://localhost:8081/dashboard/assignments.php?name=SwenKind&timestamp=1470264112
[Thu Aug 04 01:24:14.851416 2016] [:error] [pid 8:tid 1220] [client ::1:38332] PHP Notice:  Undefined variable: age in D:\\GitHub\\Edu\\Edu\\root\\Dashboard\\details.php on line 101, referer: http://localhost:8081/dashboard/assignments.php?name=SwenKind&timestamp=1470264112
[Thu Aug 04 01:24:48.530544 2016] [:error] [pid 8:tid 1216] [client ::1:38375] PHP Notice:  Undefined variable: age in D:\\GitHub\\Edu\\Edu\\root\\Dashboard\\details.php on line 103, referer: http://localhost:8081/dashboard/assignments.php?name=SwenKind&timestamp=1470264112
[Thu Aug 04 01:24:48.577099 2016] [:error] [pid 8:tid 1204] [client ::1:38379] PHP Notice:  Undefined variable: age in D:\\GitHub\\Edu\\Edu\\root\\Dashboard\\details.php on line 103, referer: http://localhost:8081/dashboard/assignments.php?name=SwenKind&timestamp=1470264112
[Thu Aug 04 01:24:52.917088 2016] [:error] [pid 8:tid 1204] [client ::1:38379] PHP Notice:  Undefined variable: age in D:\\GitHub\\Edu\\Edu\\root\\Dashboard\\details.php on line 103, referer: http://localhost:8081/dashboard/assignments.php?name=SwenKind&timestamp=1470264112
[Thu Aug 04 01:24:52.969380 2016] [:error] [pid 8:tid 1204] [client ::1:38379] PHP Notice:  Undefined variable: age in D:\\GitHub\\Edu\\Edu\\root\\Dashboard\\details.php on line 103, referer: http://localhost:8081/dashboard/assignments.php?name=SwenKind&timestamp=1470264112
[Thu Aug 04 01:25:30.562549 2016] [:error] [pid 8:tid 1204] [client ::1:38421] PHP Notice:  Undefined variable: age in D:\\GitHub\\Edu\\Edu\\root\\Dashboard\\details.php on line 103, referer: http://localhost:8081/dashboard/assignments.php?name=SwenKind&timestamp=1470264112
[Thu Aug 04 01:25:30.608023 2016] [:error] [pid 8:tid 1216] [client ::1:38425] PHP Notice:  Undefined variable: age in D:\\GitHub\\Edu\\Edu\\root\\Dashboard\\details.php on line 103, referer: http://localhost:8081/dashboard/assignments.php?name=SwenKind&timestamp=1470264112
[Thu Aug 04 01:28:30.476557 2016] [:error] [pid 8:tid 1216] [client ::1:38556] PHP Notice:  Undefined variable: studentName in D:\\GitHub\\Edu\\Edu\\root\\Dashboard\\details.php on line 104, referer: http://localhost:8081/dashboard/assignments.php?name=SwenKind&timestamp=1470264112
[Thu Aug 04 01:28:30.476557 2016] [:error] [pid 8:tid 1216] [client ::1:38556] PHP Notice:  Undefined index: timestamp in D:\\GitHub\\Edu\\Edu\\root\\Dashboard\\details.php on line 105, referer: http://localhost:8081/dashboard/assignments.php?name=SwenKind&timestamp=1470264112
[Thu Aug 04 01:28:30.536218 2016] [:error] [pid 8:tid 1216] [client ::1:38556] PHP Notice:  Undefined variable: studentName in D:\\GitHub\\Edu\\Edu\\root\\Dashboard\\details.php on line 104, referer: http://localhost:8081/dashboard/assignments.php?name=SwenKind&timestamp=1470264112
[Thu Aug 04 01:28:30.536218 2016] [:error] [pid 8:tid 1216] [client ::1:38556] PHP Notice:  Undefined index: timestamp in D:\\GitHub\\Edu\\Edu\\root\\Dashboard\\details.php on line 105, referer: http://localhost:8081/dashboard/assignments.php?name=SwenKind&timestamp=1470264112
[Thu Aug 04 01:28:54.246335 2016] [:error] [pid 8:tid 1220] [client ::1:38578] PHP Notice:  Undefined variable: studentName in D:\\GitHub\\Edu\\Edu\\root\\Dashboard\\details.php on line 104, referer: http://localhost:8081/dashboard/assignments.php?name=SwenKind&timestamp=1470264112
[Thu Aug 04 01:28:54.290718 2016] [:error] [pid 8:tid 1204] [client ::1:38582] PHP Notice:  Undefined variable: studentName in D:\\GitHub\\Edu\\Edu\\root\\Dashboard\\details.php on line 104, referer: http://localhost:8081/dashboard/assignments.php?name=SwenKind&timestamp=1470264112
